

Microchip MPLAB XC8 Assembler V2.41 build 20230208172133 
                                                                                               Wed Aug 02 14:12:25 2023

Microchip MPLAB XC8 C Compiler v2.41 (Free license) build 20230208172133 Og1 
     1                           	processor	18F15Q40
     2                           	fnconf	rparam,??,?,0
     3                           	pagewidth 120
     4                           	opt	flic
     5                           	psect	cinit,global,reloc=2,class=CODE,delta=1
     6                           	psect	bssCOMRAM,global,class=COMRAM,space=1,delta=1,lowdata,noexec
     7                           	psect	cstackCOMRAM,global,class=COMRAM,space=1,delta=1,lowdata,noexec
     8                           	psect	text0,global,reloc=2,class=CODE,delta=1
     9                           	psect	text1,global,reloc=2,class=CODE,delta=1
    10                           	psect	text2,global,reloc=2,class=CODE,delta=1
    11                           	psect	text3,global,reloc=2,class=CODE,delta=1
    12                           	psect	text4,global,reloc=4,class=CODE,delta=1
    13                           	psect	text5,global,reloc=2,class=CODE,delta=1
    14                           	psect	text6,global,reloc=2,class=CODE,delta=1
    15                           	psect	ivt0x8,global,reloc=2,class=CODE,delta=1,noexec,keep,optim=
    16                           	psect	intsave_regs,global,class=BIGRAM,space=1,delta=1,noexec
    17                           	psect	rparam,global,class=COMRAM,space=1,delta=1,noexec
    18   000000                     
    19                           ; Generated 23/03/2023 GMT
    20                           ; 
    21                           ; Copyright © 2023, Microchip Technology Inc. and its subsidiaries ("Microchip")
    22                           ; All rights reserved.
    23                           ; 
    24                           ; This software is developed by Microchip Technology Inc. and its subsidiaries ("Microch
      +                          ip").
    25                           ; 
    26                           ; Redistribution and use in source and binary forms, with or without modification, are
    27                           ; permitted provided that the following conditions are met:
    28                           ; 
    29                           ;     1. Redistributions of source code must retain the above copyright notice, this lis
      +                          t of
    30                           ;        conditions and the following disclaimer.
    31                           ; 
    32                           ;     2. Redistributions in binary form must reproduce the above copyright notice, this 
      +                          list
    33                           ;        of conditions and the following disclaimer in the documentation and/or other
    34                           ;        materials provided with the distribution. Publication is not required when
    35                           ;        this file is used in an embedded application.
    36                           ; 
    37                           ;     3. Microchip's name may not be used to endorse or promote products derived from th
      +                          is
    38                           ;        software without specific prior written permission.
    39                           ; 
    40                           ; THIS SOFTWARE IS PROVIDED BY MICROCHIP "AS IS" AND ANY EXPRESS OR IMPLIED WARRANTIES,
    41                           ; INCLUDING, BUT NOT LIMITED TO, THE IMPLIED WARRANTIES OF MERCHANTABILITY AND FITNESS F
      +                          OR
    42                           ; PURPOSE ARE DISCLAIMED.  IN NO EVENT SHALL MICROCHIP BE LIABLE FOR ANY DIRECT, INDIREC
      +                          T,
    43                           ; INCIDENTAL, SPECIAL, EXEMPLARY, OR CONSEQUENTIAL DAMAGES (INCLUDING BUT NOT LIMITED TO
    44                           ; PROCUREMENT OF SUBSTITUTE GOODS OR SERVICES; LOSS OF USE, DATA OR PROFITS; OR BUSINESS
    45                           ; INTERRUPTION) HOWSOEVER CAUSED AND ON ANY THEORY OF LIABILITY, WHETHER IN CONTRACT, ST
      +                          RICT
    46                           ; LIABILITY, OR TORT (INCLUDING NEGLIGENCE OR OTHERWISE) ARISING IN ANY WAY OUT OF THE U
      +                          SE OF
    47                           ; THIS SOFTWARE, EVEN IF ADVISED OF THE POSSIBILITY OF SUCH DAMAGE.
    48                           ; 
    49                           ; 
    50                           ; Code-generator required, PIC18F15Q40 Definitions
    51                           ; 
    52                           ; SFR Addresses
    53   000000                     _I2C1STAT1bits	set	665
    54   000000                     _I2C1BAUD	set	669
    55   000000                     _I2C1CLK	set	670
    56   000000                     _I2C1BTObits	set	668
    57   000000                     _I2C1BTOC	set	671
    58   000000                     _I2C1PIR	set	666
    59   000000                     _RB7PPS	set	528
    60   000000                     _RC0PPS	set	529
    61   000000                     _I2C1CON0bits	set	660
    62   000000                     _I2C1STAT0bits	set	664
    63   000000                     _I2C1PIRbits	set	666
    64   000000                     _I2C1PIEbits	set	667
    65   000000                     _I2C1CON2bits	set	662
    66   000000                     _I2C1CON1bits	set	661
    67   000000                     _ANSELCbits	set	1040
    68   000000                     _TRISCbits	set	1224
    69   000000                     _INTCON0bits	set	1238
    70   000000                     _ODCONCbits	set	1042
    71   000000                     _PWM1ERS	set	1120
    72   000000                     _PIE7bits	set	1199
    73   000000                     _PIR7bits	set	1210
    74   000000                     _RC3PPS	set	532
    75   000000                     _RC4PPS	set	533
    76   000000                     _I2C1SDAPPS	set	624
    77   000000                     _RC1PPS	set	530
    78   000000                     _I2C1RXB	set	650
    79   000000                     _I2C1ADR0	set	656
    80   000000                     _I2C1SCLPPS	set	625
    81   000000                     _IPR7bits	set	878
    82   000000                     _TRISBbits	set	1223
    83   000000                     _I2C1CNTL	set	652
    84   000000                     _RC6PPS	set	535
    85   000000                     _RC7PPS	set	536
    86   000000                     _PWM1PR	set	1123
    87   000000                     _PWM1CLK	set	1121
    88   000000                     _PWM1GIE	set	1128
    89   000000                     _PWM1CPRE	set	1125
    90   000000                     _PWM2PR	set	1138
    91   000000                     _PWM1S1P2	set	1133
    92   000000                     _PWM1S1P1	set	1131
    93   000000                     _PWM2CLK	set	1136
    94   000000                     _PWM2ERS	set	1135
    95   000000                     _PWM1S1CFGbits	set	1130
    96   000000                     _PWM1CONbits	set	1129
    97   000000                     _PWM2GIE	set	1143
    98   000000                     _PWM2CPRE	set	1140
    99   000000                     _PWM2S1P1	set	1146
   100   000000                     _PWM3ERS	set	1150
   101   000000                     _PWM2S1CFGbits	set	1145
   102   000000                     _PWM2CONbits	set	1144
   103   000000                     _PWM3PR	set	1153
   104   000000                     _PWM3CLK	set	1151
   105   000000                     _PWM3GIE	set	1158
   106   000000                     _PWM3CPRE	set	1155
   107   000000                     _PWM3S1P2	set	1163
   108   000000                     _PWM3S1P1	set	1161
   109   000000                     _PWM3S1CFGbits	set	1160
   110   000000                     _PWM3CONbits	set	1159
   111                           
   112                           ; #config settings
   113                           
   114                           	psect	cinit
   115   000408                     __pcinit:
   116                           	callstack 0
   117   000408                     start_initialization:
   118                           	callstack 0
   119   000408                     __initialization:
   120                           	callstack 0
   121                           
   122                           ; Clear objects allocated to COMRAM (3 bytes)
   123   000408  6A1A               	clrf	(__pbssCOMRAM+2)& (0+255),c
   124   00040A  6A19               	clrf	(__pbssCOMRAM+1)& (0+255),c
   125   00040C  6A18               	clrf	__pbssCOMRAM& (0+255),c
   126                           
   127                           ;
   128                           ; Setup IVTBASE
   129                           ;
   130   00040E  0104               	movlb	4
   131   000410  0E08               	movlw	(ivt0x8_base shr 0)& (0+255)
   132   000412  6F5D               	movwf	93,b
   133   000414  0E00               	movlw	(ivt0x8_base shr (0+8))& (0+255)
   134   000416  6F5E               	movwf	94,b
   135   000418  0E00               	movlw	(ivt0x8_base shr (0+16))& (0+255)
   136   00041A  6F5F               	movwf	95,b
   137   00041C                     end_of_initialization:
   138                           	callstack 0
   139   00041C                     __end_of__initialization:
   140                           	callstack 0
   141   00041C  0100               	movlb	0
   142   00041E  EF1E  F002         	goto	_main	;jump to C main() function
   143                           
   144                           	psect	bssCOMRAM
   145   000518                     __pbssCOMRAM:
   146                           	callstack 0
   147   000518                     _i2cBuffer:
   148                           	callstack 0
   149   000518                     	ds	3
   150                           
   151                           	psect	cstackCOMRAM
   152   000501                     __pcstackCOMRAM:
   153                           	callstack 0
   154   000501                     setPWM@address:
   155                           	callstack 0
   156                           
   157                           ; 2 bytes @ 0x0
   158   000501                     	ds	2
   159   000503                     setPWM@duty_cycle:
   160                           	callstack 0
   161                           
   162                           ; 1 bytes @ 0x2
   163   000503                     	ds	1
   164   000504                     ??_setPWM:
   165                           
   166                           ; 1 bytes @ 0x3
   167   000504                     	ds	3
   168   000507                     setPWM@pDutyReg:
   169                           	callstack 0
   170                           
   171                           ; 2 bytes @ 0x6
   172   000507                     	ds	2
   173   000509                     setPWM@conReg:
   174                           	callstack 0
   175                           
   176                           ; 2 bytes @ 0x8
   177   000509                     	ds	2
   178   00050B                     setPWM@pConReg:
   179                           	callstack 0
   180                           
   181                           ; 2 bytes @ 0xA
   182   00050B                     	ds	2
   183   00050D                     setPWM@temp:
   184                           	callstack 0
   185                           
   186                           ; 2 bytes @ 0xC
   187   00050D                     	ds	2
   188   00050F                     ??_i2cStart:
   189                           
   190                           ; 1 bytes @ 0xE
   191   00050F                     	ds	2
   192   000511                     i2cStart@address:
   193                           	callstack 0
   194                           
   195                           ; 2 bytes @ 0x10
   196   000511                     	ds	2
   197   000513                     i2cStart@index:
   198                           	callstack 0
   199                           
   200                           ; 2 bytes @ 0x12
   201   000513                     	ds	2
   202   000515                     i2cStart@timeout:
   203                           	callstack 0
   204                           
   205                           ; 2 bytes @ 0x14
   206   000515                     	ds	2
   207   000517                     ??_configI2C:
   208   000517                     
   209                           ; 1 bytes @ 0x16
   210   000517                     	ds	1
   211   000518                     
   212                           ; 1 bytes @ 0x17
   213 ;;
   214 ;;Main: autosize = 0, tempsize = 0, incstack = 0, save=0
   215 ;;
   216 ;; *************** function _main *****************
   217 ;; Defined at:
   218 ;;		line 248 in file "main.c"
   219 ;; Parameters:    Size  Location     Type
   220 ;;		None
   221 ;; Auto vars:     Size  Location     Type
   222 ;;		None
   223 ;; Return value:  Size  Location     Type
   224 ;;                  1    wreg      void 
   225 ;; Registers used:
   226 ;;		wreg, status,2, cstack
   227 ;; Tracked objects:
   228 ;;		On entry : 0/0
   229 ;;		On exit  : 0/0
   230 ;;		Unchanged: 0/0
   231 ;; Data sizes:     COMRAM   BANK5   BANK6   BANK7   BANK8   BANK9  BANK10  BANK11  BANK12
   232 ;;      Params:         0       0       0       0       0       0       0       0       0
   233 ;;      Locals:         0       0       0       0       0       0       0       0       0
   234 ;;      Temps:          0       0       0       0       0       0       0       0       0
   235 ;;      Totals:         0       0       0       0       0       0       0       0       0
   236 ;;Total ram usage:        0 bytes
   237 ;; Hardware stack levels required when called: 4
   238 ;; This function calls:
   239 ;;		_PWMsetup
   240 ;;		_configI2C
   241 ;;		_loop
   242 ;; This function is called by:
   243 ;;		Startup code after reset
   244 ;; This function uses a non-reentrant model
   245 ;;
   246                           
   247                           	psect	text0
   248   00043C                     __ptext0:
   249                           	callstack 0
   250   00043C                     _main:
   251                           	callstack 123
   252   00043C                     
   253                           ;main.c: 249:     PWMsetup();
   254   00043C  EC5A  F001         	call	_PWMsetup	;wreg free
   255                           
   256                           ;main.c: 250:     configI2C();
   257   000440  ECBD  F001         	call	_configI2C	;wreg free
   258   000444                     l163:
   259                           
   260                           ;main.c: 252:         loop();
   261   000444  EC28  F002         	call	_loop	;wreg free
   262   000448  EF22  F002         	goto	l163
   263   00044C  EF5D  F000         	goto	start
   264   000450                     __end_of_main:
   265                           	callstack 0
   266                           
   267 ;; *************** function _loop *****************
   268 ;; Defined at:
   269 ;;		line 244 in file "main.c"
   270 ;; Parameters:    Size  Location     Type
   271 ;;		None
   272 ;; Auto vars:     Size  Location     Type
   273 ;;		None
   274 ;; Return value:  Size  Location     Type
   275 ;;                  1    wreg      void 
   276 ;; Registers used:
   277 ;;		wreg, status,2
   278 ;; Tracked objects:
   279 ;;		On entry : 0/0
   280 ;;		On exit  : 0/0
   281 ;;		Unchanged: 0/0
   282 ;; Data sizes:     COMRAM   BANK5   BANK6   BANK7   BANK8   BANK9  BANK10  BANK11  BANK12
   283 ;;      Params:         0       0       0       0       0       0       0       0       0
   284 ;;      Locals:         0       0       0       0       0       0       0       0       0
   285 ;;      Temps:          0       0       0       0       0       0       0       0       0
   286 ;;      Totals:         0       0       0       0       0       0       0       0       0
   287 ;;Total ram usage:        0 bytes
   288 ;; Hardware stack levels used: 1
   289 ;; Hardware stack levels required when called: 3
   290 ;; This function calls:
   291 ;;		Nothing
   292 ;; This function is called by:
   293 ;;		_main
   294 ;; This function uses a non-reentrant model
   295 ;;
   296                           
   297                           	psect	text1
   298   000450                     __ptext1:
   299                           	callstack 0
   300   000450                     _loop:
   301                           	callstack 123
   302   000450                     
   303                           ;main.c: 245:     I2C1CNTL = 0x03;
   304   000450  0E03               	movlw	3
   305   000452  0102               	movlb	2	; () banked
   306   000454  6F8C               	movwf	140,b	;volatile
   307   000456                     
   308                           ; BSR set to: 2
   309   000456  0012               	return		;funcret
   310   000458                     __end_of_loop:
   311                           	callstack 0
   312                           
   313 ;; *************** function _configI2C *****************
   314 ;; Defined at:
   315 ;;		line 45 in file "main.c"
   316 ;; Parameters:    Size  Location     Type
   317 ;;		None
   318 ;; Auto vars:     Size  Location     Type
   319 ;;		None
   320 ;; Return value:  Size  Location     Type
   321 ;;                  1    wreg      void 
   322 ;; Registers used:
   323 ;;		wreg, status,2
   324 ;; Tracked objects:
   325 ;;		On entry : 0/0
   326 ;;		On exit  : 0/0
   327 ;;		Unchanged: 0/0
   328 ;; Data sizes:     COMRAM   BANK5   BANK6   BANK7   BANK8   BANK9  BANK10  BANK11  BANK12
   329 ;;      Params:         0       0       0       0       0       0       0       0       0
   330 ;;      Locals:         0       0       0       0       0       0       0       0       0
   331 ;;      Temps:          1       0       0       0       0       0       0       0       0
   332 ;;      Totals:         1       0       0       0       0       0       0       0       0
   333 ;;Total ram usage:        1 bytes
   334 ;; Hardware stack levels used: 1
   335 ;; Hardware stack levels required when called: 3
   336 ;; This function calls:
   337 ;;		Nothing
   338 ;; This function is called by:
   339 ;;		_main
   340 ;; This function uses a non-reentrant model
   341 ;;
   342                           
   343                           	psect	text2
   344   00037A                     __ptext2:
   345                           	callstack 0
   346   00037A                     _configI2C:
   347                           	callstack 123
   348   00037A                     
   349                           ;main.c: 46:     I2C1CON0bits.EN = 0;
   350   00037A  0102               	movlb	2	; () banked
   351   00037C  9F94               	bcf	148,7,b	;volatile
   352                           
   353                           ;main.c: 52:     TRISCbits.TRISC0 = 0;
   354   00037E  90C8               	bcf	200,0,c	;volatile
   355                           
   356                           ;main.c: 53:     TRISCbits.TRISC1 = 0;
   357   000380  92C8               	bcf	200,1,c	;volatile
   358                           
   359                           ;main.c: 56:     ANSELCbits.ANSELC0 = 0;
   360   000382  0104               	movlb	4	; () banked
   361   000384  9110               	bcf	16,0,b	;volatile
   362                           
   363                           ;main.c: 57:     ANSELCbits.ANSELC1 = 0;
   364   000386  9310               	bcf	16,1,b	;volatile
   365                           
   366                           ;main.c: 60:     ODCONCbits.ODCC0 = 1;
   367   000388  8112               	bsf	18,0,b	;volatile
   368                           
   369                           ;main.c: 61:     ODCONCbits.ODCC1 = 1;
   370   00038A  8312               	bsf	18,1,b	;volatile
   371   00038C                     
   372                           ; BSR set to: 4
   373                           ;main.c: 64:     RC0PPS = 0x22;
   374   00038C  0E22               	movlw	34
   375   00038E  0102               	movlb	2	; () banked
   376   000390  6F11               	movwf	17,b	;volatile
   377                           
   378                           ;main.c: 65:     RC1PPS = 0x21;
   379   000392  0E21               	movlw	33
   380   000394  6F12               	movwf	18,b	;volatile
   381                           
   382                           ;main.c: 68:     I2C1SDAPPS = 0b010000;
   383   000396  0E10               	movlw	16
   384   000398  6F70               	movwf	112,b	;volatile
   385                           
   386                           ;main.c: 69:     I2C1SCLPPS = 0b010001;
   387   00039A  0E11               	movlw	17
   388   00039C  6F71               	movwf	113,b	;volatile
   389                           
   390                           ;main.c: 72:     I2C1CON0bits.MODE = 0b000;
   391   00039E  0EF8               	movlw	-8
   392   0003A0  1794               	andwf	148,f,b	;volatile
   393   0003A2                     
   394                           ; BSR set to: 2
   395                           ;main.c: 73:     I2C1CON0bits.CSTR = 0;
   396   0003A2  9994               	bcf	148,4,b	;volatile
   397   0003A4                     
   398                           ; BSR set to: 2
   399                           ;main.c: 75:     I2C1CON1bits.CSD = 0;
   400   0003A4  9195               	bcf	149,0,b	;volatile
   401   0003A6                     
   402                           ; BSR set to: 2
   403                           ;main.c: 77:     I2C1CON2bits.ACNT = 0;
   404   0003A6  9F96               	bcf	150,7,b	;volatile
   405   0003A8                     
   406                           ; BSR set to: 2
   407                           ;main.c: 78:     I2C1CON2bits.GCEN = 1;
   408   0003A8  8D96               	bsf	150,6,b	;volatile
   409   0003AA                     
   410                           ; BSR set to: 2
   411                           ;main.c: 79:     I2C1CON2bits.ABD = 0;
   412   0003AA  9996               	bcf	150,4,b	;volatile
   413                           
   414                           ;main.c: 80:     I2C1CON2bits.SDAHT = 0b00;
   415   0003AC  0EF3               	movlw	-13
   416   0003AE  1796               	andwf	150,f,b	;volatile
   417   0003B0                     
   418                           ; BSR set to: 2
   419                           ;main.c: 82:     I2C1PIEbits.CNT1IE = 0;
   420   0003B0  9F9B               	bcf	155,7,b	;volatile
   421   0003B2                     
   422                           ; BSR set to: 2
   423                           ;main.c: 83:     I2C1PIEbits.ACKTIE = 0;
   424   0003B2  9D9B               	bcf	155,6,b	;volatile
   425   0003B4                     
   426                           ; BSR set to: 2
   427                           ;main.c: 84:     I2C1PIEbits.WRIE = 0;
   428   0003B4  999B               	bcf	155,4,b	;volatile
   429   0003B6                     
   430                           ; BSR set to: 2
   431                           ;main.c: 85:     I2C1PIEbits.ADRIE = 1;
   432   0003B6  879B               	bsf	155,3,b	;volatile
   433   0003B8                     
   434                           ; BSR set to: 2
   435                           ;main.c: 86:     I2C1PIEbits.PCIE = 0;
   436   0003B8  959B               	bcf	155,2,b	;volatile
   437   0003BA                     
   438                           ; BSR set to: 2
   439                           ;main.c: 87:     I2C1PIEbits.RSCIE = 0;
   440   0003BA  939B               	bcf	155,1,b	;volatile
   441   0003BC                     
   442                           ; BSR set to: 2
   443                           ;main.c: 88:     I2C1PIEbits.SCIE = 1;
   444   0003BC  819B               	bsf	155,0,b	;volatile
   445   0003BE                     
   446                           ; BSR set to: 2
   447                           ;main.c: 91:     I2C1PIRbits.PCIF = 0;
   448   0003BE  959A               	bcf	154,2,b	;volatile
   449   0003C0                     
   450                           ; BSR set to: 2
   451                           ;main.c: 92:     I2C1PIRbits.SCIF = 0;
   452   0003C0  919A               	bcf	154,0,b	;volatile
   453   0003C2                     
   454                           ; BSR set to: 2
   455                           ;main.c: 93:     I2C1PIRbits.RSCIF = 0;
   456   0003C2  939A               	bcf	154,1,b	;volatile
   457                           
   458                           ;main.c: 95:     I2C1BTOC = 0x03;
   459   0003C4  0E03               	movlw	3
   460   0003C6  6F9F               	movwf	159,b	;volatile
   461   0003C8                     
   462                           ; BSR set to: 2
   463                           ;main.c: 96:     I2C1BTObits.TOREC = 1;
   464   0003C8  8F9C               	bsf	156,7,b	;volatile
   465   0003CA                     
   466                           ; BSR set to: 2
   467                           ;main.c: 97:     I2C1BTObits.TOBY32 = 0;
   468   0003CA  9D9C               	bcf	156,6,b	;volatile
   469                           
   470                           ;main.c: 98:     I2C1BTObits.TOTIME = 0x23;
   471   0003CC  519C               	movf	156,w,b	;volatile
   472   0003CE  0BC0               	andlw	-64
   473   0003D0  0923               	iorlw	35
   474   0003D2  6F9C               	movwf	156,b	;volatile
   475   0003D4                     
   476                           ; BSR set to: 2
   477                           ;main.c: 100:     I2C1ADR0 = 0xFF;
   478   0003D4  6990               	setf	144,b	;volatile
   479                           
   480                           ;main.c: 102:     I2C1CLK = 0b0011;
   481   0003D6  0E03               	movlw	3
   482   0003D8  6F9E               	movwf	158,b	;volatile
   483                           
   484                           ;main.c: 103:     I2C1BAUD = 0x04;
   485   0003DA  0E04               	movlw	4
   486   0003DC  6F9D               	movwf	157,b	;volatile
   487   0003DE                     
   488                           ; BSR set to: 2
   489                           ;main.c: 106:     INTCON0bits.GIE = 1;
   490   0003DE  8ED6               	bsf	214,7,c	;volatile
   491   0003E0                     
   492                           ; BSR set to: 2
   493                           ;main.c: 107:     INTCON0bits.IPEN = 1;
   494   0003E0  8AD6               	bsf	214,5,c	;volatile
   495   0003E2                     
   496                           ; BSR set to: 2
   497                           ;main.c: 110:     IPR7bits.I2C1IP = 1;
   498   0003E2  0103               	movlb	3	; () banked
   499   0003E4  856E               	bsf	110,2,b	;volatile
   500   0003E6                     
   501                           ; BSR set to: 3
   502                           ;main.c: 111:     PIR7bits.I2C1IF = 0;
   503   0003E6  94BA               	bcf	186,2,c	;volatile
   504   0003E8                     
   505                           ; BSR set to: 3
   506                           ;main.c: 112:     PIE7bits.I2C1IE = 1;
   507   0003E8  84AF               	bsf	175,2,c	;volatile
   508   0003EA                     
   509                           ; BSR set to: 3
   510                           ;main.c: 114:     I2C1PIRbits.PCIF = 0;
   511   0003EA  0102               	movlb	2	; () banked
   512   0003EC  959A               	bcf	154,2,b	;volatile
   513   0003EE                     
   514                           ; BSR set to: 2
   515                           ;main.c: 116:     I2C1CON0bits.EN = 1;
   516   0003EE  8F94               	bsf	148,7,b	;volatile
   517   0003F0                     
   518                           ; BSR set to: 2
   519                           ;main.c: 118:     _delay((unsigned long)((10)*(4000000/4000.0)));
   520   0003F0  0E0D               	movlw	13
   521   0003F2  6E17               	movwf	??_configI2C^(0+1280),c
   522   0003F4  0EFC               	movlw	252
   523   0003F6                     u237:
   524   0003F6  2EE8               	decfsz	wreg,f,c
   525   0003F8  D7FE               	bra	u237
   526   0003FA  2E17               	decfsz	??_configI2C^(0+1280),f,c
   527   0003FC  D7FC               	bra	u237
   528   0003FE                     
   529                           ;main.c: 120:     I2C1PIEbits.PCIE = 0;
   530   0003FE  0102               	movlb	2	; () banked
   531   000400  959B               	bcf	155,2,b	;volatile
   532   000402                     
   533                           ; BSR set to: 2
   534                           ;main.c: 121:     I2C1PIEbits.RSCIE = 1;
   535   000402  839B               	bsf	155,1,b	;volatile
   536   000404                     
   537                           ; BSR set to: 2
   538                           ;main.c: 122:     I2C1PIEbits.SCIE = 1;
   539   000404  819B               	bsf	155,0,b	;volatile
   540   000406                     
   541                           ; BSR set to: 2
   542   000406  0012               	return		;funcret
   543   000408                     __end_of_configI2C:
   544                           	callstack 0
   545                           
   546 ;; *************** function _PWMsetup *****************
   547 ;; Defined at:
   548 ;;		line 166 in file "main.c"
   549 ;; Parameters:    Size  Location     Type
   550 ;;		None
   551 ;; Auto vars:     Size  Location     Type
   552 ;;		None
   553 ;; Return value:  Size  Location     Type
   554 ;;                  1    wreg      void 
   555 ;; Registers used:
   556 ;;		wreg, status,2
   557 ;; Tracked objects:
   558 ;;		On entry : 0/0
   559 ;;		On exit  : 0/0
   560 ;;		Unchanged: 0/0
   561 ;; Data sizes:     COMRAM   BANK5   BANK6   BANK7   BANK8   BANK9  BANK10  BANK11  BANK12
   562 ;;      Params:         0       0       0       0       0       0       0       0       0
   563 ;;      Locals:         0       0       0       0       0       0       0       0       0
   564 ;;      Temps:          0       0       0       0       0       0       0       0       0
   565 ;;      Totals:         0       0       0       0       0       0       0       0       0
   566 ;;Total ram usage:        0 bytes
   567 ;; Hardware stack levels used: 1
   568 ;; Hardware stack levels required when called: 3
   569 ;; This function calls:
   570 ;;		Nothing
   571 ;; This function is called by:
   572 ;;		_main
   573 ;; This function uses a non-reentrant model
   574 ;;
   575                           
   576                           	psect	text3
   577   0002B4                     __ptext3:
   578                           	callstack 0
   579   0002B4                     _PWMsetup:
   580                           	callstack 123
   581   0002B4                     
   582                           ;main.c: 168:     TRISCbits.TRISC3 = 0;
   583   0002B4  96C8               	bcf	200,3,c	;volatile
   584                           
   585                           ;main.c: 169:     TRISCbits.TRISC4 = 0;
   586   0002B6  98C8               	bcf	200,4,c	;volatile
   587                           
   588                           ;main.c: 170:     TRISCbits.TRISC6 = 0;
   589   0002B8  9CC8               	bcf	200,6,c	;volatile
   590                           
   591                           ;main.c: 171:     TRISCbits.TRISC7 = 0;
   592   0002BA  9EC8               	bcf	200,7,c	;volatile
   593                           
   594                           ;main.c: 172:     TRISBbits.TRISB7 = 0;
   595   0002BC  9EC7               	bcf	199,7,c	;volatile
   596   0002BE                     
   597                           ;main.c: 175:     RC4PPS = 0x0E;
   598   0002BE  0E0E               	movlw	14
   599   0002C0  0102               	movlb	2	; () banked
   600   0002C2  6F15               	movwf	21,b	;volatile
   601                           
   602                           ;main.c: 176:     RC3PPS = 0x0F;
   603   0002C4  0E0F               	movlw	15
   604   0002C6  6F14               	movwf	20,b	;volatile
   605                           
   606                           ;main.c: 179:     RC6PPS = 0x0A;
   607   0002C8  0E0A               	movlw	10
   608   0002CA  6F17               	movwf	23,b	;volatile
   609                           
   610                           ;main.c: 180:     RC7PPS = 0x0B;
   611   0002CC  0E0B               	movlw	11
   612   0002CE  6F18               	movwf	24,b	;volatile
   613                           
   614                           ;main.c: 181:     RB7PPS = 0x0C;
   615   0002D0  0E0C               	movlw	12
   616   0002D2  6F10               	movwf	16,b	;volatile
   617                           
   618                           ;main.c: 184:     PWM1ERS = 0b0000;
   619   0002D4  0E00               	movlw	0
   620   0002D6  6E60               	movwf	96,c	;volatile
   621                           
   622                           ;main.c: 185:     PWM1CLK = 0b0010;
   623   0002D8  0E02               	movlw	2
   624   0002DA  6E61               	movwf	97,c	;volatile
   625                           
   626                           ;main.c: 187:     PWM1PR = 0x00C7;
   627   0002DC  0E00               	movlw	0
   628   0002DE  6E64               	movwf	100,c	;volatile
   629   0002E0  0EC7               	movlw	199
   630   0002E2  6E63               	movwf	99,c	;volatile
   631                           
   632                           ;main.c: 188:     PWM1CPRE = 0x00;
   633   0002E4  0E00               	movlw	0
   634   0002E6  6E65               	movwf	101,c	;volatile
   635                           
   636                           ;main.c: 189:     PWM1GIE = 0x00;
   637   0002E8  0E00               	movlw	0
   638   0002EA  6E68               	movwf	104,c	;volatile
   639   0002EC                     
   640                           ; BSR set to: 2
   641                           ;main.c: 190:     PWM1CONbits.LD = 1;
   642   0002EC  8469               	bsf	105,2,c	;volatile
   643   0002EE                     
   644                           ; BSR set to: 2
   645                           ;main.c: 193:     PWM1S1CFGbits.POL1 = 0;
   646   0002EE  9C6A               	bcf	106,6,c	;volatile
   647   0002F0                     
   648                           ; BSR set to: 2
   649                           ;main.c: 194:     PWM1S1CFGbits.POL2 = 0;
   650   0002F0  9E6A               	bcf	106,7,c	;volatile
   651   0002F2                     
   652                           ; BSR set to: 2
   653                           ;main.c: 196:     PWM1S1CFGbits.PPEN = 0;
   654   0002F2  966A               	bcf	106,3,c	;volatile
   655                           
   656                           ;main.c: 197:     PWM1S1CFGbits.MODE = 0b001;
   657   0002F4  506A               	movf	106,w,c	;volatile
   658   0002F6  0BF8               	andlw	-8
   659   0002F8  0901               	iorlw	1
   660   0002FA  6E6A               	movwf	106,c	;volatile
   661                           
   662                           ;main.c: 199:     PWM1S1P1 = 0x0000;
   663   0002FC  0E00               	movlw	0
   664   0002FE  6E6C               	movwf	108,c	;volatile
   665   000300  0E00               	movlw	0
   666   000302  6E6B               	movwf	107,c	;volatile
   667                           
   668                           ;main.c: 200:     PWM1S1P2 = 0x0000;
   669   000304  0E00               	movlw	0
   670   000306  6E6E               	movwf	110,c	;volatile
   671   000308  0E00               	movlw	0
   672   00030A  6E6D               	movwf	109,c	;volatile
   673                           
   674                           ;main.c: 203:     PWM2ERS = 0b0000;
   675   00030C  0E00               	movlw	0
   676   00030E  6E6F               	movwf	111,c	;volatile
   677                           
   678                           ;main.c: 204:     PWM2CLK = 0b0010;
   679   000310  0E02               	movlw	2
   680   000312  6E70               	movwf	112,c	;volatile
   681                           
   682                           ;main.c: 206:     PWM2PR = 0x00C7;
   683   000314  0E00               	movlw	0
   684   000316  6E73               	movwf	115,c	;volatile
   685   000318  0EC7               	movlw	199
   686   00031A  6E72               	movwf	114,c	;volatile
   687                           
   688                           ;main.c: 207:     PWM2CPRE = 0x00;
   689   00031C  0E00               	movlw	0
   690   00031E  6E74               	movwf	116,c	;volatile
   691                           
   692                           ;main.c: 208:     PWM2GIE = 0x00;
   693   000320  0E00               	movlw	0
   694   000322  6E77               	movwf	119,c	;volatile
   695   000324                     
   696                           ; BSR set to: 2
   697                           ;main.c: 209:     PWM2CONbits.LD = 1;
   698   000324  8478               	bsf	120,2,c	;volatile
   699   000326                     
   700                           ; BSR set to: 2
   701                           ;main.c: 212:     PWM2S1CFGbits.POL1 = 0;
   702   000326  9C79               	bcf	121,6,c	;volatile
   703   000328                     
   704                           ; BSR set to: 2
   705                           ;main.c: 214:     PWM1S1CFGbits.PPEN = 0;
   706   000328  966A               	bcf	106,3,c	;volatile
   707                           
   708                           ;main.c: 215:     PWM1S1CFGbits.MODE = 0b001;
   709   00032A  506A               	movf	106,w,c	;volatile
   710   00032C  0BF8               	andlw	-8
   711   00032E  0901               	iorlw	1
   712   000330  6E6A               	movwf	106,c	;volatile
   713                           
   714                           ;main.c: 217:     PWM2S1P1 = 0x0000;
   715   000332  0E00               	movlw	0
   716   000334  6E7B               	movwf	123,c	;volatile
   717   000336  0E00               	movlw	0
   718   000338  6E7A               	movwf	122,c	;volatile
   719                           
   720                           ;main.c: 220:     PWM3ERS = 0b0000;
   721   00033A  0E00               	movlw	0
   722   00033C  6E7E               	movwf	126,c	;volatile
   723                           
   724                           ;main.c: 221:     PWM3CLK = 0b0010;
   725   00033E  0E02               	movlw	2
   726   000340  6E7F               	movwf	127,c	;volatile
   727                           
   728                           ;main.c: 223:     PWM3PR = 0x00C7;
   729   000342  0E00               	movlw	0
   730   000344  6E82               	movwf	130,c	;volatile
   731   000346  0EC7               	movlw	199
   732   000348  6E81               	movwf	129,c	;volatile
   733                           
   734                           ;main.c: 224:     PWM3CPRE = 0x00;
   735   00034A  0E00               	movlw	0
   736   00034C  6E83               	movwf	131,c	;volatile
   737                           
   738                           ;main.c: 225:     PWM3GIE = 0x00;
   739   00034E  0E00               	movlw	0
   740   000350  6E86               	movwf	134,c	;volatile
   741   000352                     
   742                           ; BSR set to: 2
   743                           ;main.c: 226:     PWM3CONbits.LD = 1;
   744   000352  8487               	bsf	135,2,c	;volatile
   745   000354                     
   746                           ; BSR set to: 2
   747                           ;main.c: 229:     PWM3S1CFGbits.POL1 = 0;
   748   000354  9C88               	bcf	136,6,c	;volatile
   749   000356                     
   750                           ; BSR set to: 2
   751                           ;main.c: 230:     PWM3S1CFGbits.POL2 = 0;
   752   000356  9E88               	bcf	136,7,c	;volatile
   753   000358                     
   754                           ; BSR set to: 2
   755                           ;main.c: 232:     PWM3S1CFGbits.PPEN = 0;
   756   000358  9688               	bcf	136,3,c	;volatile
   757                           
   758                           ;main.c: 233:     PWM3S1CFGbits.MODE = 0b001;
   759   00035A  5088               	movf	136,w,c	;volatile
   760   00035C  0BF8               	andlw	-8
   761   00035E  0901               	iorlw	1
   762   000360  6E88               	movwf	136,c	;volatile
   763                           
   764                           ;main.c: 235:     PWM3S1P1 = 0x0000;
   765   000362  0E00               	movlw	0
   766   000364  6E8A               	movwf	138,c	;volatile
   767   000366  0E00               	movlw	0
   768   000368  6E89               	movwf	137,c	;volatile
   769                           
   770                           ;main.c: 236:     PWM3S1P2 = 0x0000;
   771   00036A  0E00               	movlw	0
   772   00036C  6E8C               	movwf	140,c	;volatile
   773   00036E  0E00               	movlw	0
   774   000370  6E8B               	movwf	139,c	;volatile
   775   000372                     
   776                           ; BSR set to: 2
   777                           ;main.c: 239:     PWM1CONbits.EN = 1;
   778   000372  8E69               	bsf	105,7,c	;volatile
   779   000374                     
   780                           ; BSR set to: 2
   781                           ;main.c: 240:     PWM2CONbits.EN = 1;
   782   000374  8E78               	bsf	120,7,c	;volatile
   783   000376                     
   784                           ; BSR set to: 2
   785                           ;main.c: 241:     PWM3CONbits.EN = 1;
   786   000376  8E87               	bsf	135,7,c	;volatile
   787   000378                     
   788                           ; BSR set to: 2
   789   000378  0012               	return		;funcret
   790   00037A                     __end_of_PWMsetup:
   791                           	callstack 0
   792                           
   793 ;; *************** function _ISR *****************
   794 ;; Defined at:
   795 ;;		line 155 in file "main.c"
   796 ;; Parameters:    Size  Location     Type
   797 ;;		None
   798 ;; Auto vars:     Size  Location     Type
   799 ;;		None
   800 ;; Return value:  Size  Location     Type
   801 ;;                  1    wreg      void 
   802 ;; Registers used:
   803 ;;		wreg, fsr2l, fsr2h, status,2, status,0, cstack
   804 ;; Tracked objects:
   805 ;;		On entry : 0/0
   806 ;;		On exit  : 0/0
   807 ;;		Unchanged: 0/0
   808 ;; Data sizes:     COMRAM   BANK5   BANK6   BANK7   BANK8   BANK9  BANK10  BANK11  BANK12
   809 ;;      Params:         0       0       0       0       0       0       0       0       0
   810 ;;      Locals:         0       0       0       0       0       0       0       0       0
   811 ;;      Temps:          0       0       0       0       0       0       0       0       0
   812 ;;      Totals:         0       0       0       0       0       0       0       0       0
   813 ;;Total ram usage:        0 bytes
   814 ;; Hardware stack levels used: 1
   815 ;; Hardware stack levels required when called: 2
   816 ;; This function calls:
   817 ;;		_i2cStart
   818 ;; This function is called by:
   819 ;;		Interrupt level 2
   820 ;; This function uses a non-reentrant model
   821 ;;
   822                           
   823                           	psect	text4
   824   000424                     __ptext4:
   825                           	callstack 0
   826   000424                     _ISR:
   827                           	callstack 123
   828   000424                     
   829                           ;main.c: 161:     if(I2C1PIRbits.SCIF == 1){
   830   000424  0102               	movlb	2	; () banked
   831   000426  A19A               	btfss	154,0,b	;volatile
   832   000428  EF18  F002         	goto	i2u22_41
   833   00042C  EF1A  F002         	goto	i2u22_40
   834   000430                     i2u22_41:
   835   000430  EF1D  F002         	goto	i2l152
   836   000434                     i2u22_40:
   837   000434                     
   838                           ; BSR set to: 2
   839                           ;main.c: 162:         I2C1PIRbits.SCIF = 0;
   840   000434  919A               	bcf	154,0,b	;volatile
   841   000436                     
   842                           ; BSR set to: 2
   843                           ;main.c: 163:         i2cStart();
   844   000436  ECE5  F000         	call	_i2cStart	;wreg free
   845   00043A                     i2l152:
   846   00043A  0011               	retfie		f
   847   00043C                     __end_of_ISR:
   848                           	callstack 0
   849                           
   850 ;; *************** function _i2cStart *****************
   851 ;; Defined at:
   852 ;;		line 125 in file "main.c"
   853 ;; Parameters:    Size  Location     Type
   854 ;;		None
   855 ;; Auto vars:     Size  Location     Type
   856 ;;  index           2   18[COMRAM] int 
   857 ;;  timeout         2   20[COMRAM] int 
   858 ;;  address         2   16[COMRAM] int 
   859 ;; Return value:  Size  Location     Type
   860 ;;                  1    wreg      void 
   861 ;; Registers used:
   862 ;;		wreg, fsr2l, fsr2h, status,2, status,0, cstack
   863 ;; Tracked objects:
   864 ;;		On entry : 0/0
   865 ;;		On exit  : 0/0
   866 ;;		Unchanged: 0/0
   867 ;; Data sizes:     COMRAM   BANK5   BANK6   BANK7   BANK8   BANK9  BANK10  BANK11  BANK12
   868 ;;      Params:         0       0       0       0       0       0       0       0       0
   869 ;;      Locals:         6       0       0       0       0       0       0       0       0
   870 ;;      Temps:          2       0       0       0       0       0       0       0       0
   871 ;;      Totals:         8       0       0       0       0       0       0       0       0
   872 ;;Total ram usage:        8 bytes
   873 ;; Hardware stack levels used: 1
   874 ;; Hardware stack levels required when called: 1
   875 ;; This function calls:
   876 ;;		_setPWM
   877 ;; This function is called by:
   878 ;;		_ISR
   879 ;; This function uses a non-reentrant model
   880 ;;
   881                           
   882                           	psect	text5
   883   0001CA                     __ptext5:
   884                           	callstack 0
   885   0001CA                     _i2cStart:
   886                           	callstack 123
   887   0001CA                     
   888                           ;main.c: 127:     int timeout = 0;
   889   0001CA  0E00               	movlw	0
   890   0001CC  6E16               	movwf	(i2cStart@timeout+1)^(0+1280),c
   891   0001CE  0E00               	movlw	0
   892   0001D0  6E15               	movwf	i2cStart@timeout^(0+1280),c
   893                           
   894                           ;main.c: 131:     while(I2C1STAT0bits.SMA == 0 && timeout < 10){timeout++;};
   895   0001D2  EFED  F000         	goto	i2l1020
   896   0001D6                     i2l1018:
   897                           
   898                           ; BSR set to: 2
   899   0001D6  4A15               	infsnz	i2cStart@timeout^(0+1280),f,c
   900   0001D8  2A16               	incf	(i2cStart@timeout+1)^(0+1280),f,c
   901   0001DA                     i2l1020:
   902   0001DA  0102               	movlb	2	; () banked
   903   0001DC  BD98               	btfsc	152,6,b	;volatile
   904   0001DE  EFF3  F000         	goto	i2u16_41
   905   0001E2  EFF5  F000         	goto	i2u16_40
   906   0001E6                     i2u16_41:
   907   0001E6  EF03  F001         	goto	i2l1024
   908   0001EA                     i2u16_40:
   909   0001EA                     
   910                           ; BSR set to: 2
   911   0001EA  BE16               	btfsc	(i2cStart@timeout+1)^(0+1280),7,c
   912   0001EC  EF01  F001         	goto	i2u17_41
   913   0001F0  5016               	movf	(i2cStart@timeout+1)^(0+1280),w,c
   914   0001F2  E109               	bnz	i2u17_40
   915   0001F4  0E0A               	movlw	10
   916   0001F6  5C15               	subwf	i2cStart@timeout^(0+1280),w,c
   917   0001F8  A0D8               	btfss	status,0,c
   918   0001FA  EF01  F001         	goto	i2u17_41
   919   0001FE  EF03  F001         	goto	i2u17_40
   920   000202                     i2u17_41:
   921   000202  EFEB  F000         	goto	i2l1018
   922   000206                     i2u17_40:
   923   000206                     i2l1024:
   924                           
   925                           ; BSR set to: 2
   926                           ;main.c: 132:     timeout = 0;
   927   000206  0E00               	movlw	0
   928   000208  6E16               	movwf	(i2cStart@timeout+1)^(0+1280),c
   929   00020A  0E00               	movlw	0
   930   00020C  6E15               	movwf	i2cStart@timeout^(0+1280),c
   931   00020E                     
   932                           ; BSR set to: 2
   933                           ;main.c: 133:     if(I2C1STAT0bits.R == 0){
   934   00020E  B998               	btfsc	152,4,b	;volatile
   935   000210  EF0C  F001         	goto	i2u18_41
   936   000214  EF0E  F001         	goto	i2u18_40
   937   000218                     i2u18_41:
   938   000218  EF41  F001         	goto	i2l1044
   939   00021C                     i2u18_40:
   940   00021C                     
   941                           ; BSR set to: 2
   942                           ;main.c: 134:         int index = 0;
   943   00021C  0E00               	movlw	0
   944   00021E  6E14               	movwf	(i2cStart@index+1)^(0+1280),c
   945   000220  0E00               	movlw	0
   946   000222  6E13               	movwf	i2cStart@index^(0+1280),c
   947                           
   948                           ;main.c: 135:         while(I2C1CNTL > 0){
   949   000224  EF39  F001         	goto	i2l1042
   950   000228                     i2l139:
   951                           
   952                           ; BSR set to: 2
   953                           ;main.c: 136:             I2C1CON0bits.CSTR = 0;
   954   000228  9994               	bcf	148,4,b	;volatile
   955                           
   956                           ;main.c: 138:             while(I2C1STAT1bits.RXBF == 0 && timeout < 100){timeout++;};
   957   00022A  EF19  F001         	goto	i2l1032
   958   00022E                     i2l1030:
   959                           
   960                           ; BSR set to: 2
   961   00022E  4A15               	infsnz	i2cStart@timeout^(0+1280),f,c
   962   000230  2A16               	incf	(i2cStart@timeout+1)^(0+1280),f,c
   963   000232                     i2l1032:
   964                           
   965                           ; BSR set to: 2
   966   000232  B199               	btfsc	153,0,b	;volatile
   967   000234  EF1E  F001         	goto	i2u19_41
   968   000238  EF20  F001         	goto	i2u19_40
   969   00023C                     i2u19_41:
   970   00023C  EF2E  F001         	goto	i2l1036
   971   000240                     i2u19_40:
   972   000240                     
   973                           ; BSR set to: 2
   974   000240  BE16               	btfsc	(i2cStart@timeout+1)^(0+1280),7,c
   975   000242  EF2C  F001         	goto	i2u20_41
   976   000246  5016               	movf	(i2cStart@timeout+1)^(0+1280),w,c
   977   000248  E109               	bnz	i2u20_40
   978   00024A  0E64               	movlw	100
   979   00024C  5C15               	subwf	i2cStart@timeout^(0+1280),w,c
   980   00024E  A0D8               	btfss	status,0,c
   981   000250  EF2C  F001         	goto	i2u20_41
   982   000254  EF2E  F001         	goto	i2u20_40
   983   000258                     i2u20_41:
   984   000258  EF17  F001         	goto	i2l1030
   985   00025C                     i2u20_40:
   986   00025C                     i2l1036:
   987                           
   988                           ; BSR set to: 2
   989                           ;main.c: 139:             i2cBuffer[index] = I2C1RXB;
   990   00025C  0E18               	movlw	low _i2cBuffer
   991   00025E  2413               	addwf	i2cStart@index^(0+1280),w,c
   992   000260  6ED9               	movwf	fsr2l,c
   993   000262  0E05               	movlw	high _i2cBuffer
   994   000264  2014               	addwfc	(i2cStart@index+1)^(0+1280),w,c
   995   000266  6EDA               	movwf	fsr2h,c
   996   000268  C28A F4DF          	movff	650,indf2	;volatile
   997   00026C                     
   998                           ; BSR set to: 2
   999                           ;main.c: 140:             I2C1CON1bits.ACKDT = 0;
  1000   00026C  9D95               	bcf	149,6,b	;volatile
  1001   00026E                     
  1002                           ; BSR set to: 2
  1003                           ;main.c: 141:             index++;
  1004   00026E  4A13               	infsnz	i2cStart@index^(0+1280),f,c
  1005   000270  2A14               	incf	(i2cStart@index+1)^(0+1280),f,c
  1006   000272                     i2l1042:
  1007                           
  1008                           ; BSR set to: 2
  1009                           ;main.c: 135:         while(I2C1CNTL > 0){
  1010   000272  518C               	movf	140,w,b	;volatile
  1011   000274  A4D8               	btfss	status,2,c
  1012   000276  EF3F  F001         	goto	i2u21_41
  1013   00027A  EF41  F001         	goto	i2u21_40
  1014   00027E                     i2u21_41:
  1015   00027E  EF14  F001         	goto	i2l139
  1016   000282                     i2u21_40:
  1017   000282                     i2l1044:
  1018                           
  1019                           ; BSR set to: 2
  1020                           ;main.c: 146:     int address = i2cBuffer[0] << 8 | i2cBuffer[1];
  1021   000282  5019               	movf	(_i2cBuffer+1)^(0+1280),w,c
  1022   000284  C518  F50F         	movff	_i2cBuffer,??_i2cStart
  1023   000288  6A10               	clrf	(??_i2cStart+1)^(0+1280),c
  1024   00028A  C50F  F510         	movff	??_i2cStart,??_i2cStart+1
  1025   00028E  6A0F               	clrf	??_i2cStart^(0+1280),c
  1026   000290  100F               	iorwf	??_i2cStart^(0+1280),w,c
  1027   000292  6E11               	movwf	i2cStart@address^(0+1280),c
  1028   000294  5010               	movf	(??_i2cStart+1)^(0+1280),w,c
  1029   000296  6E12               	movwf	(i2cStart@address+1)^(0+1280),c
  1030   000298                     
  1031                           ; BSR set to: 2
  1032                           ;main.c: 147:     setPWM(address, i2cBuffer[2]);
  1033   000298  C511  F501         	movff	i2cStart@address,setPWM@address
  1034   00029C  C512  F502         	movff	i2cStart@address+1,setPWM@address+1
  1035   0002A0  C51A  F503         	movff	_i2cBuffer+2,setPWM@duty_cycle
  1036   0002A4  EC5F  F000         	call	_setPWM	;wreg free
  1037   0002A8                     
  1038                           ;main.c: 150:     I2C1CON0bits.EN = 0;
  1039   0002A8  0102               	movlb	2	; () banked
  1040   0002AA  9F94               	bcf	148,7,b	;volatile
  1041   0002AC                     
  1042                           ; BSR set to: 2
  1043                           ;main.c: 151:     I2C1PIR = 0x00;
  1044   0002AC  0E00               	movlw	0
  1045   0002AE  6F9A               	movwf	154,b	;volatile
  1046   0002B0                     
  1047                           ; BSR set to: 2
  1048                           ;main.c: 152:     I2C1CON0bits.EN = 1;
  1049   0002B0  8F94               	bsf	148,7,b	;volatile
  1050   0002B2                     
  1051                           ; BSR set to: 2
  1052   0002B2  0012               	return		;funcret
  1053   0002B4                     __end_of_i2cStart:
  1054                           	callstack 0
  1055                           
  1056 ;; *************** function _setPWM *****************
  1057 ;; Defined at:
  1058 ;;		line 13 in file "main.c"
  1059 ;; Parameters:    Size  Location     Type
  1060 ;;  address         2    0[COMRAM] int 
  1061 ;;  duty_cycle      1    2[COMRAM] unsigned char 
  1062 ;; Auto vars:     Size  Location     Type
  1063 ;;  temp            2   12[COMRAM] int 
  1064 ;;  pConReg         2   10[COMRAM] const PTR volatile int 
  1065 ;;		 -> RAM(3327), 
  1066 ;;  conReg          2    8[COMRAM] int 
  1067 ;;  pDutyReg        2    6[COMRAM] const PTR volatile int 
  1068 ;;		 -> RAM(3327), 
  1069 ;; Return value:  Size  Location     Type
  1070 ;;                  1    wreg      void 
  1071 ;; Registers used:
  1072 ;;		wreg, fsr2l, fsr2h, status,2, status,0
  1073 ;; Tracked objects:
  1074 ;;		On entry : 0/0
  1075 ;;		On exit  : 0/0
  1076 ;;		Unchanged: 0/0
  1077 ;; Data sizes:     COMRAM   BANK5   BANK6   BANK7   BANK8   BANK9  BANK10  BANK11  BANK12
  1078 ;;      Params:         3       0       0       0       0       0       0       0       0
  1079 ;;      Locals:         8       0       0       0       0       0       0       0       0
  1080 ;;      Temps:          3       0       0       0       0       0       0       0       0
  1081 ;;      Totals:        14       0       0       0       0       0       0       0       0
  1082 ;;Total ram usage:       14 bytes
  1083 ;; Hardware stack levels used: 1
  1084 ;; This function calls:
  1085 ;;		Nothing
  1086 ;; This function is called by:
  1087 ;;		_i2cStart
  1088 ;; This function uses a non-reentrant model
  1089 ;;
  1090                           
  1091                           	psect	text6
  1092   0000BE                     __ptext6:
  1093                           	callstack 0
  1094   0000BE                     _setPWM:
  1095                           	callstack 123
  1096   0000BE                     
  1097                           ;main.c: 19:     int temp = address >> 4;
  1098   0000BE  C501  F504         	movff	setPWM@address,??_setPWM
  1099   0000C2  C502  F505         	movff	setPWM@address+1,??_setPWM+1
  1100   0000C6  0E04               	movlw	4
  1101   0000C8  6E06               	movwf	(??_setPWM+2)^(0+1280),c
  1102   0000CA                     i2u12_45:
  1103   0000CA  3405               	rlcf	(??_setPWM+1)^(0+1280),w,c
  1104   0000CC  3205               	rrcf	(??_setPWM+1)^(0+1280),f,c
  1105   0000CE  3204               	rrcf	??_setPWM^(0+1280),f,c
  1106   0000D0  2E06               	decfsz	(??_setPWM+2)^(0+1280),f,c
  1107   0000D2  EF65  F000         	goto	i2u12_45
  1108   0000D6  C504  F50D         	movff	??_setPWM,setPWM@temp
  1109   0000DA  C505  F50E         	movff	??_setPWM+1,setPWM@temp+1
  1110                           
  1111                           ;main.c: 20:     int conReg;;main.c: 25:     if(temp == 0x046){
  1112   0000DE  0E46               	movlw	70
  1113   0000E0  180D               	xorwf	setPWM@temp^(0+1280),w,c
  1114   0000E2  100E               	iorwf	(setPWM@temp+1)^(0+1280),w,c
  1115   0000E4  A4D8               	btfss	status,2,c
  1116   0000E6  EF77  F000         	goto	i2u13_41
  1117   0000EA  EF79  F000         	goto	i2u13_40
  1118   0000EE                     i2u13_41:
  1119   0000EE  EF8B  F000         	goto	i2l123
  1120   0000F2                     i2u13_40:
  1121   0000F2                     
  1122                           ;main.c: 26:         conReg = temp << 4 | 0x0009;
  1123   0000F2  C50D  F504         	movff	setPWM@temp,??_setPWM
  1124   0000F6  C50E  F505         	movff	setPWM@temp+1,??_setPWM+1
  1125   0000FA  3A04               	swapf	??_setPWM^(0+1280),f,c
  1126   0000FC  3A05               	swapf	(??_setPWM+1)^(0+1280),f,c
  1127   0000FE  0EF0               	movlw	240
  1128   000100  1605               	andwf	(??_setPWM+1)^(0+1280),f,c
  1129   000102  5004               	movf	??_setPWM^(0+1280),w,c
  1130   000104  0B0F               	andlw	15
  1131   000106  1205               	iorwf	(??_setPWM+1)^(0+1280),f,c
  1132   000108  0EF0               	movlw	240
  1133   00010A  1604               	andwf	??_setPWM^(0+1280),f,c
  1134   00010C  0E09               	movlw	9
  1135   00010E  1004               	iorwf	??_setPWM^(0+1280),w,c
  1136   000110  6E09               	movwf	setPWM@conReg^(0+1280),c
  1137   000112  5005               	movf	(??_setPWM+1)^(0+1280),w,c
  1138   000114  6E0A               	movwf	(setPWM@conReg+1)^(0+1280),c
  1139   000116                     i2l123:
  1140                           
  1141                           ;main.c: 28:     if(temp == 0x047){
  1142   000116  0E47               	movlw	71
  1143   000118  180D               	xorwf	setPWM@temp^(0+1280),w,c
  1144   00011A  100E               	iorwf	(setPWM@temp+1)^(0+1280),w,c
  1145   00011C  A4D8               	btfss	status,2,c
  1146   00011E  EF93  F000         	goto	i2u14_41
  1147   000122  EF95  F000         	goto	i2u14_40
  1148   000126                     i2u14_41:
  1149   000126  EFA7  F000         	goto	i2l124
  1150   00012A                     i2u14_40:
  1151   00012A                     
  1152                           ;main.c: 29:         conReg = temp << 4 | 0x0008;
  1153   00012A  C50D  F504         	movff	setPWM@temp,??_setPWM
  1154   00012E  C50E  F505         	movff	setPWM@temp+1,??_setPWM+1
  1155   000132  3A04               	swapf	??_setPWM^(0+1280),f,c
  1156   000134  3A05               	swapf	(??_setPWM+1)^(0+1280),f,c
  1157   000136  0EF0               	movlw	240
  1158   000138  1605               	andwf	(??_setPWM+1)^(0+1280),f,c
  1159   00013A  5004               	movf	??_setPWM^(0+1280),w,c
  1160   00013C  0B0F               	andlw	15
  1161   00013E  1205               	iorwf	(??_setPWM+1)^(0+1280),f,c
  1162   000140  0EF0               	movlw	240
  1163   000142  1604               	andwf	??_setPWM^(0+1280),f,c
  1164   000144  0E08               	movlw	8
  1165   000146  1004               	iorwf	??_setPWM^(0+1280),w,c
  1166   000148  6E09               	movwf	setPWM@conReg^(0+1280),c
  1167   00014A  5005               	movf	(??_setPWM+1)^(0+1280),w,c
  1168   00014C  6E0A               	movwf	(setPWM@conReg+1)^(0+1280),c
  1169   00014E                     i2l124:
  1170                           
  1171                           ;main.c: 31:     if(temp == 0x048){
  1172   00014E  0E48               	movlw	72
  1173   000150  180D               	xorwf	setPWM@temp^(0+1280),w,c
  1174   000152  100E               	iorwf	(setPWM@temp+1)^(0+1280),w,c
  1175   000154  A4D8               	btfss	status,2,c
  1176   000156  EFAF  F000         	goto	i2u15_41
  1177   00015A  EFB1  F000         	goto	i2u15_40
  1178   00015E                     i2u15_41:
  1179   00015E  EFC3  F000         	goto	i2l125
  1180   000162                     i2u15_40:
  1181   000162                     
  1182                           ;main.c: 32:         conReg = temp << 4 | 0x0007;
  1183   000162  C50D  F504         	movff	setPWM@temp,??_setPWM
  1184   000166  C50E  F505         	movff	setPWM@temp+1,??_setPWM+1
  1185   00016A  3A04               	swapf	??_setPWM^(0+1280),f,c
  1186   00016C  3A05               	swapf	(??_setPWM+1)^(0+1280),f,c
  1187   00016E  0EF0               	movlw	240
  1188   000170  1605               	andwf	(??_setPWM+1)^(0+1280),f,c
  1189   000172  5004               	movf	??_setPWM^(0+1280),w,c
  1190   000174  0B0F               	andlw	15
  1191   000176  1205               	iorwf	(??_setPWM+1)^(0+1280),f,c
  1192   000178  0EF0               	movlw	240
  1193   00017A  1604               	andwf	??_setPWM^(0+1280),f,c
  1194   00017C  0E07               	movlw	7
  1195   00017E  1004               	iorwf	??_setPWM^(0+1280),w,c
  1196   000180  6E09               	movwf	setPWM@conReg^(0+1280),c
  1197   000182  5005               	movf	(??_setPWM+1)^(0+1280),w,c
  1198   000184  6E0A               	movwf	(setPWM@conReg+1)^(0+1280),c
  1199   000186                     i2l125:
  1200                           
  1201                           ;main.c: 36:     int volatile * const pConReg = (int *) conReg;
  1202   000186  C509  F50B         	movff	setPWM@conReg,setPWM@pConReg
  1203   00018A  C50A  F50C         	movff	setPWM@conReg+1,setPWM@pConReg+1
  1204   00018E                     
  1205                           ;main.c: 37:     *pConReg &= ~(0b10000000);
  1206   00018E  C50B  F4D9         	movff	setPWM@pConReg,fsr2l
  1207   000192  C50C  F4DA         	movff	setPWM@pConReg+1,fsr2h
  1208   000196  0E7F               	movlw	127
  1209   000198  16DE               	andwf	postinc2,f,c
  1210   00019A  0EFF               	movlw	255
  1211   00019C  16DD               	andwf	postdec2,f,c
  1212   00019E                     
  1213                           ;main.c: 40:     int volatile * const pDutyReg = (int *) address;
  1214   00019E  C501  F507         	movff	setPWM@address,setPWM@pDutyReg
  1215   0001A2  C502  F508         	movff	setPWM@address+1,setPWM@pDutyReg+1
  1216   0001A6                     
  1217                           ;main.c: 41:     *pDutyReg = duty_cycle;
  1218   0001A6  5003               	movf	setPWM@duty_cycle^(0+1280),w,c
  1219   0001A8  6E04               	movwf	??_setPWM^(0+1280),c
  1220   0001AA  6A05               	clrf	(??_setPWM+1)^(0+1280),c
  1221   0001AC  C507  F4D9         	movff	setPWM@pDutyReg,fsr2l
  1222   0001B0  C508  F4DA         	movff	setPWM@pDutyReg+1,fsr2h
  1223   0001B4  C504  F4DE         	movff	??_setPWM,postinc2
  1224   0001B8  C505  F4DD         	movff	??_setPWM+1,postdec2
  1225   0001BC                     
  1226                           ;main.c: 42:     *pConReg |= 0b10000000;
  1227   0001BC  C50B  F4D9         	movff	setPWM@pConReg,fsr2l
  1228   0001C0  C50C  F4DA         	movff	setPWM@pConReg+1,fsr2h
  1229   0001C4  0E00               	movlw	0
  1230   0001C6  8EDB               	bsf	plusw2,7,c
  1231   0001C8  0012               	return		;funcret
  1232   0001CA                     __end_of_setPWM:
  1233                           	callstack 0
  1234                           
  1235                           ;
  1236                           ; Interrupt Vector Table @ 0x8
  1237                           ;
  1238                           
  1239                           	psect	ivt0x8
  1240   000008                     __pivt0x8:
  1241                           	callstack 0
  1242   000008                     ivt0x8_base:
  1243                           	callstack 0
  1244                           
  1245                           ; Vector 0 : SWINT
  1246   000008  002E               	dw	ivt0x8_undefint shr (0+2)
  1247                           
  1248                           ; Vector 1 : HLVD
  1249   00000A  002E               	dw	ivt0x8_undefint shr (0+2)
  1250                           
  1251                           ; Vector 2 : OSF
  1252   00000C  002E               	dw	ivt0x8_undefint shr (0+2)
  1253                           
  1254                           ; Vector 3 : CSW
  1255   00000E  002E               	dw	ivt0x8_undefint shr (0+2)
  1256                           
  1257                           ; Vector 4 : NVMIP
  1258   000010  002E               	dw	ivt0x8_undefint shr (0+2)
  1259                           
  1260                           ; Vector 5 : CLC1
  1261   000012  002E               	dw	ivt0x8_undefint shr (0+2)
  1262                           
  1263                           ; Vector 6 : CRC
  1264   000014  002E               	dw	ivt0x8_undefint shr (0+2)
  1265                           
  1266                           ; Vector 7 : IOC
  1267   000016  002E               	dw	ivt0x8_undefint shr (0+2)
  1268                           
  1269                           ; Vector 8 : INT0
  1270   000018  002E               	dw	ivt0x8_undefint shr (0+2)
  1271                           
  1272                           ; Vector 9 : ZCD
  1273   00001A  002E               	dw	ivt0x8_undefint shr (0+2)
  1274                           
  1275                           ; Vector 10 : AD
  1276   00001C  002E               	dw	ivt0x8_undefint shr (0+2)
  1277                           
  1278                           ; Vector 11 : ACT
  1279   00001E  002E               	dw	ivt0x8_undefint shr (0+2)
  1280                           
  1281                           ; Vector 12 : CMP1
  1282   000020  002E               	dw	ivt0x8_undefint shr (0+2)
  1283                           
  1284                           ; Vector 13 : SMT1
  1285   000022  002E               	dw	ivt0x8_undefint shr (0+2)
  1286                           
  1287                           ; Vector 14 : SMT1PRA
  1288   000024  002E               	dw	ivt0x8_undefint shr (0+2)
  1289                           
  1290                           ; Vector 15 : SMT1PWA
  1291   000026  002E               	dw	ivt0x8_undefint shr (0+2)
  1292                           
  1293                           ; Vector 16 : ADT
  1294   000028  002E               	dw	ivt0x8_undefint shr (0+2)
  1295                           
  1296                           ; Vector 17 : Undefined
  1297   00002A  002E               	dw	ivt0x8_undefint shr (0+2)
  1298                           
  1299                           ; Vector 18 : Undefined
  1300   00002C  002E               	dw	ivt0x8_undefint shr (0+2)
  1301                           
  1302                           ; Vector 19 : Undefined
  1303   00002E  002E               	dw	ivt0x8_undefint shr (0+2)
  1304                           
  1305                           ; Vector 20 : DMA1SCNT
  1306   000030  002E               	dw	ivt0x8_undefint shr (0+2)
  1307                           
  1308                           ; Vector 21 : DMA1DCNT
  1309   000032  002E               	dw	ivt0x8_undefint shr (0+2)
  1310                           
  1311                           ; Vector 22 : DMA1OR
  1312   000034  002E               	dw	ivt0x8_undefint shr (0+2)
  1313                           
  1314                           ; Vector 23 : DMA1A
  1315   000036  002E               	dw	ivt0x8_undefint shr (0+2)
  1316                           
  1317                           ; Vector 24 : SPI1RX
  1318   000038  002E               	dw	ivt0x8_undefint shr (0+2)
  1319                           
  1320                           ; Vector 25 : SPI1TX
  1321   00003A  002E               	dw	ivt0x8_undefint shr (0+2)
  1322                           
  1323                           ; Vector 26 : SPI1
  1324   00003C  002E               	dw	ivt0x8_undefint shr (0+2)
  1325                           
  1326                           ; Vector 27 : TMR2
  1327   00003E  002E               	dw	ivt0x8_undefint shr (0+2)
  1328                           
  1329                           ; Vector 28 : TMR1
  1330   000040  002E               	dw	ivt0x8_undefint shr (0+2)
  1331                           
  1332                           ; Vector 29 : TMR1G
  1333   000042  002E               	dw	ivt0x8_undefint shr (0+2)
  1334                           
  1335                           ; Vector 30 : CCP1
  1336   000044  002E               	dw	ivt0x8_undefint shr (0+2)
  1337                           
  1338                           ; Vector 31 : TMR0
  1339   000046  002E               	dw	ivt0x8_undefint shr (0+2)
  1340                           
  1341                           ; Vector 32 : U1RX
  1342   000048  002E               	dw	ivt0x8_undefint shr (0+2)
  1343                           
  1344                           ; Vector 33 : U1TX
  1345   00004A  002E               	dw	ivt0x8_undefint shr (0+2)
  1346                           
  1347                           ; Vector 34 : U1E
  1348   00004C  002E               	dw	ivt0x8_undefint shr (0+2)
  1349                           
  1350                           ; Vector 35 : U1
  1351   00004E  002E               	dw	ivt0x8_undefint shr (0+2)
  1352                           
  1353                           ; Vector 36 : TMR3
  1354   000050  002E               	dw	ivt0x8_undefint shr (0+2)
  1355                           
  1356                           ; Vector 37 : TMR3G
  1357   000052  002E               	dw	ivt0x8_undefint shr (0+2)
  1358                           
  1359                           ; Vector 38 : PWM1PR
  1360   000054  002E               	dw	ivt0x8_undefint shr (0+2)
  1361                           
  1362                           ; Vector 39 : PWM1
  1363   000056  002E               	dw	ivt0x8_undefint shr (0+2)
  1364                           
  1365                           ; Vector 40 : SPI2RX
  1366   000058  002E               	dw	ivt0x8_undefint shr (0+2)
  1367                           
  1368                           ; Vector 41 : SPI2TX
  1369   00005A  002E               	dw	ivt0x8_undefint shr (0+2)
  1370                           
  1371                           ; Vector 42 : SPI2
  1372   00005C  002E               	dw	ivt0x8_undefint shr (0+2)
  1373                           
  1374                           ; Vector 43 : Undefined
  1375   00005E  002E               	dw	ivt0x8_undefint shr (0+2)
  1376                           
  1377                           ; Vector 44 : CMP2
  1378   000060  002E               	dw	ivt0x8_undefint shr (0+2)
  1379                           
  1380                           ; Vector 45 : CLC2
  1381   000062  002E               	dw	ivt0x8_undefint shr (0+2)
  1382                           
  1383                           ; Vector 46 : PWM2PR
  1384   000064  002E               	dw	ivt0x8_undefint shr (0+2)
  1385                           
  1386                           ; Vector 47 : PWM2
  1387   000066  002E               	dw	ivt0x8_undefint shr (0+2)
  1388                           
  1389                           ; Vector 48 : INT1
  1390   000068  002E               	dw	ivt0x8_undefint shr (0+2)
  1391                           
  1392                           ; Vector 49 : CWG1
  1393   00006A  002E               	dw	ivt0x8_undefint shr (0+2)
  1394                           
  1395                           ; Vector 50 : NCO1
  1396   00006C  002E               	dw	ivt0x8_undefint shr (0+2)
  1397                           
  1398                           ; Vector 51 : DMA2SCNT
  1399   00006E  002E               	dw	ivt0x8_undefint shr (0+2)
  1400                           
  1401                           ; Vector 52 : DMA2DCNT
  1402   000070  002E               	dw	ivt0x8_undefint shr (0+2)
  1403                           
  1404                           ; Vector 53 : DMA2OR
  1405   000072  002E               	dw	ivt0x8_undefint shr (0+2)
  1406                           
  1407                           ; Vector 54 : DMA2A
  1408   000074  002E               	dw	ivt0x8_undefint shr (0+2)
  1409                           
  1410                           ; Vector 55 : Undefined
  1411   000076  002E               	dw	ivt0x8_undefint shr (0+2)
  1412                           
  1413                           ; Vector 56 : I2C1RX
  1414   000078  002E               	dw	ivt0x8_undefint shr (0+2)
  1415                           
  1416                           ; Vector 57 : I2C1TX
  1417   00007A  002E               	dw	ivt0x8_undefint shr (0+2)
  1418                           
  1419                           ; Vector 58 : I2C1
  1420   00007C  0109               	dw	_ISR shr (0+2)
  1421                           
  1422                           ; Vector 59 : I2C1E
  1423   00007E  002E               	dw	ivt0x8_undefint shr (0+2)
  1424                           
  1425                           ; Vector 60 : Undefined
  1426   000080  002E               	dw	ivt0x8_undefint shr (0+2)
  1427                           
  1428                           ; Vector 61 : CLC3
  1429   000082  002E               	dw	ivt0x8_undefint shr (0+2)
  1430                           
  1431                           ; Vector 62 : PWM3PR
  1432   000084  002E               	dw	ivt0x8_undefint shr (0+2)
  1433                           
  1434                           ; Vector 63 : PWM3
  1435   000086  002E               	dw	ivt0x8_undefint shr (0+2)
  1436                           
  1437                           ; Vector 64 : U2RX
  1438   000088  002E               	dw	ivt0x8_undefint shr (0+2)
  1439                           
  1440                           ; Vector 65 : U2TX
  1441   00008A  002E               	dw	ivt0x8_undefint shr (0+2)
  1442                           
  1443                           ; Vector 66 : U2E
  1444   00008C  002E               	dw	ivt0x8_undefint shr (0+2)
  1445                           
  1446                           ; Vector 67 : U2
  1447   00008E  002E               	dw	ivt0x8_undefint shr (0+2)
  1448                           
  1449                           ; Vector 68 : Undefined
  1450   000090  002E               	dw	ivt0x8_undefint shr (0+2)
  1451                           
  1452                           ; Vector 69 : CLC4
  1453   000092  002E               	dw	ivt0x8_undefint shr (0+2)
  1454                           
  1455                           ; Vector 70 : Undefined
  1456   000094  002E               	dw	ivt0x8_undefint shr (0+2)
  1457                           
  1458                           ; Vector 71 : SCAN
  1459   000096  002E               	dw	ivt0x8_undefint shr (0+2)
  1460                           
  1461                           ; Vector 72 : U3RX
  1462   000098  002E               	dw	ivt0x8_undefint shr (0+2)
  1463                           
  1464                           ; Vector 73 : U3TX
  1465   00009A  002E               	dw	ivt0x8_undefint shr (0+2)
  1466                           
  1467                           ; Vector 74 : U3E
  1468   00009C  002E               	dw	ivt0x8_undefint shr (0+2)
  1469                           
  1470                           ; Vector 75 : U3
  1471   00009E  002E               	dw	ivt0x8_undefint shr (0+2)
  1472                           
  1473                           ; Vector 76 : DMA3SCNT
  1474   0000A0  002E               	dw	ivt0x8_undefint shr (0+2)
  1475                           
  1476                           ; Vector 77 : DMA3DCNT
  1477   0000A2  002E               	dw	ivt0x8_undefint shr (0+2)
  1478                           
  1479                           ; Vector 78 : DMA3OR
  1480   0000A4  002E               	dw	ivt0x8_undefint shr (0+2)
  1481                           
  1482                           ; Vector 79 : DMA3A
  1483   0000A6  002E               	dw	ivt0x8_undefint shr (0+2)
  1484                           
  1485                           ; Vector 80 : INT2
  1486   0000A8  002E               	dw	ivt0x8_undefint shr (0+2)
  1487                           
  1488                           ; Vector 81 : Undefined
  1489   0000AA  002E               	dw	ivt0x8_undefint shr (0+2)
  1490                           
  1491                           ; Vector 82 : Undefined
  1492   0000AC  002E               	dw	ivt0x8_undefint shr (0+2)
  1493                           
  1494                           ; Vector 83 : TMR4
  1495   0000AE  002E               	dw	ivt0x8_undefint shr (0+2)
  1496                           
  1497                           ; Vector 84 : DMA4SCNT
  1498   0000B0  002E               	dw	ivt0x8_undefint shr (0+2)
  1499                           
  1500                           ; Vector 85 : DMA4DCNT
  1501   0000B2  002E               	dw	ivt0x8_undefint shr (0+2)
  1502                           
  1503                           ; Vector 86 : DMA4OR
  1504   0000B4  002E               	dw	ivt0x8_undefint shr (0+2)
  1505                           
  1506                           ; Vector 87 : DMA4A
  1507   0000B6  002E               	dw	ivt0x8_undefint shr (0+2)
  1508   0000B8                     ivt0x8_undefint:
  1509                           	callstack 0
  1510   0000B8  00FF               	reset	
  1511   000000                     
  1512                           	psect	rparam
  1513   000000                     tosu	equ	0x4FF
  1514                           tosh	equ	0x4FE
  1515                           tosl	equ	0x4FD
  1516                           stkptr	equ	0x4FC
  1517                           pclatu	equ	0x4FB
  1518                           pclath	equ	0x4FA
  1519                           pcl	equ	0x4F9
  1520                           tblptru	equ	0x4F8
  1521                           tblptrh	equ	0x4F7
  1522                           tblptrl	equ	0x4F6
  1523                           tablat	equ	0x4F5
  1524                           prodh	equ	0x4F4
  1525                           prodl	equ	0x4F3
  1526                           indf0	equ	0x4EF
  1527                           postinc0	equ	0x4EE
  1528                           postdec0	equ	0x4ED
  1529                           preinc0	equ	0x4EC
  1530                           plusw0	equ	0x4EB
  1531                           fsr0h	equ	0x4EA
  1532                           fsr0l	equ	0x4E9
  1533                           wreg	equ	0x4E8
  1534                           indf1	equ	0x4E7
  1535                           postinc1	equ	0x4E6
  1536                           postdec1	equ	0x4E5
  1537                           preinc1	equ	0x4E4
  1538                           plusw1	equ	0x4E3
  1539                           fsr1h	equ	0x4E2
  1540                           fsr1l	equ	0x4E1
  1541                           bsr	equ	0x4E0
  1542                           indf2	equ	0x4DF
  1543                           postinc2	equ	0x4DE
  1544                           postdec2	equ	0x4DD
  1545                           preinc2	equ	0x4DC
  1546                           plusw2	equ	0x4DB
  1547                           fsr2h	equ	0x4DA
  1548                           fsr2l	equ	0x4D9
  1549                           status	equ	0x4D8

Data Sizes:
    Strings     0
    Constant    0
    Data        0
    BSS         3
    Persistent  0
    Stack       0

Auto Spaces:
    Space          Size  Autos    Used
    COMRAM           95     23      26
    BANK5           160      0       0
    BANK6           256      0       0
    BANK7           256      0       0
    BANK8           256      0       0
    BANK9           256      0       0
    BANK10          256      0       0
    BANK11          256      0       0
    BANK12          256      0       0

Pointer List with Targets:

    setPWM@pDutyReg	const PTR volatile int  size(2) Largest target is 3327
		 -> RAM(DATA[3327]), 

    setPWM@pConReg	const PTR volatile int  size(2) Largest target is 3327
		 -> RAM(DATA[3327]), 


Critical Paths under _main in COMRAM

    _main->_configI2C

Critical Paths under _ISR in COMRAM

    _ISR->_i2cStart
    _i2cStart->_setPWM

Critical Paths under _main in BANK5

    None.

Critical Paths under _ISR in BANK5

    None.

Critical Paths under _main in BANK6

    None.

Critical Paths under _ISR in BANK6

    None.

Critical Paths under _main in BANK7

    None.

Critical Paths under _ISR in BANK7

    None.

Critical Paths under _main in BANK8

    None.

Critical Paths under _ISR in BANK8

    None.

Critical Paths under _main in BANK9

    None.

Critical Paths under _ISR in BANK9

    None.

Critical Paths under _main in BANK10

    None.

Critical Paths under _ISR in BANK10

    None.

Critical Paths under _main in BANK11

    None.

Critical Paths under _ISR in BANK11

    None.

Critical Paths under _main in BANK12

    None.

Critical Paths under _ISR in BANK12

    None.

Call Graph Tables:

 ---------------------------------------------------------------------------------
 (Depth) Function   	        Calls       Base Space   Used Autos Params    Refs
 ---------------------------------------------------------------------------------
 (0) _main                                                 0     0      0       0
                           _PWMsetup
                          _configI2C
                               _loop
 ---------------------------------------------------------------------------------
 (1) _loop                                                 0     0      0       0
 ---------------------------------------------------------------------------------
 (1) _configI2C                                            1     1      0       0
                                             22 COMRAM     1     1      0
 ---------------------------------------------------------------------------------
 (1) _PWMsetup                                             0     0      0       0
 ---------------------------------------------------------------------------------
 Estimated maximum stack depth 1
 ---------------------------------------------------------------------------------
 (Depth) Function   	        Calls       Base Space   Used Autos Params    Refs
 ---------------------------------------------------------------------------------
 (2) _ISR                                                  0     0      0     539
                           _i2cStart
 ---------------------------------------------------------------------------------
 (3) _i2cStart                                             8     8      0     539
                                             14 COMRAM     8     8      0
                             _setPWM
 ---------------------------------------------------------------------------------
 (4) _setPWM                                              14    11      3     444
                                              0 COMRAM    14    11      3
 ---------------------------------------------------------------------------------
 Estimated maximum stack depth 4
 ---------------------------------------------------------------------------------

 Call Graph Graphs:

 _main (ROOT)
   _PWMsetup
   _configI2C
   _loop

 _ISR (ROOT)
   _i2cStart
     _setPWM

 Address spaces:
Name               Size   Autos  Total    Cost      Usage
BIGRAM             7FF      0       0      21        0.0%
BITBIGSFRll        210      0       0      46        0.0%
EEDATA             200      0       0       0        0.0%
BITBIGSFR_1        100      0       0      20        0.0%
BITBANK12          100      0       0      18        0.0%
BANK12             100      0       0      19        0.0%
BITBANK11          100      0       0      16        0.0%
BANK11             100      0       0      17        0.0%
BITBANK10          100      0       0      14        0.0%
BANK10             100      0       0      15        0.0%
BITBANK9           100      0       0      12        0.0%
BANK9              100      0       0      13        0.0%
BITBANK8           100      0       0      10        0.0%
BANK8              100      0       0      11        0.0%
BITBANK7           100      0       0       8        0.0%
BANK7              100      0       0       9        0.0%
BITBANK6           100      0       0       6        0.0%
BANK6              100      0       0       7        0.0%
BITBIGSFRhllhhl     CE      0       0      37        0.0%
BITBIGSFRhllhhh     A1      0       0      36        0.0%
BITBANK5            A0      0       0       4        0.0%
BANK5               A0      0       0       5        0.0%
BITCOMRAM           5F      0       0       0        0.0%
COMRAM              5F     17      1A       1       27.4%
BITBIGSFRlhlhh      57      0       0      43        0.0%
BITBIGSFRhlhhll     4D      0       0      34        0.0%
BITBIGSFRhhh        29      0       0      22        0.0%
BITBIGSFRhlhhll     22      0       0      26        0.0%
BITBIGSFRlhhll      18      0       0      42        0.0%
BITBIGSFRhhl         D      0       0      23        0.0%
BITBIGSFRhlhhh       C      0       0      24        0.0%
BITBIGSFRhlhhlh      A      0       0      25        0.0%
BITBIGSFRlhhlhh      3      0       0      40        0.0%
BITBIGSFRlhhh        3      0       0      39        0.0%
BITBIGSFRhlhhll      2      0       0      27        0.0%
BITBIGSFRhlhhll      2      0       0      29        0.0%
BITBIGSFRhlhhll      2      0       0      30        0.0%
BITBIGSFRhlhhll      2      0       0      32        0.0%
BITBIGSFRhlhhll      1      0       0      28        0.0%
BITBIGSFRhlhhll      1      0       0      31        0.0%
BITBIGSFRhlhhll      1      0       0      33        0.0%
BITBIGSFRlhlhl       1      0       0      44        0.0%
BITBIGSFRlhhlhl      1      0       0      41        0.0%
BITBIGSFRlhll        1      0       0      45        0.0%
BITBIGSFRhlhl        1      0       0      35        0.0%
BITBIGSFRhllll       1      0       0      38        0.0%
BIGSFR_1             0      0       0     200        0.0%
BIGSFR               0      0       0     200        0.0%
BITSFR_6             0      0       0     200        0.0%
SFR_6                0      0       0     200        0.0%
BITSFR_5             0      0       0     200        0.0%
SFR_5                0      0       0     200        0.0%
BITSFR_4             0      0       0     200        0.0%
SFR_4                0      0       0     200        0.0%
BITSFR_3             0      0       0     200        0.0%
SFR_3                0      0       0     200        0.0%
BITSFR_2             0      0       0     200        0.0%
SFR_2                0      0       0     200        0.0%
BITSFR_1             0      0       0     200        0.0%
SFR_1                0      0       0     200        0.0%
BITSFR               0      0       0     200        0.0%
SFR                  0      0       0     200        0.0%
STACK                0      0       0       2        0.0%
NULL                 0      0       0       0        0.0%
ABS                  0      0      1A      47        0.0%
DATA                 0      0      1A       3        0.0%
CODE                 0      0       0       0        0.0%


Microchip Technology PIC18 Macro Assembler V2.41 build 20230208172133 
Symbol Table                                                                                   Wed Aug 02 14:12:25 2023

                    l129 0406                      l155 0378                      l163 0444  
                    l158 0456                      l900 03E0                      l910 03EE  
                    l902 03E2                      l912 03F0                      l904 03E6  
                    l914 03FE                      l906 03E8                      l916 0402  
                    l908 03EA                      l860 038C                      l918 0404  
                    l870 03AA                      l862 03A2                      l960 02BE  
                    l880 03B8                      l872 03B0                      l864 03A4  
                    l970 0324                      l962 02EC                      l890 03C2  
                    l882 03BA                      l874 03B2                      l866 03A6  
                    l858 037A                      l980 0356                      l972 0326  
                    l964 02EE                      l892 03C8                      l884 03BC  
                    l876 03B4                      l868 03A8                      l982 0358  
                    l974 0328                      l966 02F0                      l958 02B4  
                    l894 03CA                      l886 03BE                      l878 03B6  
                    l990 0450                      l984 0372                      l976 0352  
                    l968 02F2                      l896 03D4                      l888 03C0  
                    l986 0374                      l978 0354                      l898 03DE  
                    l988 0376                      l998 043C                      u237 03F6  
                    _ISR 0424                      wreg 04E8                     ?_ISR 0501  
                   _main 043C                     _loop 0450                     fsr2h 04DA  
                   indf2 04DF                     fsr2l 04D9                     start 00BA  
           ___param_bank 0000                    ??_ISR 0517                    ?_main 0501  
                  ?_loop 0501                    i2l123 0116                    i2l124 014E  
                  i2l125 0186                    i2l126 01C8                    i2l152 043A  
                  i2l146 02B2                    i2l139 0228            setPWM@pConReg 050B  
          setPWM@address 0501                    plusw2 04DB                    status 04D8  
       __end_of_PWMsetup 037A          __initialization 0408             __end_of_main 0450  
           __end_of_loop 0458         __end_of_i2cStart 02B4                   ??_main 0518  
                 ??_loop 0517            __activetblptr 0000                   _RC0PPS 0211  
                 _RC1PPS 0212                   _RC3PPS 0214                   _RC4PPS 0215  
                 _RB7PPS 0210                   _RC6PPS 0217                   i2l1000 00BE  
                 i2l1010 019E                   i2l1002 00F2                   _RC7PPS 0218  
                 i2l1012 01A6                   i2l1004 012A                   i2l1020 01DA  
                 i2l1014 01BC                   i2l1006 0162                   i2l1030 022E  
                 i2l1022 01EA                   i2l1008 018E                   i2l1040 026E  
                 i2l1032 0232                   i2l1024 0206                   i2l1016 01CA  
                 i2l1050 02AC                   i2l1034 0240                   i2l1042 0272  
                 i2l1026 020E                   i2l1018 01D6                   i2l1052 02B0  
                 i2l1036 025C                   i2l1028 021C                   i2l1044 0282  
                 i2l1046 0298                   i2l1038 026C                   i2l1054 0424  
                 i2l1048 02A8                   i2l1056 0434                   i2l1058 0436  
                 _PWM1PR 0463                   _PWM2PR 0472                   _PWM3PR 0481  
          i2cStart@index 0513           setPWM@pDutyReg 0507                   _setPWM 00BE  
                 isa$std 0001               __accesstop 0560  __end_of__initialization 041C  
          ___rparam_used 0001           __pcstackCOMRAM 0501           ivt0x8_undefint 00B8  
              ?_PWMsetup 0501                ?_i2cStart 0501                  IVTBASEH 045E  
                IVTBASEL 045D                  IVTBASEU 045F                  _I2C1CLK 029E  
                _I2C1PIR 029A                  _I2C1RXB 028A                  ?_setPWM 0501  
             ??_PWMsetup 0517                  i2u20_40 025C                  i2u20_41 0258  
                i2u12_45 00CA                  i2u13_40 00F2                  i2u21_40 0282  
                i2u13_41 00EE                  i2u21_41 027E                  i2u14_40 012A  
                i2u22_40 0434                  i2u14_41 0126                  i2u22_41 0430  
                i2u15_40 0162                  i2u15_41 015E                  i2u16_40 01EA  
                i2u16_41 01E6                  i2u17_40 0206                  i2u17_41 0202  
                i2u18_40 021C                  i2u18_41 0218                  i2u19_40 0240  
                i2u19_41 023C                  _PWM1CLK 0461                  _PWM1GIE 0468  
                _PWM2CLK 0470                  _PWM2GIE 0477                  _PWM3CLK 047F  
                _PWM3GIE 0486                  _PWM1ERS 0460                  _PWM2ERS 046F  
                _PWM3ERS 047E               ??_i2cStart 050F                  __Hparam 0000  
                __Lparam 0000        __end_of_configI2C 0408                  __pcinit 0408  
                __ramtop 0E00                  __ptext0 043C                  __ptext1 0450  
                __ptext2 037A                  __ptext3 02B4                  __ptext4 0424  
                __ptext5 01CA                  __ptext6 00BE              _I2C1BTObits 029C  
            _I2C1PIEbits 029B              _I2C1PIRbits 029A     end_of_initialization 041C  
                postdec2 04DD                  postinc2 04DE                _TRISBbits 04C7  
              _TRISCbits 04C8                _i2cBuffer 0518             setPWM@conReg 0509  
          _PWM1S1CFGbits 046A           __end_of_setPWM 01CA            _PWM2S1CFGbits 0479  
    start_initialization 0408              __end_of_ISR 043C            _PWM3S1CFGbits 0488  
             ivt0x8_base 0008                 ??_setPWM 0504              __pbssCOMRAM 0518  
             setPWM@temp 050D                 _I2C1ADR0 0290                 _I2C1BAUD 029D  
               _I2C1BTOC 029F                 _I2C1CNTL 028C                _configI2C 037A  
             _I2C1SDAPPS 0270               _I2C1SCLPPS 0271                 _IPR7bits 036E  
               _PIE7bits 04AF            _I2C1STAT0bits 0298            _I2C1STAT1bits 0299  
               _PIR7bits 04BA                 _PWM1S1P1 046B                 _PWM1S1P2 046D  
               _PWM2S1P1 047A                 _PWM1CPRE 0465                 _PWM3S1P1 0489  
               _PWM3S1P2 048B                 _PWM2CPRE 0474                 _PWM3CPRE 0483  
             ?_configI2C 0501                 _PWMsetup 02B4              _INTCON0bits 04D6  
               _i2cStart 01CA                 __Hrparam 0000                 __Lrparam 0000  
        i2cStart@address 0511               _ANSELCbits 0410             _I2C1CON0bits 0294  
           _I2C1CON1bits 0295             _I2C1CON2bits 0296                 __pivt0x8 0008  
        i2cStart@timeout 0515                 isa$xinst 0000               _ODCONCbits 0412  
            ??_configI2C 0517              _PWM1CONbits 0469              _PWM2CONbits 0478  
            _PWM3CONbits 0487                 intlevel2 0000         setPWM@duty_cycle 0503  
