

Microchip MPLAB XC8 Assembler V2.41 build 20230208172133 
                                                                                               Tue Aug 01 13:46:44 2023

Microchip MPLAB XC8 C Compiler v2.41 (Free license) build 20230208172133 Og1 
     1                           	processor	18F15Q40
     2                           	fnconf	rparam,??,?,0
     3                           	pagewidth 120
     4                           	opt	flic
     5                           	psect	cinit,global,reloc=2,class=CODE,delta=1
     6                           	psect	bssCOMRAM,global,class=COMRAM,space=1,delta=1,lowdata,noexec
     7                           	psect	cstackCOMRAM,global,class=COMRAM,space=1,delta=1,lowdata,noexec
     8                           	psect	text0,global,reloc=2,class=CODE,delta=1
     9                           	psect	text1,global,reloc=2,class=CODE,delta=1
    10                           	psect	text2,global,reloc=2,class=CODE,delta=1
    11                           	psect	text3,global,reloc=2,class=CODE,delta=1
    12                           	psect	text4,global,reloc=4,class=CODE,delta=1
    13                           	psect	text5,global,reloc=2,class=CODE,delta=1
    14                           	psect	ivt0x8,global,reloc=2,class=CODE,delta=1,noexec,keep,optim=
    15                           	psect	intsave_regs,global,class=BIGRAM,space=1,delta=1,noexec
    16                           	psect	rparam,global,class=COMRAM,space=1,delta=1,noexec
    17   000000                     
    18                           ; Generated 23/03/2023 GMT
    19                           ; 
    20                           ; Copyright © 2023, Microchip Technology Inc. and its subsidiaries ("Microchip")
    21                           ; All rights reserved.
    22                           ; 
    23                           ; This software is developed by Microchip Technology Inc. and its subsidiaries ("Microch
      +                          ip").
    24                           ; 
    25                           ; Redistribution and use in source and binary forms, with or without modification, are
    26                           ; permitted provided that the following conditions are met:
    27                           ; 
    28                           ;     1. Redistributions of source code must retain the above copyright notice, this lis
      +                          t of
    29                           ;        conditions and the following disclaimer.
    30                           ; 
    31                           ;     2. Redistributions in binary form must reproduce the above copyright notice, this 
      +                          list
    32                           ;        of conditions and the following disclaimer in the documentation and/or other
    33                           ;        materials provided with the distribution. Publication is not required when
    34                           ;        this file is used in an embedded application.
    35                           ; 
    36                           ;     3. Microchip's name may not be used to endorse or promote products derived from th
      +                          is
    37                           ;        software without specific prior written permission.
    38                           ; 
    39                           ; THIS SOFTWARE IS PROVIDED BY MICROCHIP "AS IS" AND ANY EXPRESS OR IMPLIED WARRANTIES,
    40                           ; INCLUDING, BUT NOT LIMITED TO, THE IMPLIED WARRANTIES OF MERCHANTABILITY AND FITNESS F
      +                          OR
    41                           ; PURPOSE ARE DISCLAIMED.  IN NO EVENT SHALL MICROCHIP BE LIABLE FOR ANY DIRECT, INDIREC
      +                          T,
    42                           ; INCIDENTAL, SPECIAL, EXEMPLARY, OR CONSEQUENTIAL DAMAGES (INCLUDING BUT NOT LIMITED TO
    43                           ; PROCUREMENT OF SUBSTITUTE GOODS OR SERVICES; LOSS OF USE, DATA OR PROFITS; OR BUSINESS
    44                           ; INTERRUPTION) HOWSOEVER CAUSED AND ON ANY THEORY OF LIABILITY, WHETHER IN CONTRACT, ST
      +                          RICT
    45                           ; LIABILITY, OR TORT (INCLUDING NEGLIGENCE OR OTHERWISE) ARISING IN ANY WAY OUT OF THE U
      +                          SE OF
    46                           ; THIS SOFTWARE, EVEN IF ADVISED OF THE POSSIBILITY OF SUCH DAMAGE.
    47                           ; 
    48                           ; 
    49                           ; Code-generator required, PIC18F15Q40 Definitions
    50                           ; 
    51                           ; SFR Addresses
    52   000000                     _I2C1STAT1bits	set	665
    53   000000                     _I2C1BAUD	set	669
    54   000000                     _I2C1CLK	set	670
    55   000000                     _I2C1BTObits	set	668
    56   000000                     _I2C1BTOC	set	671
    57   000000                     _I2C1PIR	set	666
    58   000000                     _OSCCON1bits	set	173
    59   000000                     _OSCFREQ	set	177
    60   000000                     _RC0PPS	set	529
    61   000000                     _I2C1CON0bits	set	660
    62   000000                     _I2C1STAT0bits	set	664
    63   000000                     _I2C1PIRbits	set	666
    64   000000                     _I2C1PIEbits	set	667
    65   000000                     _I2C1CON2bits	set	662
    66   000000                     _I2C1CON1bits	set	661
    67   000000                     _ANSELCbits	set	1040
    68   000000                     _ODCONCbits	set	1042
    69   000000                     _TRISCbits	set	1224
    70   000000                     _INTCON0bits	set	1238
    71   000000                     _PIE7bits	set	1199
    72   000000                     _PIR7bits	set	1210
    73   000000                     _I2C1SDAPPS	set	624
    74   000000                     _RC1PPS	set	530
    75   000000                     _I2C1RXB	set	650
    76   000000                     _I2C1TXB	set	651
    77   000000                     _I2C1ADR0	set	656
    78   000000                     _I2C1SCLPPS	set	625
    79   000000                     _IPR7bits	set	878
    80   000000                     _I2C1ADR1	set	657
    81   000000                     _I2C1CNTL	set	652
    82                           
    83                           ; #config settings
    84                           
    85                           	psect	cinit
    86   000212                     __pcinit:
    87                           	callstack 0
    88   000212                     start_initialization:
    89                           	callstack 0
    90   000212                     __initialization:
    91                           	callstack 0
    92                           
    93                           ; Clear objects allocated to COMRAM (16 bytes)
    94   000212  EE01  F101         	lfsr	0,__pbssCOMRAM
    95   000216  0E10               	movlw	16
    96   000218                     clear_0:
    97   000218  6AEE               	clrf	postinc0,c
    98   00021A  06E8               	decf	wreg,f,c
    99   00021C  E1FD               	bnz	clear_0
   100                           
   101                           ;
   102                           ; Setup IVTBASE
   103                           ;
   104   00021E  0104               	movlb	4
   105   000220  0E08               	movlw	(ivt0x8_base shr 0)& (0+255)
   106   000222  6F5D               	movwf	93,b
   107   000224  0E00               	movlw	(ivt0x8_base shr (0+8))& (0+255)
   108   000226  6F5E               	movwf	94,b
   109   000228  0E00               	movlw	(ivt0x8_base shr (0+16))& (0+255)
   110   00022A  6F5F               	movwf	95,b
   111   00022C                     end_of_initialization:
   112                           	callstack 0
   113   00022C                     __end_of__initialization:
   114                           	callstack 0
   115   00022C  0100               	movlb	0
   116   00022E  EF30  F001         	goto	_main	;jump to C main() function
   117                           
   118                           	psect	bssCOMRAM
   119   000501                     __pbssCOMRAM:
   120                           	callstack 0
   121   000501                     _i2cBuffer:
   122                           	callstack 0
   123   000501                     	ds	16
   124                           
   125                           	psect	cstackCOMRAM
   126   000511                     __pcstackCOMRAM:
   127                           	callstack 0
   128   000511                     i2cStart@index:
   129                           	callstack 0
   130                           
   131                           ; 2 bytes @ 0x0
   132   000511                     	ds	2
   133   000513                     i2cStart@i:
   134                           	callstack 0
   135                           
   136                           ; 2 bytes @ 0x2
   137   000513                     	ds	2
   138   000515                     ??_configI2C:
   139   000515                     
   140                           ; 1 bytes @ 0x4
   141   000515                     	ds	1
   142   000516                     
   143                           ; 1 bytes @ 0x5
   144 ;;
   145 ;;Main: autosize = 0, tempsize = 0, incstack = 0, save=0
   146 ;;
   147 ;; *************** function _main *****************
   148 ;; Defined at:
   149 ;;		line 148 in file "main.c"
   150 ;; Parameters:    Size  Location     Type
   151 ;;		None
   152 ;; Auto vars:     Size  Location     Type
   153 ;;		None
   154 ;; Return value:  Size  Location     Type
   155 ;;                  1    wreg      void 
   156 ;; Registers used:
   157 ;;		wreg, status,2, cstack
   158 ;; Tracked objects:
   159 ;;		On entry : 0/0
   160 ;;		On exit  : 0/0
   161 ;;		Unchanged: 0/0
   162 ;; Data sizes:     COMRAM   BANK5   BANK6   BANK7   BANK8   BANK9  BANK10  BANK11  BANK12
   163 ;;      Params:         0       0       0       0       0       0       0       0       0
   164 ;;      Locals:         0       0       0       0       0       0       0       0       0
   165 ;;      Temps:          0       0       0       0       0       0       0       0       0
   166 ;;      Totals:         0       0       0       0       0       0       0       0       0
   167 ;;Total ram usage:        0 bytes
   168 ;; Hardware stack levels required when called: 4
   169 ;; This function calls:
   170 ;;		_loop
   171 ;;		_setup
   172 ;; This function is called by:
   173 ;;		Startup code after reset
   174 ;; This function uses a non-reentrant model
   175 ;;
   176                           
   177                           	psect	text0
   178   000260                     __ptext0:
   179                           	callstack 0
   180   000260                     _main:
   181                           	callstack 123
   182   000260                     
   183                           ;main.c: 149:     setup();
   184   000260  EC26  F001         	call	_setup	;wreg free
   185   000264                     l106:
   186                           
   187                           ;main.c: 151:         loop();
   188   000264  EC38  F001         	call	_loop	;wreg free
   189   000268  EF32  F001         	goto	l106
   190   00026C  EF5D  F000         	goto	start
   191   000270                     __end_of_main:
   192                           	callstack 0
   193                           
   194 ;; *************** function _setup *****************
   195 ;; Defined at:
   196 ;;		line 137 in file "main.c"
   197 ;; Parameters:    Size  Location     Type
   198 ;;		None
   199 ;; Auto vars:     Size  Location     Type
   200 ;;		None
   201 ;; Return value:  Size  Location     Type
   202 ;;                  1    wreg      void 
   203 ;; Registers used:
   204 ;;		wreg, status,2, cstack
   205 ;; Tracked objects:
   206 ;;		On entry : 0/0
   207 ;;		On exit  : 0/0
   208 ;;		Unchanged: 0/0
   209 ;; Data sizes:     COMRAM   BANK5   BANK6   BANK7   BANK8   BANK9  BANK10  BANK11  BANK12
   210 ;;      Params:         0       0       0       0       0       0       0       0       0
   211 ;;      Locals:         0       0       0       0       0       0       0       0       0
   212 ;;      Temps:          0       0       0       0       0       0       0       0       0
   213 ;;      Totals:         0       0       0       0       0       0       0       0       0
   214 ;;Total ram usage:        0 bytes
   215 ;; Hardware stack levels used: 1
   216 ;; Hardware stack levels required when called: 3
   217 ;; This function calls:
   218 ;;		_configI2C
   219 ;; This function is called by:
   220 ;;		_main
   221 ;; This function uses a non-reentrant model
   222 ;;
   223                           
   224                           	psect	text1
   225   00024C                     __ptext1:
   226                           	callstack 0
   227   00024C                     _setup:
   228                           	callstack 123
   229   00024C                     
   230                           ;main.c: 138:     OSCFREQ = 0b0010;
   231   00024C  0E02               	movlw	2
   232   00024E  0100               	movlb	0	; () banked
   233   000250  6FB1               	movwf	177,b	;volatile
   234                           
   235                           ;main.c: 139:     OSCCON1bits.NOSC = 0b110;
   236   000252  51AD               	movf	173,w,b	;volatile
   237   000254  0B8F               	andlw	-113
   238   000256  0960               	iorlw	96
   239   000258  6FAD               	movwf	173,b	;volatile
   240   00025A                     
   241                           ; BSR set to: 0
   242                           ;main.c: 141:     configI2C();
   243   00025A  ECC1  F000         	call	_configI2C	;wreg free
   244   00025E  0012               	return		;funcret
   245   000260                     __end_of_setup:
   246                           	callstack 0
   247                           
   248 ;; *************** function _configI2C *****************
   249 ;; Defined at:
   250 ;;		line 15 in file "main.c"
   251 ;; Parameters:    Size  Location     Type
   252 ;;		None
   253 ;; Auto vars:     Size  Location     Type
   254 ;;		None
   255 ;; Return value:  Size  Location     Type
   256 ;;                  1    wreg      void 
   257 ;; Registers used:
   258 ;;		wreg, status,2
   259 ;; Tracked objects:
   260 ;;		On entry : 0/0
   261 ;;		On exit  : 0/0
   262 ;;		Unchanged: 0/0
   263 ;; Data sizes:     COMRAM   BANK5   BANK6   BANK7   BANK8   BANK9  BANK10  BANK11  BANK12
   264 ;;      Params:         0       0       0       0       0       0       0       0       0
   265 ;;      Locals:         0       0       0       0       0       0       0       0       0
   266 ;;      Temps:          1       0       0       0       0       0       0       0       0
   267 ;;      Totals:         1       0       0       0       0       0       0       0       0
   268 ;;Total ram usage:        1 bytes
   269 ;; Hardware stack levels used: 1
   270 ;; Hardware stack levels required when called: 2
   271 ;; This function calls:
   272 ;;		Nothing
   273 ;; This function is called by:
   274 ;;		_setup
   275 ;; This function uses a non-reentrant model
   276 ;;
   277                           
   278                           	psect	text2
   279   000182                     __ptext2:
   280                           	callstack 0
   281   000182                     _configI2C:
   282                           	callstack 123
   283   000182                     
   284                           ;main.c: 16:     I2C1CON0bits.EN = 0;
   285   000182  0102               	movlb	2	; () banked
   286   000184  9F94               	bcf	148,7,b	;volatile
   287                           
   288                           ;main.c: 21:     ANSELCbits.ANSELC0 = 0;
   289   000186  0104               	movlb	4	; () banked
   290   000188  9110               	bcf	16,0,b	;volatile
   291                           
   292                           ;main.c: 22:     ANSELCbits.ANSELC1 = 0;
   293   00018A  9310               	bcf	16,1,b	;volatile
   294                           
   295                           ;main.c: 26:     TRISCbits.TRISC0 = 0;
   296   00018C  90C8               	bcf	200,0,c	;volatile
   297                           
   298                           ;main.c: 27:     TRISCbits.TRISC1 = 0;
   299   00018E  92C8               	bcf	200,1,c	;volatile
   300                           
   301                           ;main.c: 29:     ODCONCbits.ODCC0 = 1;
   302   000190  8112               	bsf	18,0,b	;volatile
   303                           
   304                           ;main.c: 30:     ODCONCbits.ODCC1 = 1;
   305   000192  8312               	bsf	18,1,b	;volatile
   306   000194                     
   307                           ; BSR set to: 4
   308                           ;main.c: 33:     RC0PPS = 0x22;
   309   000194  0E22               	movlw	34
   310   000196  0102               	movlb	2	; () banked
   311   000198  6F11               	movwf	17,b	;volatile
   312                           
   313                           ;main.c: 34:     RC1PPS = 0x21;
   314   00019A  0E21               	movlw	33
   315   00019C  6F12               	movwf	18,b	;volatile
   316                           
   317                           ;main.c: 37:     I2C1SDAPPS = 0b010000;
   318   00019E  0E10               	movlw	16
   319   0001A0  6F70               	movwf	112,b	;volatile
   320                           
   321                           ;main.c: 38:     I2C1SCLPPS = 0b010001;
   322   0001A2  0E11               	movlw	17
   323   0001A4  6F71               	movwf	113,b	;volatile
   324                           
   325                           ;main.c: 41:     I2C1CON0bits.MODE = 0b000;
   326   0001A6  0EF8               	movlw	-8
   327   0001A8  1794               	andwf	148,f,b	;volatile
   328   0001AA                     
   329                           ; BSR set to: 2
   330                           ;main.c: 42:     I2C1CON0bits.CSTR = 0;
   331   0001AA  9994               	bcf	148,4,b	;volatile
   332   0001AC                     
   333                           ; BSR set to: 2
   334                           ;main.c: 44:     I2C1CON1bits.CSD = 0;
   335   0001AC  9195               	bcf	149,0,b	;volatile
   336   0001AE                     
   337                           ; BSR set to: 2
   338                           ;main.c: 46:     I2C1CON2bits.ACNT = 0;
   339   0001AE  9F96               	bcf	150,7,b	;volatile
   340   0001B0                     
   341                           ; BSR set to: 2
   342                           ;main.c: 47:     I2C1CON2bits.GCEN = 1;
   343   0001B0  8D96               	bsf	150,6,b	;volatile
   344   0001B2                     
   345                           ; BSR set to: 2
   346                           ;main.c: 48:     I2C1CON2bits.ABD = 0;
   347   0001B2  9996               	bcf	150,4,b	;volatile
   348                           
   349                           ;main.c: 49:     I2C1CON2bits.SDAHT = 0b00;
   350   0001B4  0EF3               	movlw	-13
   351   0001B6  1796               	andwf	150,f,b	;volatile
   352   0001B8                     
   353                           ; BSR set to: 2
   354                           ;main.c: 51:     I2C1PIEbits.CNT1IE = 0;
   355   0001B8  9F9B               	bcf	155,7,b	;volatile
   356   0001BA                     
   357                           ; BSR set to: 2
   358                           ;main.c: 52:     I2C1PIEbits.ACKTIE = 0;
   359   0001BA  9D9B               	bcf	155,6,b	;volatile
   360   0001BC                     
   361                           ; BSR set to: 2
   362                           ;main.c: 53:     I2C1PIEbits.WRIE = 0;
   363   0001BC  999B               	bcf	155,4,b	;volatile
   364   0001BE                     
   365                           ; BSR set to: 2
   366                           ;main.c: 54:     I2C1PIEbits.ADRIE = 1;
   367   0001BE  879B               	bsf	155,3,b	;volatile
   368   0001C0                     
   369                           ; BSR set to: 2
   370                           ;main.c: 55:     I2C1PIEbits.PCIE = 0;
   371   0001C0  959B               	bcf	155,2,b	;volatile
   372   0001C2                     
   373                           ; BSR set to: 2
   374                           ;main.c: 56:     I2C1PIEbits.RSCIE = 0;
   375   0001C2  939B               	bcf	155,1,b	;volatile
   376   0001C4                     
   377                           ; BSR set to: 2
   378                           ;main.c: 57:     I2C1PIEbits.SCIE = 1;
   379   0001C4  819B               	bsf	155,0,b	;volatile
   380   0001C6                     
   381                           ; BSR set to: 2
   382                           ;main.c: 60:     I2C1PIRbits.PCIF = 0;
   383   0001C6  959A               	bcf	154,2,b	;volatile
   384   0001C8                     
   385                           ; BSR set to: 2
   386                           ;main.c: 61:     I2C1PIRbits.SCIF = 0;
   387   0001C8  919A               	bcf	154,0,b	;volatile
   388   0001CA                     
   389                           ; BSR set to: 2
   390                           ;main.c: 62:     I2C1PIRbits.RSCIF = 0;
   391   0001CA  939A               	bcf	154,1,b	;volatile
   392                           
   393                           ;main.c: 64:     I2C1BTOC = 0x03;
   394   0001CC  0E03               	movlw	3
   395   0001CE  6F9F               	movwf	159,b	;volatile
   396   0001D0                     
   397                           ; BSR set to: 2
   398                           ;main.c: 65:     I2C1BTObits.TOREC = 1;
   399   0001D0  8F9C               	bsf	156,7,b	;volatile
   400   0001D2                     
   401                           ; BSR set to: 2
   402                           ;main.c: 66:     I2C1BTObits.TOBY32 = 0;
   403   0001D2  9D9C               	bcf	156,6,b	;volatile
   404                           
   405                           ;main.c: 67:     I2C1BTObits.TOTIME = 0x23;
   406   0001D4  519C               	movf	156,w,b	;volatile
   407   0001D6  0BC0               	andlw	-64
   408   0001D8  0923               	iorlw	35
   409   0001DA  6F9C               	movwf	156,b	;volatile
   410   0001DC                     
   411                           ; BSR set to: 2
   412                           ;main.c: 69:     I2C1ADR0 = 0xFF;
   413   0001DC  6990               	setf	144,b	;volatile
   414   0001DE                     
   415                           ; BSR set to: 2
   416                           ;main.c: 70:     I2C1ADR1 = 0xFF;
   417   0001DE  6991               	setf	145,b	;volatile
   418                           
   419                           ;main.c: 72:     I2C1CLK = 0b0011;
   420   0001E0  0E03               	movlw	3
   421   0001E2  6F9E               	movwf	158,b	;volatile
   422                           
   423                           ;main.c: 73:     I2C1BAUD = 0x04;
   424   0001E4  0E04               	movlw	4
   425   0001E6  6F9D               	movwf	157,b	;volatile
   426   0001E8                     
   427                           ; BSR set to: 2
   428                           ;main.c: 76:     INTCON0bits.GIE = 1;
   429   0001E8  8ED6               	bsf	214,7,c	;volatile
   430   0001EA                     
   431                           ; BSR set to: 2
   432                           ;main.c: 77:     INTCON0bits.IPEN = 1;
   433   0001EA  8AD6               	bsf	214,5,c	;volatile
   434   0001EC                     
   435                           ; BSR set to: 2
   436                           ;main.c: 80:     IPR7bits.I2C1IP = 1;
   437   0001EC  0103               	movlb	3	; () banked
   438   0001EE  856E               	bsf	110,2,b	;volatile
   439   0001F0                     
   440                           ; BSR set to: 3
   441                           ;main.c: 81:     PIR7bits.I2C1IF = 0;
   442   0001F0  94BA               	bcf	186,2,c	;volatile
   443   0001F2                     
   444                           ; BSR set to: 3
   445                           ;main.c: 82:     PIE7bits.I2C1IE = 1;
   446   0001F2  84AF               	bsf	175,2,c	;volatile
   447   0001F4                     
   448                           ; BSR set to: 3
   449                           ;main.c: 84:     I2C1PIRbits.PCIF = 0;
   450   0001F4  0102               	movlb	2	; () banked
   451   0001F6  959A               	bcf	154,2,b	;volatile
   452   0001F8                     
   453                           ; BSR set to: 2
   454                           ;main.c: 86:     I2C1CON0bits.EN = 1;
   455   0001F8  8F94               	bsf	148,7,b	;volatile
   456   0001FA                     
   457                           ; BSR set to: 2
   458                           ;main.c: 88:     _delay((unsigned long)((10)*(4000000/4000.0)));
   459   0001FA  0E0D               	movlw	13
   460   0001FC  6E15               	movwf	??_configI2C^(0+1280),c
   461   0001FE  0EFC               	movlw	252
   462   000200                     u107:
   463   000200  2EE8               	decfsz	wreg,f,c
   464   000202  D7FE               	bra	u107
   465   000204  2E15               	decfsz	??_configI2C^(0+1280),f,c
   466   000206  D7FC               	bra	u107
   467   000208                     
   468                           ;main.c: 90:     I2C1PIEbits.PCIE = 0;
   469   000208  0102               	movlb	2	; () banked
   470   00020A  959B               	bcf	155,2,b	;volatile
   471   00020C                     
   472                           ; BSR set to: 2
   473                           ;main.c: 91:     I2C1PIEbits.RSCIE = 1;
   474   00020C  839B               	bsf	155,1,b	;volatile
   475   00020E                     
   476                           ; BSR set to: 2
   477                           ;main.c: 92:     I2C1PIEbits.SCIE = 1;
   478   00020E  819B               	bsf	155,0,b	;volatile
   479   000210                     
   480                           ; BSR set to: 2
   481   000210  0012               	return		;funcret
   482   000212                     __end_of_configI2C:
   483                           	callstack 0
   484                           
   485 ;; *************** function _loop *****************
   486 ;; Defined at:
   487 ;;		line 144 in file "main.c"
   488 ;; Parameters:    Size  Location     Type
   489 ;;		None
   490 ;; Auto vars:     Size  Location     Type
   491 ;;		None
   492 ;; Return value:  Size  Location     Type
   493 ;;                  1    wreg      void 
   494 ;; Registers used:
   495 ;;		wreg, status,2
   496 ;; Tracked objects:
   497 ;;		On entry : 0/0
   498 ;;		On exit  : 0/0
   499 ;;		Unchanged: 0/0
   500 ;; Data sizes:     COMRAM   BANK5   BANK6   BANK7   BANK8   BANK9  BANK10  BANK11  BANK12
   501 ;;      Params:         0       0       0       0       0       0       0       0       0
   502 ;;      Locals:         0       0       0       0       0       0       0       0       0
   503 ;;      Temps:          0       0       0       0       0       0       0       0       0
   504 ;;      Totals:         0       0       0       0       0       0       0       0       0
   505 ;;Total ram usage:        0 bytes
   506 ;; Hardware stack levels used: 1
   507 ;; Hardware stack levels required when called: 2
   508 ;; This function calls:
   509 ;;		Nothing
   510 ;; This function is called by:
   511 ;;		_main
   512 ;; This function uses a non-reentrant model
   513 ;;
   514                           
   515                           	psect	text3
   516   000270                     __ptext3:
   517                           	callstack 0
   518   000270                     _loop:
   519                           	callstack 124
   520   000270                     
   521                           ;main.c: 145:     I2C1CNTL = 0x0F;
   522   000270  0E0F               	movlw	15
   523   000272  0102               	movlb	2	; () banked
   524   000274  6F8C               	movwf	140,b	;volatile
   525   000276                     
   526                           ; BSR set to: 2
   527   000276  0012               	return		;funcret
   528   000278                     __end_of_loop:
   529                           	callstack 0
   530                           
   531 ;; *************** function _ISR *****************
   532 ;; Defined at:
   533 ;;		line 130 in file "main.c"
   534 ;; Parameters:    Size  Location     Type
   535 ;;		None
   536 ;; Auto vars:     Size  Location     Type
   537 ;;		None
   538 ;; Return value:  Size  Location     Type
   539 ;;                  1    wreg      void 
   540 ;; Registers used:
   541 ;;		wreg, fsr2l, fsr2h, status,2, status,0, cstack
   542 ;; Tracked objects:
   543 ;;		On entry : 0/0
   544 ;;		On exit  : 0/0
   545 ;;		Unchanged: 0/0
   546 ;; Data sizes:     COMRAM   BANK5   BANK6   BANK7   BANK8   BANK9  BANK10  BANK11  BANK12
   547 ;;      Params:         0       0       0       0       0       0       0       0       0
   548 ;;      Locals:         0       0       0       0       0       0       0       0       0
   549 ;;      Temps:          0       0       0       0       0       0       0       0       0
   550 ;;      Totals:         0       0       0       0       0       0       0       0       0
   551 ;;Total ram usage:        0 bytes
   552 ;; Hardware stack levels used: 1
   553 ;; Hardware stack levels required when called: 1
   554 ;; This function calls:
   555 ;;		_i2cStart
   556 ;; This function is called by:
   557 ;;		Interrupt level 2
   558 ;; This function uses a non-reentrant model
   559 ;;
   560                           
   561                           	psect	text4
   562   000234                     __ptext4:
   563                           	callstack 0
   564   000234                     _ISR:
   565                           	callstack 123
   566   000234                     
   567                           ;main.c: 131:     if(I2C1PIRbits.SCIF == 1){
   568   000234  0102               	movlb	2	; () banked
   569   000236  A19A               	btfss	154,0,b	;volatile
   570   000238  EF20  F001         	goto	i2u9_41
   571   00023C  EF22  F001         	goto	i2u9_40
   572   000240                     i2u9_41:
   573   000240  EF25  F001         	goto	i2l95
   574   000244                     i2u9_40:
   575   000244                     
   576                           ; BSR set to: 2
   577                           ;main.c: 132:         I2C1PIRbits.SCIF = 0;
   578   000244  919A               	bcf	154,0,b	;volatile
   579   000246                     
   580                           ; BSR set to: 2
   581                           ;main.c: 133:         i2cStart();
   582   000246  EC5F  F000         	call	_i2cStart	;wreg free
   583   00024A                     i2l95:
   584   00024A  0011               	retfie		f
   585   00024C                     __end_of_ISR:
   586                           	callstack 0
   587                           
   588 ;; *************** function _i2cStart *****************
   589 ;; Defined at:
   590 ;;		line 95 in file "main.c"
   591 ;; Parameters:    Size  Location     Type
   592 ;;		None
   593 ;; Auto vars:     Size  Location     Type
   594 ;;  i               2    2[COMRAM] int 
   595 ;;  index           2    0[COMRAM] int 
   596 ;; Return value:  Size  Location     Type
   597 ;;                  1    wreg      void 
   598 ;; Registers used:
   599 ;;		wreg, fsr2l, fsr2h, status,2, status,0
   600 ;; Tracked objects:
   601 ;;		On entry : 0/0
   602 ;;		On exit  : 0/0
   603 ;;		Unchanged: 0/0
   604 ;; Data sizes:     COMRAM   BANK5   BANK6   BANK7   BANK8   BANK9  BANK10  BANK11  BANK12
   605 ;;      Params:         0       0       0       0       0       0       0       0       0
   606 ;;      Locals:         4       0       0       0       0       0       0       0       0
   607 ;;      Temps:          0       0       0       0       0       0       0       0       0
   608 ;;      Totals:         4       0       0       0       0       0       0       0       0
   609 ;;Total ram usage:        4 bytes
   610 ;; Hardware stack levels used: 1
   611 ;; This function calls:
   612 ;;		Nothing
   613 ;; This function is called by:
   614 ;;		_ISR
   615 ;; This function uses a non-reentrant model
   616 ;;
   617                           
   618                           	psect	text5
   619   0000BE                     __ptext5:
   620                           	callstack 0
   621   0000BE                     _i2cStart:
   622                           	callstack 123
   623   0000BE                     i2l70:
   624   0000BE  0102               	movlb	2	; () banked
   625   0000C0  AD98               	btfss	152,6,b	;volatile
   626   0000C2  EF65  F000         	goto	i2u1_41
   627   0000C6  EF67  F000         	goto	i2u1_40
   628   0000CA                     i2u1_41:
   629   0000CA  EF5F  F000         	goto	i2l70
   630   0000CE                     i2u1_40:
   631   0000CE                     
   632                           ; BSR set to: 2
   633                           ;main.c: 104:     if(I2C1STAT0bits.R == 1){
   634   0000CE  A998               	btfss	152,4,b	;volatile
   635   0000D0  EF6C  F000         	goto	i2u2_41
   636   0000D4  EF6E  F000         	goto	i2u2_40
   637   0000D8                     i2u2_41:
   638   0000D8  EF8C  F000         	goto	i2l79
   639   0000DC                     i2u2_40:
   640   0000DC                     
   641                           ; BSR set to: 2
   642                           ;main.c: 105:         I2C1CON0bits.CSTR = 0;
   643   0000DC  9994               	bcf	148,4,b	;volatile
   644   0000DE                     
   645                           ; BSR set to: 2
   646                           ;main.c: 106:         for(int i = 1; i < 13; i ++){
   647   0000DE  0E00               	movlw	0
   648   0000E0  6E14               	movwf	(i2cStart@i+1)^(0+1280),c
   649   0000E2  0E01               	movlw	1
   650   0000E4  6E13               	movwf	i2cStart@i^(0+1280),c
   651   0000E6                     i2l859:
   652                           
   653                           ; BSR set to: 2
   654                           ;main.c: 107:             I2C1TXB = i+1;
   655   0000E6  2813               	incf	i2cStart@i^(0+1280),w,c
   656   0000E8  6F8B               	movwf	139,b	;volatile
   657   0000EA                     i2l76:
   658                           
   659                           ; BSR set to: 2
   660   0000EA  AB99               	btfss	153,5,b	;volatile
   661   0000EC  EF7A  F000         	goto	i2u3_41
   662   0000F0  EF7C  F000         	goto	i2u3_40
   663   0000F4                     i2u3_41:
   664   0000F4  EF75  F000         	goto	i2l76
   665   0000F8                     i2u3_40:
   666   0000F8                     
   667                           ; BSR set to: 2
   668                           ;main.c: 109:         }
   669   0000F8  4A13               	infsnz	i2cStart@i^(0+1280),f,c
   670   0000FA  2A14               	incf	(i2cStart@i+1)^(0+1280),f,c
   671   0000FC                     
   672                           ; BSR set to: 2
   673   0000FC  BE14               	btfsc	(i2cStart@i+1)^(0+1280),7,c
   674   0000FE  EF8A  F000         	goto	i2u4_41
   675   000102  5014               	movf	(i2cStart@i+1)^(0+1280),w,c
   676   000104  E109               	bnz	i2u4_40
   677   000106  0E0D               	movlw	13
   678   000108  5C13               	subwf	i2cStart@i^(0+1280),w,c
   679   00010A  A0D8               	btfss	status,0,c
   680   00010C  EF8A  F000         	goto	i2u4_41
   681   000110  EF8C  F000         	goto	i2u4_40
   682   000114                     i2u4_41:
   683   000114  EF73  F000         	goto	i2l859
   684   000118                     i2u4_40:
   685   000118                     i2l79:
   686                           
   687                           ; BSR set to: 2
   688   000118  A995               	btfss	149,4,b	;volatile
   689   00011A  EF91  F000         	goto	i2u5_41
   690   00011E  EF93  F000         	goto	i2u5_40
   691   000122                     i2u5_41:
   692   000122  EF8C  F000         	goto	i2l79
   693   000126                     i2u5_40:
   694   000126                     
   695                           ; BSR set to: 2
   696                           ;main.c: 113:     if(I2C1STAT0bits.R == 0){
   697   000126  B998               	btfsc	152,4,b	;volatile
   698   000128  EF98  F000         	goto	i2u6_41
   699   00012C  EF9A  F000         	goto	i2u6_40
   700   000130                     i2u6_41:
   701   000130  EFBC  F000         	goto	i2l82
   702   000134                     i2u6_40:
   703   000134                     
   704                           ; BSR set to: 2
   705                           ;main.c: 114:         int index = 0;
   706   000134  0E00               	movlw	0
   707   000136  6E12               	movwf	(i2cStart@index+1)^(0+1280),c
   708   000138  0E00               	movlw	0
   709   00013A  6E11               	movwf	i2cStart@index^(0+1280),c
   710                           
   711                           ;main.c: 115:         while(I2C1CNTL > 0){
   712   00013C  EFB4  F000         	goto	i2l875
   713   000140                     i2l84:
   714                           
   715                           ; BSR set to: 2
   716                           ;main.c: 116:             I2C1CON0bits.CSTR = 0;
   717   000140  9994               	bcf	148,4,b	;volatile
   718   000142                     i2l85:
   719                           
   720                           ; BSR set to: 2
   721   000142  A199               	btfss	153,0,b	;volatile
   722   000144  EFA6  F000         	goto	i2u7_41
   723   000148  EFA8  F000         	goto	i2u7_40
   724   00014C                     i2u7_41:
   725   00014C  EFA1  F000         	goto	i2l85
   726   000150                     i2u7_40:
   727   000150                     
   728                           ; BSR set to: 2
   729                           ;main.c: 118:             i2cBuffer[index] = I2C1RXB;
   730   000150  0E01               	movlw	low _i2cBuffer
   731   000152  2411               	addwf	i2cStart@index^(0+1280),w,c
   732   000154  6ED9               	movwf	fsr2l,c
   733   000156  0E05               	movlw	high _i2cBuffer
   734   000158  2012               	addwfc	(i2cStart@index+1)^(0+1280),w,c
   735   00015A  6EDA               	movwf	fsr2h,c
   736   00015C  C28A F4DF          	movff	650,indf2	;volatile
   737   000160                     
   738                           ; BSR set to: 2
   739                           ;main.c: 119:             I2C1CON1bits.ACKDT = 0;
   740   000160  9D95               	bcf	149,6,b	;volatile
   741   000162                     
   742                           ; BSR set to: 2
   743                           ;main.c: 120:             I2C1CON0bits.CSTR = 0;
   744   000162  9994               	bcf	148,4,b	;volatile
   745   000164                     
   746                           ; BSR set to: 2
   747                           ;main.c: 121:             index++;
   748   000164  4A11               	infsnz	i2cStart@index^(0+1280),f,c
   749   000166  2A12               	incf	(i2cStart@index+1)^(0+1280),f,c
   750   000168                     i2l875:
   751                           
   752                           ; BSR set to: 2
   753                           ;main.c: 115:         while(I2C1CNTL > 0){
   754   000168  518C               	movf	140,w,b	;volatile
   755   00016A  A4D8               	btfss	status,2,c
   756   00016C  EFBA  F000         	goto	i2u8_41
   757   000170  EFBC  F000         	goto	i2u8_40
   758   000174                     i2u8_41:
   759   000174  EFA0  F000         	goto	i2l84
   760   000178                     i2u8_40:
   761   000178                     i2l82:
   762                           
   763                           ; BSR set to: 2
   764                           ;main.c: 125:     I2C1CON0bits.EN = 0;
   765   000178  9F94               	bcf	148,7,b	;volatile
   766   00017A                     
   767                           ; BSR set to: 2
   768                           ;main.c: 126:     I2C1PIR = 0x00;
   769   00017A  0E00               	movlw	0
   770   00017C  6F9A               	movwf	154,b	;volatile
   771   00017E                     
   772                           ; BSR set to: 2
   773                           ;main.c: 127:     I2C1CON0bits.EN = 1;
   774   00017E  8F94               	bsf	148,7,b	;volatile
   775   000180                     
   776                           ; BSR set to: 2
   777   000180  0012               	return		;funcret
   778   000182                     __end_of_i2cStart:
   779                           	callstack 0
   780                           
   781                           ;
   782                           ; Interrupt Vector Table @ 0x8
   783                           ;
   784                           
   785                           	psect	ivt0x8
   786   000008                     __pivt0x8:
   787                           	callstack 0
   788   000008                     ivt0x8_base:
   789                           	callstack 0
   790                           
   791                           ; Vector 0 : SWINT
   792   000008  002E               	dw	ivt0x8_undefint shr (0+2)
   793                           
   794                           ; Vector 1 : HLVD
   795   00000A  002E               	dw	ivt0x8_undefint shr (0+2)
   796                           
   797                           ; Vector 2 : OSF
   798   00000C  002E               	dw	ivt0x8_undefint shr (0+2)
   799                           
   800                           ; Vector 3 : CSW
   801   00000E  002E               	dw	ivt0x8_undefint shr (0+2)
   802                           
   803                           ; Vector 4 : NVMIP
   804   000010  002E               	dw	ivt0x8_undefint shr (0+2)
   805                           
   806                           ; Vector 5 : CLC1
   807   000012  002E               	dw	ivt0x8_undefint shr (0+2)
   808                           
   809                           ; Vector 6 : CRC
   810   000014  002E               	dw	ivt0x8_undefint shr (0+2)
   811                           
   812                           ; Vector 7 : IOC
   813   000016  002E               	dw	ivt0x8_undefint shr (0+2)
   814                           
   815                           ; Vector 8 : INT0
   816   000018  002E               	dw	ivt0x8_undefint shr (0+2)
   817                           
   818                           ; Vector 9 : ZCD
   819   00001A  002E               	dw	ivt0x8_undefint shr (0+2)
   820                           
   821                           ; Vector 10 : AD
   822   00001C  002E               	dw	ivt0x8_undefint shr (0+2)
   823                           
   824                           ; Vector 11 : ACT
   825   00001E  002E               	dw	ivt0x8_undefint shr (0+2)
   826                           
   827                           ; Vector 12 : CMP1
   828   000020  002E               	dw	ivt0x8_undefint shr (0+2)
   829                           
   830                           ; Vector 13 : SMT1
   831   000022  002E               	dw	ivt0x8_undefint shr (0+2)
   832                           
   833                           ; Vector 14 : SMT1PRA
   834   000024  002E               	dw	ivt0x8_undefint shr (0+2)
   835                           
   836                           ; Vector 15 : SMT1PWA
   837   000026  002E               	dw	ivt0x8_undefint shr (0+2)
   838                           
   839                           ; Vector 16 : ADT
   840   000028  002E               	dw	ivt0x8_undefint shr (0+2)
   841                           
   842                           ; Vector 17 : Undefined
   843   00002A  002E               	dw	ivt0x8_undefint shr (0+2)
   844                           
   845                           ; Vector 18 : Undefined
   846   00002C  002E               	dw	ivt0x8_undefint shr (0+2)
   847                           
   848                           ; Vector 19 : Undefined
   849   00002E  002E               	dw	ivt0x8_undefint shr (0+2)
   850                           
   851                           ; Vector 20 : DMA1SCNT
   852   000030  002E               	dw	ivt0x8_undefint shr (0+2)
   853                           
   854                           ; Vector 21 : DMA1DCNT
   855   000032  002E               	dw	ivt0x8_undefint shr (0+2)
   856                           
   857                           ; Vector 22 : DMA1OR
   858   000034  002E               	dw	ivt0x8_undefint shr (0+2)
   859                           
   860                           ; Vector 23 : DMA1A
   861   000036  002E               	dw	ivt0x8_undefint shr (0+2)
   862                           
   863                           ; Vector 24 : SPI1RX
   864   000038  002E               	dw	ivt0x8_undefint shr (0+2)
   865                           
   866                           ; Vector 25 : SPI1TX
   867   00003A  002E               	dw	ivt0x8_undefint shr (0+2)
   868                           
   869                           ; Vector 26 : SPI1
   870   00003C  002E               	dw	ivt0x8_undefint shr (0+2)
   871                           
   872                           ; Vector 27 : TMR2
   873   00003E  002E               	dw	ivt0x8_undefint shr (0+2)
   874                           
   875                           ; Vector 28 : TMR1
   876   000040  002E               	dw	ivt0x8_undefint shr (0+2)
   877                           
   878                           ; Vector 29 : TMR1G
   879   000042  002E               	dw	ivt0x8_undefint shr (0+2)
   880                           
   881                           ; Vector 30 : CCP1
   882   000044  002E               	dw	ivt0x8_undefint shr (0+2)
   883                           
   884                           ; Vector 31 : TMR0
   885   000046  002E               	dw	ivt0x8_undefint shr (0+2)
   886                           
   887                           ; Vector 32 : U1RX
   888   000048  002E               	dw	ivt0x8_undefint shr (0+2)
   889                           
   890                           ; Vector 33 : U1TX
   891   00004A  002E               	dw	ivt0x8_undefint shr (0+2)
   892                           
   893                           ; Vector 34 : U1E
   894   00004C  002E               	dw	ivt0x8_undefint shr (0+2)
   895                           
   896                           ; Vector 35 : U1
   897   00004E  002E               	dw	ivt0x8_undefint shr (0+2)
   898                           
   899                           ; Vector 36 : TMR3
   900   000050  002E               	dw	ivt0x8_undefint shr (0+2)
   901                           
   902                           ; Vector 37 : TMR3G
   903   000052  002E               	dw	ivt0x8_undefint shr (0+2)
   904                           
   905                           ; Vector 38 : PWM1PR
   906   000054  002E               	dw	ivt0x8_undefint shr (0+2)
   907                           
   908                           ; Vector 39 : PWM1
   909   000056  002E               	dw	ivt0x8_undefint shr (0+2)
   910                           
   911                           ; Vector 40 : SPI2RX
   912   000058  002E               	dw	ivt0x8_undefint shr (0+2)
   913                           
   914                           ; Vector 41 : SPI2TX
   915   00005A  002E               	dw	ivt0x8_undefint shr (0+2)
   916                           
   917                           ; Vector 42 : SPI2
   918   00005C  002E               	dw	ivt0x8_undefint shr (0+2)
   919                           
   920                           ; Vector 43 : Undefined
   921   00005E  002E               	dw	ivt0x8_undefint shr (0+2)
   922                           
   923                           ; Vector 44 : CMP2
   924   000060  002E               	dw	ivt0x8_undefint shr (0+2)
   925                           
   926                           ; Vector 45 : CLC2
   927   000062  002E               	dw	ivt0x8_undefint shr (0+2)
   928                           
   929                           ; Vector 46 : PWM2PR
   930   000064  002E               	dw	ivt0x8_undefint shr (0+2)
   931                           
   932                           ; Vector 47 : PWM2
   933   000066  002E               	dw	ivt0x8_undefint shr (0+2)
   934                           
   935                           ; Vector 48 : INT1
   936   000068  002E               	dw	ivt0x8_undefint shr (0+2)
   937                           
   938                           ; Vector 49 : CWG1
   939   00006A  002E               	dw	ivt0x8_undefint shr (0+2)
   940                           
   941                           ; Vector 50 : NCO1
   942   00006C  002E               	dw	ivt0x8_undefint shr (0+2)
   943                           
   944                           ; Vector 51 : DMA2SCNT
   945   00006E  002E               	dw	ivt0x8_undefint shr (0+2)
   946                           
   947                           ; Vector 52 : DMA2DCNT
   948   000070  002E               	dw	ivt0x8_undefint shr (0+2)
   949                           
   950                           ; Vector 53 : DMA2OR
   951   000072  002E               	dw	ivt0x8_undefint shr (0+2)
   952                           
   953                           ; Vector 54 : DMA2A
   954   000074  002E               	dw	ivt0x8_undefint shr (0+2)
   955                           
   956                           ; Vector 55 : Undefined
   957   000076  002E               	dw	ivt0x8_undefint shr (0+2)
   958                           
   959                           ; Vector 56 : I2C1RX
   960   000078  002E               	dw	ivt0x8_undefint shr (0+2)
   961                           
   962                           ; Vector 57 : I2C1TX
   963   00007A  002E               	dw	ivt0x8_undefint shr (0+2)
   964                           
   965                           ; Vector 58 : I2C1
   966   00007C  008D               	dw	_ISR shr (0+2)
   967                           
   968                           ; Vector 59 : I2C1E
   969   00007E  002E               	dw	ivt0x8_undefint shr (0+2)
   970                           
   971                           ; Vector 60 : Undefined
   972   000080  002E               	dw	ivt0x8_undefint shr (0+2)
   973                           
   974                           ; Vector 61 : CLC3
   975   000082  002E               	dw	ivt0x8_undefint shr (0+2)
   976                           
   977                           ; Vector 62 : PWM3PR
   978   000084  002E               	dw	ivt0x8_undefint shr (0+2)
   979                           
   980                           ; Vector 63 : PWM3
   981   000086  002E               	dw	ivt0x8_undefint shr (0+2)
   982                           
   983                           ; Vector 64 : U2RX
   984   000088  002E               	dw	ivt0x8_undefint shr (0+2)
   985                           
   986                           ; Vector 65 : U2TX
   987   00008A  002E               	dw	ivt0x8_undefint shr (0+2)
   988                           
   989                           ; Vector 66 : U2E
   990   00008C  002E               	dw	ivt0x8_undefint shr (0+2)
   991                           
   992                           ; Vector 67 : U2
   993   00008E  002E               	dw	ivt0x8_undefint shr (0+2)
   994                           
   995                           ; Vector 68 : Undefined
   996   000090  002E               	dw	ivt0x8_undefint shr (0+2)
   997                           
   998                           ; Vector 69 : CLC4
   999   000092  002E               	dw	ivt0x8_undefint shr (0+2)
  1000                           
  1001                           ; Vector 70 : Undefined
  1002   000094  002E               	dw	ivt0x8_undefint shr (0+2)
  1003                           
  1004                           ; Vector 71 : SCAN
  1005   000096  002E               	dw	ivt0x8_undefint shr (0+2)
  1006                           
  1007                           ; Vector 72 : U3RX
  1008   000098  002E               	dw	ivt0x8_undefint shr (0+2)
  1009                           
  1010                           ; Vector 73 : U3TX
  1011   00009A  002E               	dw	ivt0x8_undefint shr (0+2)
  1012                           
  1013                           ; Vector 74 : U3E
  1014   00009C  002E               	dw	ivt0x8_undefint shr (0+2)
  1015                           
  1016                           ; Vector 75 : U3
  1017   00009E  002E               	dw	ivt0x8_undefint shr (0+2)
  1018                           
  1019                           ; Vector 76 : DMA3SCNT
  1020   0000A0  002E               	dw	ivt0x8_undefint shr (0+2)
  1021                           
  1022                           ; Vector 77 : DMA3DCNT
  1023   0000A2  002E               	dw	ivt0x8_undefint shr (0+2)
  1024                           
  1025                           ; Vector 78 : DMA3OR
  1026   0000A4  002E               	dw	ivt0x8_undefint shr (0+2)
  1027                           
  1028                           ; Vector 79 : DMA3A
  1029   0000A6  002E               	dw	ivt0x8_undefint shr (0+2)
  1030                           
  1031                           ; Vector 80 : INT2
  1032   0000A8  002E               	dw	ivt0x8_undefint shr (0+2)
  1033                           
  1034                           ; Vector 81 : Undefined
  1035   0000AA  002E               	dw	ivt0x8_undefint shr (0+2)
  1036                           
  1037                           ; Vector 82 : Undefined
  1038   0000AC  002E               	dw	ivt0x8_undefint shr (0+2)
  1039                           
  1040                           ; Vector 83 : TMR4
  1041   0000AE  002E               	dw	ivt0x8_undefint shr (0+2)
  1042                           
  1043                           ; Vector 84 : DMA4SCNT
  1044   0000B0  002E               	dw	ivt0x8_undefint shr (0+2)
  1045                           
  1046                           ; Vector 85 : DMA4DCNT
  1047   0000B2  002E               	dw	ivt0x8_undefint shr (0+2)
  1048                           
  1049                           ; Vector 86 : DMA4OR
  1050   0000B4  002E               	dw	ivt0x8_undefint shr (0+2)
  1051                           
  1052                           ; Vector 87 : DMA4A
  1053   0000B6  002E               	dw	ivt0x8_undefint shr (0+2)
  1054   0000B8                     ivt0x8_undefint:
  1055                           	callstack 0
  1056   0000B8  00FF               	reset	
  1057   000000                     
  1058                           	psect	rparam
  1059   000000                     tosu	equ	0x4FF
  1060                           tosh	equ	0x4FE
  1061                           tosl	equ	0x4FD
  1062                           stkptr	equ	0x4FC
  1063                           pclatu	equ	0x4FB
  1064                           pclath	equ	0x4FA
  1065                           pcl	equ	0x4F9
  1066                           tblptru	equ	0x4F8
  1067                           tblptrh	equ	0x4F7
  1068                           tblptrl	equ	0x4F6
  1069                           tablat	equ	0x4F5
  1070                           prodh	equ	0x4F4
  1071                           prodl	equ	0x4F3
  1072                           indf0	equ	0x4EF
  1073                           postinc0	equ	0x4EE
  1074                           postdec0	equ	0x4ED
  1075                           preinc0	equ	0x4EC
  1076                           plusw0	equ	0x4EB
  1077                           fsr0h	equ	0x4EA
  1078                           fsr0l	equ	0x4E9
  1079                           wreg	equ	0x4E8
  1080                           indf1	equ	0x4E7
  1081                           postinc1	equ	0x4E6
  1082                           postdec1	equ	0x4E5
  1083                           preinc1	equ	0x4E4
  1084                           plusw1	equ	0x4E3
  1085                           fsr1h	equ	0x4E2
  1086                           fsr1l	equ	0x4E1
  1087                           bsr	equ	0x4E0
  1088                           indf2	equ	0x4DF
  1089                           postinc2	equ	0x4DE
  1090                           postdec2	equ	0x4DD
  1091                           preinc2	equ	0x4DC
  1092                           plusw2	equ	0x4DB
  1093                           fsr2h	equ	0x4DA
  1094                           fsr2l	equ	0x4D9
  1095                           status	equ	0x4D8

Data Sizes:
    Strings     0
    Constant    0
    Data        0
    BSS         16
    Persistent  0
    Stack       0

Auto Spaces:
    Space          Size  Autos    Used
    COMRAM           95      5      21
    BANK5           160      0       0
    BANK6           256      0       0
    BANK7           256      0       0
    BANK8           256      0       0
    BANK9           256      0       0
    BANK10          256      0       0
    BANK11          256      0       0
    BANK12          256      0       0

Pointer List with Targets:

    None.

Critical Paths under _main in COMRAM

    _setup->_configI2C

Critical Paths under _ISR in COMRAM

    _ISR->_i2cStart

Critical Paths under _main in BANK5

    None.

Critical Paths under _ISR in BANK5

    None.

Critical Paths under _main in BANK6

    None.

Critical Paths under _ISR in BANK6

    None.

Critical Paths under _main in BANK7

    None.

Critical Paths under _ISR in BANK7

    None.

Critical Paths under _main in BANK8

    None.

Critical Paths under _ISR in BANK8

    None.

Critical Paths under _main in BANK9

    None.

Critical Paths under _ISR in BANK9

    None.

Critical Paths under _main in BANK10

    None.

Critical Paths under _ISR in BANK10

    None.

Critical Paths under _main in BANK11

    None.

Critical Paths under _ISR in BANK11

    None.

Critical Paths under _main in BANK12

    None.

Critical Paths under _ISR in BANK12

    None.

Call Graph Tables:

 ---------------------------------------------------------------------------------
 (Depth) Function   	        Calls       Base Space   Used Autos Params    Refs
 ---------------------------------------------------------------------------------
 (0) _main                                                 0     0      0       0
                               _loop
                              _setup
 ---------------------------------------------------------------------------------
 (1) _setup                                                0     0      0       0
                          _configI2C
 ---------------------------------------------------------------------------------
 (2) _configI2C                                            1     1      0       0
                                              4 COMRAM     1     1      0
 ---------------------------------------------------------------------------------
 (1) _loop                                                 0     0      0       0
 ---------------------------------------------------------------------------------
 Estimated maximum stack depth 2
 ---------------------------------------------------------------------------------
 (Depth) Function   	        Calls       Base Space   Used Autos Params    Refs
 ---------------------------------------------------------------------------------
 (3) _ISR                                                  0     0      0      60
                           _i2cStart
 ---------------------------------------------------------------------------------
 (4) _i2cStart                                             4     4      0      60
                                              0 COMRAM     4     4      0
 ---------------------------------------------------------------------------------
 Estimated maximum stack depth 4
 ---------------------------------------------------------------------------------

 Call Graph Graphs:

 _main (ROOT)
   _loop
   _setup
     _configI2C

 _ISR (ROOT)
   _i2cStart

 Address spaces:
Name               Size   Autos  Total    Cost      Usage
BIGRAM             7FF      0       0      21        0.0%
EEDATA             200      0       0       0        0.0%
BITBIGSFRllh       15F      0       0      35        0.0%
BITBIGSFR_1        100      0       0      20        0.0%
BITBANK12          100      0       0      18        0.0%
BANK12             100      0       0      19        0.0%
BITBANK11          100      0       0      16        0.0%
BANK11             100      0       0      17        0.0%
BITBANK10          100      0       0      14        0.0%
BANK10             100      0       0      15        0.0%
BITBANK9           100      0       0      12        0.0%
BANK9              100      0       0      13        0.0%
BITBANK8           100      0       0      10        0.0%
BANK8              100      0       0      11        0.0%
BITBANK7           100      0       0       8        0.0%
BANK7              100      0       0       9        0.0%
BITBANK6           100      0       0       6        0.0%
BANK6              100      0       0       7        0.0%
BITBIGSFRhlhhl      CE      0       0      29        0.0%
BITBIGSFRllll       AD      0       0      37        0.0%
BITBIGSFRhlhhh      A1      0       0      28        0.0%
BITBANK5            A0      0       0       4        0.0%
BANK5               A0      0       0       5        0.0%
BITBIGSFRhhlhll     9C      0       0      26        0.0%
BITCOMRAM           5F      0       0       0        0.0%
COMRAM              5F      5      15       1       22.1%
BITBIGSFRlhl        5D      0       0      34        0.0%
BITBIGSFRhhhh       29      0       0      22        0.0%
BITBIGSFRlhhll      18      0       0      33        0.0%
BITBIGSFRhhlhh       D      0       0      24        0.0%
BITBIGSFRhhhl        D      0       0      23        0.0%
BITBIGSFRhhlhlh      A      0       0      25        0.0%
BITBIGSFRlllh        3      0       0      36        0.0%
BITBIGSFRlhhlh       3      0       0      32        0.0%
BITBIGSFRlhhh        2      0       0      31        0.0%
BITBIGSFRhhll        1      0       0      27        0.0%
BITBIGSFRhlll        1      0       0      30        0.0%
BIGSFR_1             0      0       0     200        0.0%
BIGSFR               0      0       0     200        0.0%
BITSFR_6             0      0       0     200        0.0%
SFR_6                0      0       0     200        0.0%
BITSFR_5             0      0       0     200        0.0%
SFR_5                0      0       0     200        0.0%
BITSFR_4             0      0       0     200        0.0%
SFR_4                0      0       0     200        0.0%
BITSFR_3             0      0       0     200        0.0%
SFR_3                0      0       0     200        0.0%
BITSFR_2             0      0       0     200        0.0%
SFR_2                0      0       0     200        0.0%
BITSFR_1             0      0       0     200        0.0%
SFR_1                0      0       0     200        0.0%
BITSFR               0      0       0     200        0.0%
SFR                  0      0       0     200        0.0%
STACK                0      0       0       2        0.0%
NULL                 0      0       0       0        0.0%
ABS                  0      0      15      38        0.0%
DATA                 0      0      15       3        0.0%
CODE                 0      0       0       0        0.0%


Microchip Technology PIC18 Macro Assembler V2.41 build 20230208172133 
Symbol Table                                                                                   Tue Aug 01 13:46:44 2023

                     l67 0210                       l98 025E                      l101 0276  
                    l106 0264                      l801 01BA                      l811 01C4  
                    l803 01BC                      l821 01D2                      l813 01C6  
                    l805 01BE                      l831 01EC                      l823 01DC  
                    l815 01C8                      l807 01C0                      l841 01FA  
                    l833 01F0                      l825 01DE                      l817 01CA  
                    l809 01C2                      l843 0208                      l835 01F2  
                    l827 01E8                      l819 01D0                      l845 020C  
                    l837 01F4                      l829 01EA                      l847 020E  
                    l839 01F8                      l791 01AC                      l793 01AE  
                    l785 0182                      l881 024C                      l795 01B0  
                    l787 0194                      l883 025A                      l885 0270  
                    l797 01B2                      l789 01AA                      l893 0260  
                    l799 01B8                      u107 0200                      _ISR 0234  
                    wreg 04E8                     ?_ISR 0511                     i2l70 00BE  
                   i2l72 00CE                     i2l81 0126                     i2l82 0178  
                   i2l84 0140                     i2l76 00EA                     i2l85 0142  
                   i2l79 0118                     i2l95 024A                     i2l89 0180  
                   _main 0260                     _loop 0270                     indf2 04DF  
                   fsr2l 04D9                     start 00BA             ___param_bank 0000  
                  ??_ISR 0515                    ?_main 0511                    ?_loop 0511  
                  i2l851 00DC                    i2l861 00F8                    i2l853 00DE  
                  i2l871 0162                    i2l863 00FC                    i2l873 0164  
                  i2l865 0134                    i2l849 00BE                    i2l867 0150  
                  i2l875 0168                    i2l859 00E6                    i2l891 0246  
                  i2l877 017A                    i2l869 0160                    i2l879 017E  
                  i2l887 0234                    i2l889 0244                    _setup 024C  
                  status 04D8          __initialization 0212             __end_of_main 0270  
           __end_of_loop 0278         __end_of_i2cStart 0182                   ??_main 0516  
                 ??_loop 0515            __activetblptr 0000                   ?_setup 0511  
                 _RC0PPS 0211                   _RC1PPS 0212                   i2u1_40 00CE  
                 i2u1_41 00CA                   i2u2_40 00DC                   i2u2_41 00D8  
                 i2u3_40 00F8                   i2u3_41 00F4                   i2u4_40 0118  
                 i2u4_41 0114                   i2u5_40 0126                   i2u5_41 0122  
                 i2u6_40 0134                   i2u6_41 0130                   i2u7_40 0150  
                 i2u7_41 014C                   i2u8_40 0178                   i2u8_41 0174  
                 i2u9_40 0244                   i2u9_41 0240            i2cStart@index 0511  
                 clear_0 0218                   isa$std 0001               __accesstop 0560  
__end_of__initialization 022C            ___rparam_used 0001           __pcstackCOMRAM 0511  
         ivt0x8_undefint 00B8            __end_of_setup 0260                  ??_setup 0516  
              ?_i2cStart 0511                  IVTBASEH 045E                  IVTBASEL 045D  
                IVTBASEU 045F                  _I2C1CLK 029E                  _I2C1PIR 029A  
                _I2C1RXB 028A                  _I2C1TXB 028B                  _OSCFREQ 00B1  
             ??_i2cStart 0511                  __Hparam 0000                  __Lparam 0000  
      __end_of_configI2C 0212                  __pcinit 0212                  __ramtop 0E00  
                __ptext0 0260                  __ptext1 024C                  __ptext2 0182  
                __ptext3 0270                  __ptext4 0234                  __ptext5 00BE  
            _I2C1BTObits 029C              _I2C1PIEbits 029B              _I2C1PIRbits 029A  
   end_of_initialization 022C                  postinc0 04EE                _TRISCbits 04C8  
              i2cStart@i 0513                _i2cBuffer 0501      start_initialization 0212  
            __end_of_ISR 024C               ivt0x8_base 0008              __pbssCOMRAM 0501  
               _I2C1ADR0 0290                 _I2C1ADR1 0291                 _I2C1BAUD 029D  
               _I2C1BTOC 029F                 _I2C1CNTL 028C                _configI2C 0182  
             _I2C1SDAPPS 0270               _I2C1SCLPPS 0271                 _IPR7bits 036E  
               _PIE7bits 04AF            _I2C1STAT0bits 0298            _I2C1STAT1bits 0299  
               _PIR7bits 04BA               ?_configI2C 0511              _INTCON0bits 04D6  
               _i2cStart 00BE                 __Hrparam 0000                 __Lrparam 0000  
             _ANSELCbits 0410             _I2C1CON0bits 0294             _I2C1CON1bits 0295  
           _I2C1CON2bits 0296                 __pivt0x8 0008              _OSCCON1bits 00AD  
               isa$xinst 0000               _ODCONCbits 0412              ??_configI2C 0515  
               intlevel2 0000  
