

Microchip MPLAB XC8 Assembler V2.41 build 20230208172133 
                                                                                               Fri Jul 21 12:11:52 2023

Microchip MPLAB XC8 C Compiler v2.41 (Free license) build 20230208172133 Og1 
     1                           	processor	18F15Q40
     2                           	fnconf	rparam,??,?,0
     3                           	pagewidth 120
     4                           	opt	flic
     5                           	psect	cinit,global,reloc=2,class=CODE,delta=1
     6                           	psect	cstackCOMRAM,global,class=COMRAM,space=1,delta=1,lowdata,noexec
     7                           	psect	text0,global,reloc=2,class=CODE,delta=1
     8                           	psect	text1,global,reloc=2,class=CODE,delta=1
     9                           	psect	text2,global,reloc=2,class=CODE,delta=1
    10                           	psect	text3,global,reloc=2,class=CODE,delta=1
    11                           	psect	text4,global,reloc=2,class=CODE,delta=1
    12                           	psect	text5,global,reloc=4,class=CODE,delta=1
    13                           	psect	ivt0x8,global,reloc=2,class=CODE,delta=1,noexec,keep,optim=
    14                           	psect	intsave_regs,global,class=BIGRAM,space=1,delta=1,noexec
    15                           	psect	rparam,global,class=COMRAM,space=1,delta=1,noexec
    16   000000                     
    17                           ; Generated 21/06/2023 GMT
    18                           ; 
    19                           ; Copyright © 2023, Microchip Technology Inc. and its subsidiaries ("Microchip")
    20                           ; All rights reserved.
    21                           ; 
    22                           ; This software is developed by Microchip Technology Inc. and its subsidiaries ("Microch
      +                          ip").
    23                           ; 
    24                           ; Redistribution and use in source and binary forms, with or without modification, are
    25                           ; permitted provided that the following conditions are met:
    26                           ; 
    27                           ;     1. Redistributions of source code must retain the above copyright notice, this lis
      +                          t of
    28                           ;        conditions and the following disclaimer.
    29                           ; 
    30                           ;     2. Redistributions in binary form must reproduce the above copyright notice, this 
      +                          list
    31                           ;        of conditions and the following disclaimer in the documentation and/or other
    32                           ;        materials provided with the distribution. Publication is not required when
    33                           ;        this file is used in an embedded application.
    34                           ; 
    35                           ;     3. Microchip's name may not be used to endorse or promote products derived from th
      +                          is
    36                           ;        software without specific prior written permission.
    37                           ; 
    38                           ; THIS SOFTWARE IS PROVIDED BY MICROCHIP "AS IS" AND ANY EXPRESS OR IMPLIED WARRANTIES,
    39                           ; INCLUDING, BUT NOT LIMITED TO, THE IMPLIED WARRANTIES OF MERCHANTABILITY AND FITNESS F
      +                          OR
    40                           ; PURPOSE ARE DISCLAIMED.  IN NO EVENT SHALL MICROCHIP BE LIABLE FOR ANY DIRECT, INDIREC
      +                          T,
    41                           ; INCIDENTAL, SPECIAL, EXEMPLARY, OR CONSEQUENTIAL DAMAGES (INCLUDING BUT NOT LIMITED TO
    42                           ; PROCUREMENT OF SUBSTITUTE GOODS OR SERVICES; LOSS OF USE, DATA OR PROFITS; OR BUSINESS
    43                           ; INTERRUPTION) HOWSOEVER CAUSED AND ON ANY THEORY OF LIABILITY, WHETHER IN CONTRACT, ST
      +                          RICT
    44                           ; LIABILITY, OR TORT (INCLUDING NEGLIGENCE OR OTHERWISE) ARISING IN ANY WAY OUT OF THE U
      +                          SE OF
    45                           ; THIS SOFTWARE, EVEN IF ADVISED OF THE POSSIBILITY OF SUCH DAMAGE.
    46                           ; 
    47                           ; 
    48                           ; Code-generator required, PIC18F15Q40 Definitions
    49                           ; 
    50                           ; SFR Addresses
    51   000000                     _I2C1BAUD	set	669
    52   000000                     _I2C1CLK	set	670
    53   000000                     _I2C1BTObits	set	668
    54   000000                     _I2C1BTOC	set	671
    55   000000                     _OSCCON1bits	set	173
    56   000000                     _OSCFREQ	set	177
    57   000000                     _DMASELECT	set	232
    58   000000                     _DMAnDSZL	set	238
    59   000000                     _DMAnDSZH	set	239
    60   000000                     _DMAnDSAL	set	240
    61   000000                     _DMAnDSAH	set	241
    62   000000                     _DMAnSSZL	set	247
    63   000000                     _DMAnSSZH	set	248
    64   000000                     _DMAnSSAL	set	249
    65   000000                     _DMAnSSAH	set	250
    66   000000                     _DMAnSSAU	set	251
    67   000000                     _DMAnCON0bits	set	252
    68   000000                     _DMAnSIRQ	set	255
    69   000000                     _DMAnCON1bits	set	253
    70   000000                     _RC0PPS	set	529
    71   000000                     _I2C1CON0bits	set	660
    72   000000                     _I2C1PIRbits	set	666
    73   000000                     _I2C1PIEbits	set	667
    74   000000                     _I2C1CON2bits	set	662
    75   000000                     _I2C1CON1bits	set	661
    76   000000                     _ANSELCbits	set	1040
    77   000000                     _ODCONCbits	set	1042
    78   000000                     _TRISCbits	set	1224
    79   000000                     _INTCON0bits	set	1238
    80   000000                     _PIE7bits	set	1199
    81   000000                     _PIR7bits	set	1210
    82   000000                     _I2C1SDAPPS	set	624
    83   000000                     _RC1PPS	set	530
    84   000000                     _I2C1CNTL	set	652
    85   000000                     _I2C1ADR0	set	656
    86   000000                     _I2C1SCLPPS	set	625
    87   000000                     _IPR7bits	set	878
    88   000000                     _I2C1ADR1	set	657
    89                           
    90                           ; #config settings
    91                           
    92                           	psect	cinit
    93   0001AA                     __pcinit:
    94                           	callstack 0
    95   0001AA                     start_initialization:
    96                           	callstack 0
    97   0001AA                     __initialization:
    98                           	callstack 0
    99                           
   100                           ;
   101                           ; Setup IVTBASE
   102                           ;
   103   0001AA  0104               	movlb	4
   104   0001AC  0E08               	movlw	(ivt0x8_base shr 0)& (0+255)
   105   0001AE  6F5D               	movwf	93,b
   106   0001B0  0E00               	movlw	(ivt0x8_base shr (0+8))& (0+255)
   107   0001B2  6F5E               	movwf	94,b
   108   0001B4  0E00               	movlw	(ivt0x8_base shr (0+16))& (0+255)
   109   0001B6  6F5F               	movwf	95,b
   110   0001B8                     end_of_initialization:
   111                           	callstack 0
   112   0001B8                     __end_of__initialization:
   113                           	callstack 0
   114   0001B8  0100               	movlb	0
   115   0001BA  EFEA  F000         	goto	_main	;jump to C main() function
   116                           
   117                           	psect	cstackCOMRAM
   118   000501                     __pcstackCOMRAM:
   119                           	callstack 0
   120   000501                     ??_configI2C:
   121   000501                     configDMA@bufferReg:
   122                           	callstack 0
   123                           
   124                           ; 2 bytes @ 0x0
   125   000501                     	ds	2
   126   000503                     
   127                           ; 1 bytes @ 0x2
   128 ;;
   129 ;;Main: autosize = 0, tempsize = 0, incstack = 0, save=0
   130 ;;
   131 ;; *************** function _main *****************
   132 ;; Defined at:
   133 ;;		line 149 in file "main.c"
   134 ;; Parameters:    Size  Location     Type
   135 ;;		None
   136 ;; Auto vars:     Size  Location     Type
   137 ;;		None
   138 ;; Return value:  Size  Location     Type
   139 ;;                  1    wreg      void 
   140 ;; Registers used:
   141 ;;		wreg, status,2, cstack
   142 ;; Tracked objects:
   143 ;;		On entry : 0/0
   144 ;;		On exit  : 0/0
   145 ;;		Unchanged: 0/0
   146 ;; Data sizes:     COMRAM   BANK5   BANK6   BANK7   BANK8   BANK9  BANK10  BANK11  BANK12
   147 ;;      Params:         0       0       0       0       0       0       0       0       0
   148 ;;      Locals:         0       0       0       0       0       0       0       0       0
   149 ;;      Temps:          0       0       0       0       0       0       0       0       0
   150 ;;      Totals:         0       0       0       0       0       0       0       0       0
   151 ;;Total ram usage:        0 bytes
   152 ;; Hardware stack levels required when called: 3
   153 ;; This function calls:
   154 ;;		_loop
   155 ;;		_setup
   156 ;; This function is called by:
   157 ;;		Startup code after reset
   158 ;; This function uses a non-reentrant model
   159 ;;
   160                           
   161                           	psect	text0
   162   0001D4                     __ptext0:
   163                           	callstack 0
   164   0001D4                     _main:
   165                           	callstack 124
   166   0001D4                     
   167                           ;main.c: 150:     setup();
   168   0001D4  ECC9  F000         	call	_setup	;wreg free
   169   0001D8                     l101:
   170                           
   171                           ;main.c: 152:         loop();
   172   0001D8  ECF2  F000         	call	_loop	;wreg free
   173   0001DC  EFEC  F000         	goto	l101
   174   0001E0  EF5D  F000         	goto	start
   175   0001E4                     __end_of_main:
   176                           	callstack 0
   177                           
   178 ;; *************** function _setup *****************
   179 ;; Defined at:
   180 ;;		line 137 in file "main.c"
   181 ;; Parameters:    Size  Location     Type
   182 ;;		None
   183 ;; Auto vars:     Size  Location     Type
   184 ;;		None
   185 ;; Return value:  Size  Location     Type
   186 ;;                  1    wreg      void 
   187 ;; Registers used:
   188 ;;		wreg, status,2, cstack
   189 ;; Tracked objects:
   190 ;;		On entry : 0/0
   191 ;;		On exit  : 0/0
   192 ;;		Unchanged: 0/0
   193 ;; Data sizes:     COMRAM   BANK5   BANK6   BANK7   BANK8   BANK9  BANK10  BANK11  BANK12
   194 ;;      Params:         0       0       0       0       0       0       0       0       0
   195 ;;      Locals:         0       0       0       0       0       0       0       0       0
   196 ;;      Temps:          0       0       0       0       0       0       0       0       0
   197 ;;      Totals:         0       0       0       0       0       0       0       0       0
   198 ;;Total ram usage:        0 bytes
   199 ;; Hardware stack levels used: 1
   200 ;; Hardware stack levels required when called: 2
   201 ;; This function calls:
   202 ;;		_configDMA
   203 ;;		_configI2C
   204 ;; This function is called by:
   205 ;;		_main
   206 ;; This function uses a non-reentrant model
   207 ;;
   208                           
   209                           	psect	text1
   210   000192                     __ptext1:
   211                           	callstack 0
   212   000192                     _setup:
   213                           	callstack 124
   214   000192                     
   215                           ;main.c: 138:     OSCFREQ = 0b0010;
   216   000192  0E02               	movlw	2
   217   000194  0100               	movlb	0	; () banked
   218   000196  6FB1               	movwf	177,b	;volatile
   219                           
   220                           ;main.c: 139:     OSCCON1bits.NOSC = 0b110;
   221   000198  51AD               	movf	173,w,b	;volatile
   222   00019A  0B8F               	andlw	-113
   223   00019C  0960               	iorlw	96
   224   00019E  6FAD               	movwf	173,b	;volatile
   225   0001A0                     
   226                           ; BSR set to: 0
   227                           ;main.c: 141:     configI2C();
   228   0001A0  EC5F  F000         	call	_configI2C	;wreg free
   229   0001A4                     
   230                           ;main.c: 142:     configDMA();
   231   0001A4  ECA7  F000         	call	_configDMA	;wreg free
   232   0001A8  0012               	return		;funcret
   233   0001AA                     __end_of_setup:
   234                           	callstack 0
   235                           
   236 ;; *************** function _configI2C *****************
   237 ;; Defined at:
   238 ;;		line 50 in file "main.c"
   239 ;; Parameters:    Size  Location     Type
   240 ;;		None
   241 ;; Auto vars:     Size  Location     Type
   242 ;;		None
   243 ;; Return value:  Size  Location     Type
   244 ;;                  1    wreg      void 
   245 ;; Registers used:
   246 ;;		wreg, status,2
   247 ;; Tracked objects:
   248 ;;		On entry : 0/0
   249 ;;		On exit  : 0/0
   250 ;;		Unchanged: 0/0
   251 ;; Data sizes:     COMRAM   BANK5   BANK6   BANK7   BANK8   BANK9  BANK10  BANK11  BANK12
   252 ;;      Params:         0       0       0       0       0       0       0       0       0
   253 ;;      Locals:         0       0       0       0       0       0       0       0       0
   254 ;;      Temps:          1       0       0       0       0       0       0       0       0
   255 ;;      Totals:         1       0       0       0       0       0       0       0       0
   256 ;;Total ram usage:        1 bytes
   257 ;; Hardware stack levels used: 1
   258 ;; Hardware stack levels required when called: 1
   259 ;; This function calls:
   260 ;;		Nothing
   261 ;; This function is called by:
   262 ;;		_setup
   263 ;; This function uses a non-reentrant model
   264 ;;
   265                           
   266                           	psect	text2
   267   0000BE                     __ptext2:
   268                           	callstack 0
   269   0000BE                     _configI2C:
   270                           	callstack 124
   271   0000BE                     
   272                           ;main.c: 51:     I2C1CON0bits.EN = 0;
   273   0000BE  0102               	movlb	2	; () banked
   274   0000C0  9F94               	bcf	148,7,b	;volatile
   275                           
   276                           ;main.c: 56:     ANSELCbits.ANSELC0 = 0;
   277   0000C2  0104               	movlb	4	; () banked
   278   0000C4  9110               	bcf	16,0,b	;volatile
   279                           
   280                           ;main.c: 57:     ANSELCbits.ANSELC1 = 0;
   281   0000C6  9310               	bcf	16,1,b	;volatile
   282                           
   283                           ;main.c: 61:     TRISCbits.TRISC0 = 0;
   284   0000C8  90C8               	bcf	200,0,c	;volatile
   285                           
   286                           ;main.c: 62:     TRISCbits.TRISC1 = 0;
   287   0000CA  92C8               	bcf	200,1,c	;volatile
   288                           
   289                           ;main.c: 64:     ODCONCbits.ODCC0 = 1;
   290   0000CC  8112               	bsf	18,0,b	;volatile
   291                           
   292                           ;main.c: 65:     ODCONCbits.ODCC1 = 1;
   293   0000CE  8312               	bsf	18,1,b	;volatile
   294   0000D0                     
   295                           ; BSR set to: 4
   296                           ;main.c: 68:     RC0PPS = 0x22;
   297   0000D0  0E22               	movlw	34
   298   0000D2  0102               	movlb	2	; () banked
   299   0000D4  6F11               	movwf	17,b	;volatile
   300                           
   301                           ;main.c: 69:     RC1PPS = 0x21;
   302   0000D6  0E21               	movlw	33
   303   0000D8  6F12               	movwf	18,b	;volatile
   304                           
   305                           ;main.c: 72:     I2C1SDAPPS = 0b010000;
   306   0000DA  0E10               	movlw	16
   307   0000DC  6F70               	movwf	112,b	;volatile
   308                           
   309                           ;main.c: 73:     I2C1SCLPPS = 0b010001;
   310   0000DE  0E11               	movlw	17
   311   0000E0  6F71               	movwf	113,b	;volatile
   312                           
   313                           ;main.c: 76:     I2C1CON0bits.MODE = 0b000;
   314   0000E2  0EF8               	movlw	-8
   315   0000E4  1794               	andwf	148,f,b	;volatile
   316   0000E6                     
   317                           ; BSR set to: 2
   318                           ;main.c: 77:     I2C1CON0bits.CSTR = 0;
   319   0000E6  9994               	bcf	148,4,b	;volatile
   320   0000E8                     
   321                           ; BSR set to: 2
   322                           ;main.c: 79:     I2C1CON1bits.CSD = 0;
   323   0000E8  9195               	bcf	149,0,b	;volatile
   324   0000EA                     
   325                           ; BSR set to: 2
   326                           ;main.c: 81:     I2C1CON2bits.ACNT = 0;
   327   0000EA  9F96               	bcf	150,7,b	;volatile
   328   0000EC                     
   329                           ; BSR set to: 2
   330                           ;main.c: 82:     I2C1CON2bits.GCEN = 1;
   331   0000EC  8D96               	bsf	150,6,b	;volatile
   332   0000EE                     
   333                           ; BSR set to: 2
   334                           ;main.c: 83:     I2C1CON2bits.ABD = 0;
   335   0000EE  9996               	bcf	150,4,b	;volatile
   336                           
   337                           ;main.c: 84:     I2C1CON2bits.SDAHT = 0b00;
   338   0000F0  0EF3               	movlw	-13
   339   0000F2  1796               	andwf	150,f,b	;volatile
   340   0000F4                     
   341                           ; BSR set to: 2
   342                           ;main.c: 86:     I2C1PIEbits.CNT1IE = 1;
   343   0000F4  8F9B               	bsf	155,7,b	;volatile
   344   0000F6                     
   345                           ; BSR set to: 2
   346                           ;main.c: 87:     I2C1PIEbits.ACKTIE = 1;
   347   0000F6  8D9B               	bsf	155,6,b	;volatile
   348   0000F8                     
   349                           ; BSR set to: 2
   350                           ;main.c: 88:     I2C1PIEbits.WRIE = 1;
   351   0000F8  899B               	bsf	155,4,b	;volatile
   352   0000FA                     
   353                           ; BSR set to: 2
   354                           ;main.c: 89:     I2C1PIEbits.ADRIE = 0;
   355   0000FA  979B               	bcf	155,3,b	;volatile
   356   0000FC                     
   357                           ; BSR set to: 2
   358                           ;main.c: 90:     I2C1PIEbits.PCIE = 0;
   359   0000FC  959B               	bcf	155,2,b	;volatile
   360   0000FE                     
   361                           ; BSR set to: 2
   362                           ;main.c: 91:     I2C1PIEbits.RSCIE = 0;
   363   0000FE  939B               	bcf	155,1,b	;volatile
   364   000100                     
   365                           ; BSR set to: 2
   366                           ;main.c: 92:     I2C1PIEbits.SCIE = 0;
   367   000100  919B               	bcf	155,0,b	;volatile
   368   000102                     
   369                           ; BSR set to: 2
   370                           ;main.c: 95:     I2C1PIRbits.PCIF = 0;
   371   000102  959A               	bcf	154,2,b	;volatile
   372   000104                     
   373                           ; BSR set to: 2
   374                           ;main.c: 96:     I2C1PIRbits.SCIF = 0;
   375   000104  919A               	bcf	154,0,b	;volatile
   376   000106                     
   377                           ; BSR set to: 2
   378                           ;main.c: 97:     I2C1PIRbits.RSCIF = 0;
   379   000106  939A               	bcf	154,1,b	;volatile
   380                           
   381                           ;main.c: 99:     I2C1BTOC = 0x03;
   382   000108  0E03               	movlw	3
   383   00010A  6F9F               	movwf	159,b	;volatile
   384   00010C                     
   385                           ; BSR set to: 2
   386                           ;main.c: 100:     I2C1BTObits.TOREC = 1;
   387   00010C  8F9C               	bsf	156,7,b	;volatile
   388   00010E                     
   389                           ; BSR set to: 2
   390                           ;main.c: 101:     I2C1BTObits.TOBY32 = 0;
   391   00010E  9D9C               	bcf	156,6,b	;volatile
   392                           
   393                           ;main.c: 102:     I2C1BTObits.TOTIME = 0x23;
   394   000110  519C               	movf	156,w,b	;volatile
   395   000112  0BC0               	andlw	-64
   396   000114  0923               	iorlw	35
   397   000116  6F9C               	movwf	156,b	;volatile
   398   000118                     
   399                           ; BSR set to: 2
   400                           ;main.c: 104:     I2C1ADR0 = 0xFF;
   401   000118  6990               	setf	144,b	;volatile
   402   00011A                     
   403                           ; BSR set to: 2
   404                           ;main.c: 105:     I2C1ADR1 = 0xFF;
   405   00011A  6991               	setf	145,b	;volatile
   406                           
   407                           ;main.c: 107:     I2C1CLK = 0b0011;
   408   00011C  0E03               	movlw	3
   409   00011E  6F9E               	movwf	158,b	;volatile
   410                           
   411                           ;main.c: 108:     I2C1BAUD = 0x04;
   412   000120  0E04               	movlw	4
   413   000122  6F9D               	movwf	157,b	;volatile
   414   000124                     
   415                           ; BSR set to: 2
   416                           ;main.c: 111:     INTCON0bits.GIE = 1;
   417   000124  8ED6               	bsf	214,7,c	;volatile
   418   000126                     
   419                           ; BSR set to: 2
   420                           ;main.c: 112:     INTCON0bits.IPEN = 1;
   421   000126  8AD6               	bsf	214,5,c	;volatile
   422   000128                     
   423                           ; BSR set to: 2
   424                           ;main.c: 115:     IPR7bits.I2C1IP = 1;
   425   000128  0103               	movlb	3	; () banked
   426   00012A  856E               	bsf	110,2,b	;volatile
   427   00012C                     
   428                           ; BSR set to: 3
   429                           ;main.c: 116:     PIR7bits.I2C1IF = 0;
   430   00012C  94BA               	bcf	186,2,c	;volatile
   431   00012E                     
   432                           ; BSR set to: 3
   433                           ;main.c: 117:     PIE7bits.I2C1IE = 1;
   434   00012E  84AF               	bsf	175,2,c	;volatile
   435   000130                     
   436                           ; BSR set to: 3
   437                           ;main.c: 119:     I2C1PIRbits.PCIF = 0;
   438   000130  0102               	movlb	2	; () banked
   439   000132  959A               	bcf	154,2,b	;volatile
   440   000134                     
   441                           ; BSR set to: 2
   442                           ;main.c: 121:     I2C1CON0bits.EN = 1;
   443   000134  8F94               	bsf	148,7,b	;volatile
   444   000136                     
   445                           ; BSR set to: 2
   446                           ;main.c: 123:     _delay((unsigned long)((10)*(4000000/4000.0)));
   447   000136  0E0D               	movlw	13
   448   000138  6E01               	movwf	??_configI2C^(0+1280),c
   449   00013A  0EFC               	movlw	252
   450   00013C                     u27:
   451   00013C  2EE8               	decfsz	wreg,f,c
   452   00013E  D7FE               	bra	u27
   453   000140  2E01               	decfsz	??_configI2C^(0+1280),f,c
   454   000142  D7FC               	bra	u27
   455   000144                     
   456                           ;main.c: 125:     I2C1PIEbits.PCIE = 0;
   457   000144  0102               	movlb	2	; () banked
   458   000146  959B               	bcf	155,2,b	;volatile
   459   000148                     
   460                           ; BSR set to: 2
   461                           ;main.c: 126:     I2C1PIEbits.RSCIE = 1;
   462   000148  839B               	bsf	155,1,b	;volatile
   463   00014A                     
   464                           ; BSR set to: 2
   465                           ;main.c: 127:     I2C1PIEbits.SCIE = 1;
   466   00014A  819B               	bsf	155,0,b	;volatile
   467   00014C                     
   468                           ; BSR set to: 2
   469   00014C  0012               	return		;funcret
   470   00014E                     __end_of_configI2C:
   471                           	callstack 0
   472                           
   473 ;; *************** function _configDMA *****************
   474 ;; Defined at:
   475 ;;		line 14 in file "main.c"
   476 ;; Parameters:    Size  Location     Type
   477 ;;		None
   478 ;; Auto vars:     Size  Location     Type
   479 ;;  bufferReg       2    0[COMRAM] unsigned short 
   480 ;;  temp            2    0        int 
   481 ;; Return value:  Size  Location     Type
   482 ;;                  1    wreg      void 
   483 ;; Registers used:
   484 ;;		wreg, status,2
   485 ;; Tracked objects:
   486 ;;		On entry : 0/0
   487 ;;		On exit  : 0/0
   488 ;;		Unchanged: 0/0
   489 ;; Data sizes:     COMRAM   BANK5   BANK6   BANK7   BANK8   BANK9  BANK10  BANK11  BANK12
   490 ;;      Params:         0       0       0       0       0       0       0       0       0
   491 ;;      Locals:         2       0       0       0       0       0       0       0       0
   492 ;;      Temps:          0       0       0       0       0       0       0       0       0
   493 ;;      Totals:         2       0       0       0       0       0       0       0       0
   494 ;;Total ram usage:        2 bytes
   495 ;; Hardware stack levels used: 1
   496 ;; Hardware stack levels required when called: 1
   497 ;; This function calls:
   498 ;;		Nothing
   499 ;; This function is called by:
   500 ;;		_setup
   501 ;; This function uses a non-reentrant model
   502 ;;
   503                           
   504                           	psect	text3
   505   00014E                     __ptext3:
   506                           	callstack 0
   507   00014E                     _configDMA:
   508                           	callstack 124
   509   00014E                     
   510                           ;main.c: 15:     uint16_t bufferReg;;main.c: 17:     DMASELECT = 0x00;
   511   00014E  0E00               	movlw	0
   512   000150  0100               	movlb	0	; () banked
   513   000152  6FE8               	movwf	232,b	;volatile
   514   000154                     
   515                           ; BSR set to: 0
   516                           ;main.c: 19:     DMAnCON0bits.EN = 0;
   517   000154  9FFC               	bcf	252,7,b	;volatile
   518   000156                     
   519                           ; BSR set to: 0
   520                           ;main.c: 20:     DMAnCON0bits.SIRQEN = 1;
   521   000156  8DFC               	bsf	252,6,b	;volatile
   522                           
   523                           ;main.c: 22:     DMAnCON1bits.DMODE = 0b01;
   524   000158  51FD               	movf	253,w,b	;volatile
   525   00015A  0B3F               	andlw	-193
   526   00015C  0940               	iorlw	64
   527   00015E  6FFD               	movwf	253,b	;volatile
   528   000160                     
   529                           ; BSR set to: 0
   530                           ;main.c: 23:     DMAnCON1bits.DSTP = 1;
   531   000160  8BFD               	bsf	253,5,b	;volatile
   532                           
   533                           ;main.c: 24:     DMAnCON1bits.SMR = 0b00;
   534   000162  0EE7               	movlw	-25
   535   000164  17FD               	andwf	253,f,b	;volatile
   536   000166                     
   537                           ; BSR set to: 0
   538                           ;main.c: 25:     DMAnCON1bits.SSTP = 0;
   539   000166  91FD               	bcf	253,0,b	;volatile
   540                           
   541                           ;main.c: 30:     DMAnSSAU = 0x0;
   542   000168  0E00               	movlw	0
   543   00016A  6FFB               	movwf	251,b	;volatile
   544                           
   545                           ;main.c: 31:     DMAnSSAH = 0x00;
   546   00016C  0E00               	movlw	0
   547   00016E  6FFA               	movwf	250,b	;volatile
   548                           
   549                           ;main.c: 32:     DMAnSSAL = 0x00;
   550   000170  0E00               	movlw	0
   551   000172  6FF9               	movwf	249,b	;volatile
   552                           
   553                           ;main.c: 34:     DMAnSSZH = 0x00;
   554   000174  0E00               	movlw	0
   555   000176  6FF8               	movwf	248,b	;volatile
   556                           
   557                           ;main.c: 35:     DMAnSSZL = 0x01;
   558   000178  0E01               	movlw	1
   559   00017A  6FF7               	movwf	247,b	;volatile
   560                           
   561                           ;main.c: 38:     DMAnDSAH = 0x00;
   562   00017C  0E00               	movlw	0
   563   00017E  6FF1               	movwf	241,b	;volatile
   564                           
   565                           ;main.c: 39:     DMAnDSAL = 0x00;
   566   000180  0E00               	movlw	0
   567   000182  6FF0               	movwf	240,b	;volatile
   568                           
   569                           ;main.c: 41:     DMAnDSZH = 0x00;
   570   000184  0E00               	movlw	0
   571   000186  6FEF               	movwf	239,b	;volatile
   572                           
   573                           ;main.c: 42:     DMAnDSZL = 0x02;
   574   000188  0E02               	movlw	2
   575   00018A  6FEE               	movwf	238,b	;volatile
   576                           
   577                           ;main.c: 45:     DMAnSIRQ = 0x38;
   578   00018C  0E38               	movlw	56
   579   00018E  6FFF               	movwf	255,b	;volatile
   580   000190                     
   581                           ; BSR set to: 0
   582   000190  0012               	return		;funcret
   583   000192                     __end_of_configDMA:
   584                           	callstack 0
   585                           
   586 ;; *************** function _loop *****************
   587 ;; Defined at:
   588 ;;		line 145 in file "main.c"
   589 ;; Parameters:    Size  Location     Type
   590 ;;		None
   591 ;; Auto vars:     Size  Location     Type
   592 ;;		None
   593 ;; Return value:  Size  Location     Type
   594 ;;                  1    wreg      void 
   595 ;; Registers used:
   596 ;;		wreg, status,2
   597 ;; Tracked objects:
   598 ;;		On entry : 0/0
   599 ;;		On exit  : 0/0
   600 ;;		Unchanged: 0/0
   601 ;; Data sizes:     COMRAM   BANK5   BANK6   BANK7   BANK8   BANK9  BANK10  BANK11  BANK12
   602 ;;      Params:         0       0       0       0       0       0       0       0       0
   603 ;;      Locals:         0       0       0       0       0       0       0       0       0
   604 ;;      Temps:          0       0       0       0       0       0       0       0       0
   605 ;;      Totals:         0       0       0       0       0       0       0       0       0
   606 ;;Total ram usage:        0 bytes
   607 ;; Hardware stack levels used: 1
   608 ;; Hardware stack levels required when called: 1
   609 ;; This function calls:
   610 ;;		Nothing
   611 ;; This function is called by:
   612 ;;		_main
   613 ;; This function uses a non-reentrant model
   614 ;;
   615                           
   616                           	psect	text4
   617   0001E4                     __ptext4:
   618                           	callstack 0
   619   0001E4                     _loop:
   620                           	callstack 125
   621   0001E4                     
   622                           ;main.c: 146:     I2C1CNTL = 0x04;
   623   0001E4  0E04               	movlw	4
   624   0001E6  0102               	movlb	2	; () banked
   625   0001E8  6F8C               	movwf	140,b	;volatile
   626   0001EA                     
   627                           ; BSR set to: 2
   628   0001EA  0012               	return		;funcret
   629   0001EC                     __end_of_loop:
   630                           	callstack 0
   631                           
   632 ;; *************** function _ISR *****************
   633 ;; Defined at:
   634 ;;		line 130 in file "main.c"
   635 ;; Parameters:    Size  Location     Type
   636 ;;		None
   637 ;; Auto vars:     Size  Location     Type
   638 ;;		None
   639 ;; Return value:  Size  Location     Type
   640 ;;                  1    wreg      void 
   641 ;; Registers used:
   642 ;;		None
   643 ;; Tracked objects:
   644 ;;		On entry : 0/0
   645 ;;		On exit  : 0/0
   646 ;;		Unchanged: 0/0
   647 ;; Data sizes:     COMRAM   BANK5   BANK6   BANK7   BANK8   BANK9  BANK10  BANK11  BANK12
   648 ;;      Params:         0       0       0       0       0       0       0       0       0
   649 ;;      Locals:         0       0       0       0       0       0       0       0       0
   650 ;;      Temps:          0       0       0       0       0       0       0       0       0
   651 ;;      Totals:         0       0       0       0       0       0       0       0       0
   652 ;;Total ram usage:        0 bytes
   653 ;; Hardware stack levels used: 1
   654 ;; This function calls:
   655 ;;		Nothing
   656 ;; This function is called by:
   657 ;;		Interrupt level 2
   658 ;; This function uses a non-reentrant model
   659 ;;
   660                           
   661                           	psect	text5
   662   0001C0                     __ptext5:
   663                           	callstack 0
   664   0001C0                     _ISR:
   665                           	callstack 124
   666   0001C0                     
   667                           ;main.c: 131:     if(I2C1PIRbits.SCIF == 1){
   668   0001C0  0102               	movlb	2	; () banked
   669   0001C2  A19A               	btfss	154,0,b	;volatile
   670   0001C4  EFE6  F000         	goto	i2u1_41
   671   0001C8  EFE8  F000         	goto	i2u1_40
   672   0001CC                     i2u1_41:
   673   0001CC  EFE9  F000         	goto	i2l90
   674   0001D0                     i2u1_40:
   675   0001D0                     
   676                           ; BSR set to: 2
   677                           ;main.c: 132:         I2C1PIRbits.SCIF = 0;
   678   0001D0  919A               	bcf	154,0,b	;volatile
   679   0001D2                     i2l90:
   680                           
   681                           ; BSR set to: 2
   682   0001D2  0011               	retfie		f
   683   0001D4                     __end_of_ISR:
   684                           	callstack 0
   685                           
   686                           ;
   687                           ; Interrupt Vector Table @ 0x8
   688                           ;
   689                           
   690                           	psect	ivt0x8
   691   000008                     __pivt0x8:
   692                           	callstack 0
   693   000008                     ivt0x8_base:
   694                           	callstack 0
   695                           
   696                           ; Vector 0 : SWINT
   697   000008  002E               	dw	ivt0x8_undefint shr (0+2)
   698                           
   699                           ; Vector 1 : HLVD
   700   00000A  002E               	dw	ivt0x8_undefint shr (0+2)
   701                           
   702                           ; Vector 2 : OSF
   703   00000C  002E               	dw	ivt0x8_undefint shr (0+2)
   704                           
   705                           ; Vector 3 : CSW
   706   00000E  002E               	dw	ivt0x8_undefint shr (0+2)
   707                           
   708                           ; Vector 4 : NVMIP
   709   000010  002E               	dw	ivt0x8_undefint shr (0+2)
   710                           
   711                           ; Vector 5 : CLC1
   712   000012  002E               	dw	ivt0x8_undefint shr (0+2)
   713                           
   714                           ; Vector 6 : CRC
   715   000014  002E               	dw	ivt0x8_undefint shr (0+2)
   716                           
   717                           ; Vector 7 : IOC
   718   000016  002E               	dw	ivt0x8_undefint shr (0+2)
   719                           
   720                           ; Vector 8 : INT0
   721   000018  002E               	dw	ivt0x8_undefint shr (0+2)
   722                           
   723                           ; Vector 9 : ZCD
   724   00001A  002E               	dw	ivt0x8_undefint shr (0+2)
   725                           
   726                           ; Vector 10 : AD
   727   00001C  002E               	dw	ivt0x8_undefint shr (0+2)
   728                           
   729                           ; Vector 11 : ACT
   730   00001E  002E               	dw	ivt0x8_undefint shr (0+2)
   731                           
   732                           ; Vector 12 : CMP1
   733   000020  002E               	dw	ivt0x8_undefint shr (0+2)
   734                           
   735                           ; Vector 13 : SMT1
   736   000022  002E               	dw	ivt0x8_undefint shr (0+2)
   737                           
   738                           ; Vector 14 : SMT1PRA
   739   000024  002E               	dw	ivt0x8_undefint shr (0+2)
   740                           
   741                           ; Vector 15 : SMT1PWA
   742   000026  002E               	dw	ivt0x8_undefint shr (0+2)
   743                           
   744                           ; Vector 16 : ADT
   745   000028  002E               	dw	ivt0x8_undefint shr (0+2)
   746                           
   747                           ; Vector 17 : Undefined
   748   00002A  002E               	dw	ivt0x8_undefint shr (0+2)
   749                           
   750                           ; Vector 18 : Undefined
   751   00002C  002E               	dw	ivt0x8_undefint shr (0+2)
   752                           
   753                           ; Vector 19 : Undefined
   754   00002E  002E               	dw	ivt0x8_undefint shr (0+2)
   755                           
   756                           ; Vector 20 : DMA1SCNT
   757   000030  002E               	dw	ivt0x8_undefint shr (0+2)
   758                           
   759                           ; Vector 21 : DMA1DCNT
   760   000032  002E               	dw	ivt0x8_undefint shr (0+2)
   761                           
   762                           ; Vector 22 : DMA1OR
   763   000034  002E               	dw	ivt0x8_undefint shr (0+2)
   764                           
   765                           ; Vector 23 : DMA1A
   766   000036  002E               	dw	ivt0x8_undefint shr (0+2)
   767                           
   768                           ; Vector 24 : SPI1RX
   769   000038  002E               	dw	ivt0x8_undefint shr (0+2)
   770                           
   771                           ; Vector 25 : SPI1TX
   772   00003A  002E               	dw	ivt0x8_undefint shr (0+2)
   773                           
   774                           ; Vector 26 : SPI1
   775   00003C  002E               	dw	ivt0x8_undefint shr (0+2)
   776                           
   777                           ; Vector 27 : TMR2
   778   00003E  002E               	dw	ivt0x8_undefint shr (0+2)
   779                           
   780                           ; Vector 28 : TMR1
   781   000040  002E               	dw	ivt0x8_undefint shr (0+2)
   782                           
   783                           ; Vector 29 : TMR1G
   784   000042  002E               	dw	ivt0x8_undefint shr (0+2)
   785                           
   786                           ; Vector 30 : CCP1
   787   000044  002E               	dw	ivt0x8_undefint shr (0+2)
   788                           
   789                           ; Vector 31 : TMR0
   790   000046  002E               	dw	ivt0x8_undefint shr (0+2)
   791                           
   792                           ; Vector 32 : U1RX
   793   000048  002E               	dw	ivt0x8_undefint shr (0+2)
   794                           
   795                           ; Vector 33 : U1TX
   796   00004A  002E               	dw	ivt0x8_undefint shr (0+2)
   797                           
   798                           ; Vector 34 : U1E
   799   00004C  002E               	dw	ivt0x8_undefint shr (0+2)
   800                           
   801                           ; Vector 35 : U1
   802   00004E  002E               	dw	ivt0x8_undefint shr (0+2)
   803                           
   804                           ; Vector 36 : TMR3
   805   000050  002E               	dw	ivt0x8_undefint shr (0+2)
   806                           
   807                           ; Vector 37 : TMR3G
   808   000052  002E               	dw	ivt0x8_undefint shr (0+2)
   809                           
   810                           ; Vector 38 : PWM1PR
   811   000054  002E               	dw	ivt0x8_undefint shr (0+2)
   812                           
   813                           ; Vector 39 : PWM1
   814   000056  002E               	dw	ivt0x8_undefint shr (0+2)
   815                           
   816                           ; Vector 40 : SPI2RX
   817   000058  002E               	dw	ivt0x8_undefint shr (0+2)
   818                           
   819                           ; Vector 41 : SPI2TX
   820   00005A  002E               	dw	ivt0x8_undefint shr (0+2)
   821                           
   822                           ; Vector 42 : SPI2
   823   00005C  002E               	dw	ivt0x8_undefint shr (0+2)
   824                           
   825                           ; Vector 43 : Undefined
   826   00005E  002E               	dw	ivt0x8_undefint shr (0+2)
   827                           
   828                           ; Vector 44 : CMP2
   829   000060  002E               	dw	ivt0x8_undefint shr (0+2)
   830                           
   831                           ; Vector 45 : CLC2
   832   000062  002E               	dw	ivt0x8_undefint shr (0+2)
   833                           
   834                           ; Vector 46 : PWM2PR
   835   000064  002E               	dw	ivt0x8_undefint shr (0+2)
   836                           
   837                           ; Vector 47 : PWM2
   838   000066  002E               	dw	ivt0x8_undefint shr (0+2)
   839                           
   840                           ; Vector 48 : INT1
   841   000068  002E               	dw	ivt0x8_undefint shr (0+2)
   842                           
   843                           ; Vector 49 : CWG1
   844   00006A  002E               	dw	ivt0x8_undefint shr (0+2)
   845                           
   846                           ; Vector 50 : NCO1
   847   00006C  002E               	dw	ivt0x8_undefint shr (0+2)
   848                           
   849                           ; Vector 51 : DMA2SCNT
   850   00006E  002E               	dw	ivt0x8_undefint shr (0+2)
   851                           
   852                           ; Vector 52 : DMA2DCNT
   853   000070  002E               	dw	ivt0x8_undefint shr (0+2)
   854                           
   855                           ; Vector 53 : DMA2OR
   856   000072  002E               	dw	ivt0x8_undefint shr (0+2)
   857                           
   858                           ; Vector 54 : DMA2A
   859   000074  002E               	dw	ivt0x8_undefint shr (0+2)
   860                           
   861                           ; Vector 55 : Undefined
   862   000076  002E               	dw	ivt0x8_undefint shr (0+2)
   863                           
   864                           ; Vector 56 : I2C1RX
   865   000078  002E               	dw	ivt0x8_undefint shr (0+2)
   866                           
   867                           ; Vector 57 : I2C1TX
   868   00007A  002E               	dw	ivt0x8_undefint shr (0+2)
   869                           
   870                           ; Vector 58 : I2C1
   871   00007C  0070               	dw	_ISR shr (0+2)
   872                           
   873                           ; Vector 59 : I2C1E
   874   00007E  002E               	dw	ivt0x8_undefint shr (0+2)
   875                           
   876                           ; Vector 60 : Undefined
   877   000080  002E               	dw	ivt0x8_undefint shr (0+2)
   878                           
   879                           ; Vector 61 : CLC3
   880   000082  002E               	dw	ivt0x8_undefint shr (0+2)
   881                           
   882                           ; Vector 62 : PWM3PR
   883   000084  002E               	dw	ivt0x8_undefint shr (0+2)
   884                           
   885                           ; Vector 63 : PWM3
   886   000086  002E               	dw	ivt0x8_undefint shr (0+2)
   887                           
   888                           ; Vector 64 : U2RX
   889   000088  002E               	dw	ivt0x8_undefint shr (0+2)
   890                           
   891                           ; Vector 65 : U2TX
   892   00008A  002E               	dw	ivt0x8_undefint shr (0+2)
   893                           
   894                           ; Vector 66 : U2E
   895   00008C  002E               	dw	ivt0x8_undefint shr (0+2)
   896                           
   897                           ; Vector 67 : U2
   898   00008E  002E               	dw	ivt0x8_undefint shr (0+2)
   899                           
   900                           ; Vector 68 : Undefined
   901   000090  002E               	dw	ivt0x8_undefint shr (0+2)
   902                           
   903                           ; Vector 69 : CLC4
   904   000092  002E               	dw	ivt0x8_undefint shr (0+2)
   905                           
   906                           ; Vector 70 : Undefined
   907   000094  002E               	dw	ivt0x8_undefint shr (0+2)
   908                           
   909                           ; Vector 71 : SCAN
   910   000096  002E               	dw	ivt0x8_undefint shr (0+2)
   911                           
   912                           ; Vector 72 : U3RX
   913   000098  002E               	dw	ivt0x8_undefint shr (0+2)
   914                           
   915                           ; Vector 73 : U3TX
   916   00009A  002E               	dw	ivt0x8_undefint shr (0+2)
   917                           
   918                           ; Vector 74 : U3E
   919   00009C  002E               	dw	ivt0x8_undefint shr (0+2)
   920                           
   921                           ; Vector 75 : U3
   922   00009E  002E               	dw	ivt0x8_undefint shr (0+2)
   923                           
   924                           ; Vector 76 : DMA3SCNT
   925   0000A0  002E               	dw	ivt0x8_undefint shr (0+2)
   926                           
   927                           ; Vector 77 : DMA3DCNT
   928   0000A2  002E               	dw	ivt0x8_undefint shr (0+2)
   929                           
   930                           ; Vector 78 : DMA3OR
   931   0000A4  002E               	dw	ivt0x8_undefint shr (0+2)
   932                           
   933                           ; Vector 79 : DMA3A
   934   0000A6  002E               	dw	ivt0x8_undefint shr (0+2)
   935                           
   936                           ; Vector 80 : INT2
   937   0000A8  002E               	dw	ivt0x8_undefint shr (0+2)
   938                           
   939                           ; Vector 81 : Undefined
   940   0000AA  002E               	dw	ivt0x8_undefint shr (0+2)
   941                           
   942                           ; Vector 82 : Undefined
   943   0000AC  002E               	dw	ivt0x8_undefint shr (0+2)
   944                           
   945                           ; Vector 83 : TMR4
   946   0000AE  002E               	dw	ivt0x8_undefint shr (0+2)
   947                           
   948                           ; Vector 84 : DMA4SCNT
   949   0000B0  002E               	dw	ivt0x8_undefint shr (0+2)
   950                           
   951                           ; Vector 85 : DMA4DCNT
   952   0000B2  002E               	dw	ivt0x8_undefint shr (0+2)
   953                           
   954                           ; Vector 86 : DMA4OR
   955   0000B4  002E               	dw	ivt0x8_undefint shr (0+2)
   956                           
   957                           ; Vector 87 : DMA4A
   958   0000B6  002E               	dw	ivt0x8_undefint shr (0+2)
   959   0000B8                     ivt0x8_undefint:
   960                           	callstack 0
   961   0000B8  00FF               	reset	
   962   000000                     
   963                           	psect	rparam
   964   000000                     tosu	equ	0x4FF
   965                           tosh	equ	0x4FE
   966                           tosl	equ	0x4FD
   967                           stkptr	equ	0x4FC
   968                           pclatu	equ	0x4FB
   969                           pclath	equ	0x4FA
   970                           pcl	equ	0x4F9
   971                           tblptru	equ	0x4F8
   972                           tblptrh	equ	0x4F7
   973                           tblptrl	equ	0x4F6
   974                           tablat	equ	0x4F5
   975                           prodh	equ	0x4F4
   976                           prodl	equ	0x4F3
   977                           indf0	equ	0x4EF
   978                           postinc0	equ	0x4EE
   979                           postdec0	equ	0x4ED
   980                           preinc0	equ	0x4EC
   981                           plusw0	equ	0x4EB
   982                           fsr0h	equ	0x4EA
   983                           fsr0l	equ	0x4E9
   984                           wreg	equ	0x4E8
   985                           indf1	equ	0x4E7
   986                           postinc1	equ	0x4E6
   987                           postdec1	equ	0x4E5
   988                           preinc1	equ	0x4E4
   989                           plusw1	equ	0x4E3
   990                           fsr1h	equ	0x4E2
   991                           fsr1l	equ	0x4E1
   992                           bsr	equ	0x4E0
   993                           indf2	equ	0x4DF
   994                           postinc2	equ	0x4DE
   995                           postdec2	equ	0x4DD
   996                           preinc2	equ	0x4DC
   997                           plusw2	equ	0x4DB
   998                           fsr2h	equ	0x4DA
   999                           fsr2l	equ	0x4D9
  1000                           status	equ	0x4D8

Data Sizes:
    Strings     0
    Constant    0
    Data        0
    BSS         0
    Persistent  0
    Stack       0

Auto Spaces:
    Space          Size  Autos    Used
    COMRAM           95      2       2
    BANK5           160      0       0
    BANK6           256      0       0
    BANK7           256      0       0
    BANK8           256      0       0
    BANK9           256      0       0
    BANK10          256      0       0
    BANK11          256      0       0
    BANK12          256      0       0

Pointer List with Targets:

    None.

Critical Paths under _main in COMRAM

    _setup->_configDMA

Critical Paths under _ISR in COMRAM

    None.

Critical Paths under _main in BANK5

    None.

Critical Paths under _ISR in BANK5

    None.

Critical Paths under _main in BANK6

    None.

Critical Paths under _ISR in BANK6

    None.

Critical Paths under _main in BANK7

    None.

Critical Paths under _ISR in BANK7

    None.

Critical Paths under _main in BANK8

    None.

Critical Paths under _ISR in BANK8

    None.

Critical Paths under _main in BANK9

    None.

Critical Paths under _ISR in BANK9

    None.

Critical Paths under _main in BANK10

    None.

Critical Paths under _ISR in BANK10

    None.

Critical Paths under _main in BANK11

    None.

Critical Paths under _ISR in BANK11

    None.

Critical Paths under _main in BANK12

    None.

Critical Paths under _ISR in BANK12

    None.

Call Graph Tables:

 ---------------------------------------------------------------------------------
 (Depth) Function   	        Calls       Base Space   Used Autos Params    Refs
 ---------------------------------------------------------------------------------
 (0) _main                                                 0     0      0      15
                               _loop
                              _setup
 ---------------------------------------------------------------------------------
 (1) _setup                                                0     0      0      15
                          _configDMA
                          _configI2C
 ---------------------------------------------------------------------------------
 (2) _configI2C                                            1     1      0       0
                                              0 COMRAM     1     1      0
 ---------------------------------------------------------------------------------
 (2) _configDMA                                            4     4      0      15
                                              0 COMRAM     2     2      0
 ---------------------------------------------------------------------------------
 (1) _loop                                                 0     0      0       0
 ---------------------------------------------------------------------------------
 Estimated maximum stack depth 2
 ---------------------------------------------------------------------------------
 (Depth) Function   	        Calls       Base Space   Used Autos Params    Refs
 ---------------------------------------------------------------------------------
 (3) _ISR                                                  0     0      0       0
 ---------------------------------------------------------------------------------
 Estimated maximum stack depth 3
 ---------------------------------------------------------------------------------

 Call Graph Graphs:

 _main (ROOT)
   _loop
   _setup
     _configDMA
     _configI2C

 _ISR (ROOT)

 Address spaces:
Name               Size   Autos  Total    Cost      Usage
BITCOMRAM           5F      0       0       0        0.0%
EEDATA             200      0       0       0        0.0%
NULL                 0      0       0       0        0.0%
CODE                 0      0       0       0        0.0%
COMRAM              5F      2       2       1        2.1%
STACK                0      0       0       2        0.0%
DATA                 0      0       0       3        0.0%
BITBANK5            A0      0       0       4        0.0%
BANK5               A0      0       0       5        0.0%
BITBANK6           100      0       0       6        0.0%
BANK6              100      0       0       7        0.0%
BITBANK7           100      0       0       8        0.0%
BANK7              100      0       0       9        0.0%
BITBANK8           100      0       0      10        0.0%
BANK8              100      0       0      11        0.0%
BITBANK9           100      0       0      12        0.0%
BANK9              100      0       0      13        0.0%
BITBANK10          100      0       0      14        0.0%
BANK10             100      0       0      15        0.0%
BITBANK11          100      0       0      16        0.0%
BANK11             100      0       0      17        0.0%
BITBANK12          100      0       0      18        0.0%
BANK12             100      0       0      19        0.0%
BITBIGSFR_1        100      0       0      20        0.0%
BIGRAM             7FF      0       0      21        0.0%
BITBIGSFRhhhhhh     29      0       0      22        0.0%
BITBIGSFRhhhhhh      D      0       0      23        0.0%
BITBIGSFRhhhhhl      D      0       0      24        0.0%
BITBIGSFRhhhhhl      A      0       0      25        0.0%
BITBIGSFRhhhhhl     9C      0       0      26        0.0%
BITBIGSFRhhhhhl      1      0       0      27        0.0%
BITBIGSFRhhhhlh     A1      0       0      28        0.0%
BITBIGSFRhhhhlh     CE      0       0      29        0.0%
BITBIGSFRhhhhll      3      0       0      30        0.0%
BITBIGSFRhhhlhh      2      0       0      31        0.0%
BITBIGSFRhhhlhh      3      0       0      32        0.0%
BITBIGSFRhhhlhh     1A      0       0      33        0.0%
BITBIGSFRhhhlhl     5D      0       0      34        0.0%
BITBIGSFRhhhll     111      0       0      35        0.0%
BITBIGSFRhhl         1      0       0      36        0.0%
BITBIGSFRhlh         5      0       0      37        0.0%
BITBIGSFRhll         5      0       0      38        0.0%
BITBIGSFRlh         36      0       0      39        0.0%
BITBIGSFRllh         3      0       0      40        0.0%
BITBIGSFRlll        AD      0       0      41        0.0%
ABS                  0      0       0      42        0.0%
BIGSFR_1             0      0       0     200        0.0%
BIGSFR               0      0       0     200        0.0%
BITSFR_6             0      0       0     200        0.0%
SFR_6                0      0       0     200        0.0%
BITSFR_5             0      0       0     200        0.0%
SFR_5                0      0       0     200        0.0%
BITSFR_4             0      0       0     200        0.0%
SFR_4                0      0       0     200        0.0%
BITSFR_3             0      0       0     200        0.0%
SFR_3                0      0       0     200        0.0%
BITSFR_2             0      0       0     200        0.0%
SFR_2                0      0       0     200        0.0%
BITSFR_1             0      0       0     200        0.0%
SFR_1                0      0       0     200        0.0%
BITSFR               0      0       0     200        0.0%
SFR                  0      0       0     200        0.0%


Microchip Technology PIC18 Macro Assembler V2.41 build 20230208172133 
Symbol Table                                                                                   Fri Jul 21 12:11:52 2023

                     l81 0190                       l84 014C                       l93 01A8  
                     l96 01EA                       u27 013C                      l101 01D8  
                    l800 00EC                      l810 00FA                      l802 00EE  
                    l820 0104                      l812 00FC                      l804 00F4  
                    l830 011A                      l822 0106                      l814 00FE  
                    l806 00F6                      l840 012E                      l832 0124  
                    l824 010C                      l816 0100                      l808 00F8  
                    l850 0148                      l842 0130                      l834 0126  
                    l826 010E                      l818 0102                      l860 01E4  
                    l780 014E                      l852 014A                      l844 0134  
                    l836 0128                      l828 0118                      l782 0154  
                    l846 0136                      l838 012C                      l790 00BE  
                    l854 0192                      l784 0156                      l848 0144  
                    l792 00D0                      l856 01A0                      l786 0160  
                    l794 00E6                      l858 01A4                      l866 01D4  
                    l788 0166                      l796 00E8                      l798 00EA  
                    _ISR 01C0                      wreg 04E8                     ?_ISR 0501  
                   i2l90 01D2                     _main 01D4                     _loop 01E4  
     configDMA@bufferReg 0501                     start 00BA             ___param_bank 0000  
                  ??_ISR 0501                    ?_main 0501                    ?_loop 0501  
                  i2l862 01C0                    i2l864 01D0                    _setup 0192  
        __initialization 01AA             __end_of_main 01E4             __end_of_loop 01EC  
                 ??_main 0503                   ??_loop 0501            __activetblptr 0000  
                 ?_setup 0501                   _RC0PPS 0211                   _RC1PPS 0212  
                 i2u1_40 01D0                   i2u1_41 01CC                   isa$std 0001  
             __accesstop 0560  __end_of__initialization 01B8            ___rparam_used 0001  
         __pcstackCOMRAM 0501           ivt0x8_undefint 00B8            __end_of_setup 01AA  
                ??_setup 0503                  IVTBASEH 045E                  IVTBASEL 045D  
                IVTBASEU 045F                  _I2C1CLK 029E             _DMAnCON0bits 00FC  
           _DMAnCON1bits 00FD                  _OSCFREQ 00B1                  __Hparam 0000  
                __Lparam 0000        __end_of_configI2C 014E        __end_of_configDMA 0192  
              _DMASELECT 00E8                  __pcinit 01AA                  __ramtop 0E00  
                __ptext0 01D4                  __ptext1 0192                  __ptext2 00BE  
                __ptext3 014E                  __ptext4 01E4                  __ptext5 01C0  
            _I2C1BTObits 029C              _I2C1PIEbits 029B              _I2C1PIRbits 029A  
   end_of_initialization 01B8                _TRISCbits 04C8      start_initialization 01AA  
            __end_of_ISR 01D4               ivt0x8_base 0008                 _I2C1ADR0 0290  
               _I2C1ADR1 0291                 _I2C1BAUD 029D                 _I2C1BTOC 029F  
               _I2C1CNTL 028C                _configI2C 00BE                _configDMA 014E  
               _DMAnDSAH 00F1                 _DMAnDSAL 00F0                 _DMAnDSZH 00EF  
               _DMAnDSZL 00EE                 _DMAnSSAH 00FA                 _DMAnSIRQ 00FF  
               _DMAnSSAL 00F9                 _DMAnSSAU 00FB               _I2C1SDAPPS 0270  
               _DMAnSSZH 00F8                 _DMAnSSZL 00F7               _I2C1SCLPPS 0271  
               _IPR7bits 036E                 _PIE7bits 04AF                 _PIR7bits 04BA  
             ?_configI2C 0501               ?_configDMA 0501              _INTCON0bits 04D6  
               __Hrparam 0000                 __Lrparam 0000               _ANSELCbits 0410  
           _I2C1CON0bits 0294             _I2C1CON1bits 0295             _I2C1CON2bits 0296  
               __pivt0x8 0008              _OSCCON1bits 00AD                 isa$xinst 0000  
             _ODCONCbits 0412              ??_configI2C 0501              ??_configDMA 0501  
               intlevel2 0000  
