

Microchip MPLAB XC8 Assembler V2.41 build 20230208172133 
                                                                                               Thu Aug 17 12:05:30 2023

Microchip MPLAB XC8 C Compiler v2.41 (Free license) build 20230208172133 Og1 
     1                           	processor	18F15Q40
     2                           	fnconf	rparam,??,?,0
     3                           	pagewidth 120
     4                           	opt	flic
     5                           	psect	cinit,global,reloc=2,class=CODE,delta=1
     6                           	psect	bssCOMRAM,global,class=COMRAM,space=1,delta=1,lowdata,noexec
     7                           	psect	cstackCOMRAM,global,class=COMRAM,space=1,delta=1,lowdata,noexec
     8                           	psect	text0,global,reloc=2,class=CODE,delta=1
     9                           	psect	text1,global,reloc=2,class=CODE,delta=1
    10                           	psect	text2,global,reloc=2,class=CODE,delta=1
    11                           	psect	text3,global,reloc=2,class=CODE,delta=1
    12                           	psect	text4,global,reloc=4,class=CODE,delta=1
    13                           	psect	text5,global,reloc=2,class=CODE,delta=1
    14                           	psect	text6,global,reloc=2,class=CODE,delta=1
    15                           	psect	ivt0x8,global,reloc=2,class=CODE,delta=1,noexec,keep,optim=
    16                           	psect	intsave_regs,global,class=BIGRAM,space=1,delta=1,noexec
    17                           	psect	rparam,global,class=COMRAM,space=1,delta=1,noexec
    18   000000                     
    19                           ; Generated 23/03/2023 GMT
    20                           ; 
    21                           ; Copyright © 2023, Microchip Technology Inc. and its subsidiaries ("Microchip")
    22                           ; All rights reserved.
    23                           ; 
    24                           ; This software is developed by Microchip Technology Inc. and its subsidiaries ("Microch
      +                          ip").
    25                           ; 
    26                           ; Redistribution and use in source and binary forms, with or without modification, are
    27                           ; permitted provided that the following conditions are met:
    28                           ; 
    29                           ;     1. Redistributions of source code must retain the above copyright notice, this lis
      +                          t of
    30                           ;        conditions and the following disclaimer.
    31                           ; 
    32                           ;     2. Redistributions in binary form must reproduce the above copyright notice, this 
      +                          list
    33                           ;        of conditions and the following disclaimer in the documentation and/or other
    34                           ;        materials provided with the distribution. Publication is not required when
    35                           ;        this file is used in an embedded application.
    36                           ; 
    37                           ;     3. Microchip's name may not be used to endorse or promote products derived from th
      +                          is
    38                           ;        software without specific prior written permission.
    39                           ; 
    40                           ; THIS SOFTWARE IS PROVIDED BY MICROCHIP "AS IS" AND ANY EXPRESS OR IMPLIED WARRANTIES,
    41                           ; INCLUDING, BUT NOT LIMITED TO, THE IMPLIED WARRANTIES OF MERCHANTABILITY AND FITNESS F
      +                          OR
    42                           ; PURPOSE ARE DISCLAIMED.  IN NO EVENT SHALL MICROCHIP BE LIABLE FOR ANY DIRECT, INDIREC
      +                          T,
    43                           ; INCIDENTAL, SPECIAL, EXEMPLARY, OR CONSEQUENTIAL DAMAGES (INCLUDING BUT NOT LIMITED TO
    44                           ; PROCUREMENT OF SUBSTITUTE GOODS OR SERVICES; LOSS OF USE, DATA OR PROFITS; OR BUSINESS
    45                           ; INTERRUPTION) HOWSOEVER CAUSED AND ON ANY THEORY OF LIABILITY, WHETHER IN CONTRACT, ST
      +                          RICT
    46                           ; LIABILITY, OR TORT (INCLUDING NEGLIGENCE OR OTHERWISE) ARISING IN ANY WAY OUT OF THE U
      +                          SE OF
    47                           ; THIS SOFTWARE, EVEN IF ADVISED OF THE POSSIBILITY OF SUCH DAMAGE.
    48                           ; 
    49                           ; 
    50                           ; Code-generator required, PIC18F15Q40 Definitions
    51                           ; 
    52                           ; SFR Addresses
    53   000000                     _I2C1STAT1bits	set	665
    54   000000                     _I2C1BAUD	set	669
    55   000000                     _I2C1CLK	set	670
    56   000000                     _I2C1BTObits	set	668
    57   000000                     _I2C1BTOC	set	671
    58   000000                     _I2C1PIR	set	666
    59   000000                     _RB7PPS	set	528
    60   000000                     _RC0PPS	set	529
    61   000000                     _I2C1CON0bits	set	660
    62   000000                     _I2C1STAT0bits	set	664
    63   000000                     _I2C1PIRbits	set	666
    64   000000                     _I2C1PIEbits	set	667
    65   000000                     _I2C1CON2bits	set	662
    66   000000                     _I2C1CON1bits	set	661
    67   000000                     _ANSELCbits	set	1040
    68   000000                     _TRISCbits	set	1224
    69   000000                     _INTCON0bits	set	1238
    70   000000                     _ODCONCbits	set	1042
    71   000000                     _PWM1ERS	set	1120
    72   000000                     _PIE7bits	set	1199
    73   000000                     _PIR7bits	set	1210
    74   000000                     _RC3PPS	set	532
    75   000000                     _RC4PPS	set	533
    76   000000                     _I2C1SDAPPS	set	624
    77   000000                     _RC1PPS	set	530
    78   000000                     _I2C1RXB	set	650
    79   000000                     _I2C1ADR0	set	656
    80   000000                     _I2C1SCLPPS	set	625
    81   000000                     _IPR7bits	set	878
    82   000000                     _TRISBbits	set	1223
    83   000000                     _I2C1CNTL	set	652
    84   000000                     _RC6PPS	set	535
    85   000000                     _RC7PPS	set	536
    86   000000                     _PWM1PR	set	1123
    87   000000                     _PWM1CLK	set	1121
    88   000000                     _PWM1GIE	set	1128
    89   000000                     _PWM1CPRE	set	1125
    90   000000                     _PWM2PR	set	1138
    91   000000                     _PWM1S1P2	set	1133
    92   000000                     _PWM1S1P1	set	1131
    93   000000                     _PWM2CLK	set	1136
    94   000000                     _PWM2ERS	set	1135
    95   000000                     _PWM1S1CFGbits	set	1130
    96   000000                     _PWM1CONbits	set	1129
    97   000000                     _PWM2GIE	set	1143
    98   000000                     _PWM2CPRE	set	1140
    99   000000                     _PWM2S1P1	set	1146
   100   000000                     _PWM3ERS	set	1150
   101   000000                     _PWM2S1CFGbits	set	1145
   102   000000                     _PWM2CONbits	set	1144
   103   000000                     _PWM3PR	set	1153
   104   000000                     _PWM3CLK	set	1151
   105   000000                     _PWM3GIE	set	1158
   106   000000                     _PWM3CPRE	set	1155
   107   000000                     _PWM3S1P2	set	1163
   108   000000                     _PWM3S1P1	set	1161
   109   000000                     _PWM3S1CFGbits	set	1160
   110   000000                     _PWM3CONbits	set	1159
   111                           
   112                           ; #config settings
   113                           
   114                           	psect	cinit
   115   000426                     __pcinit:
   116                           	callstack 0
   117   000426                     start_initialization:
   118                           	callstack 0
   119   000426                     __initialization:
   120                           	callstack 0
   121                           
   122                           ; Clear objects allocated to COMRAM (4 bytes)
   123   000426  6A1E               	clrf	(__pbssCOMRAM+3)& (0+255),c
   124   000428  6A1D               	clrf	(__pbssCOMRAM+2)& (0+255),c
   125   00042A  6A1C               	clrf	(__pbssCOMRAM+1)& (0+255),c
   126   00042C  6A1B               	clrf	__pbssCOMRAM& (0+255),c
   127                           
   128                           ;
   129                           ; Setup IVTBASE
   130                           ;
   131   00042E  0104               	movlb	4
   132   000430  0E08               	movlw	(ivt0x8_base shr 0)& (0+255)
   133   000432  6F5D               	movwf	93,b
   134   000434  0E00               	movlw	(ivt0x8_base shr (0+8))& (0+255)
   135   000436  6F5E               	movwf	94,b
   136   000438  0E00               	movlw	(ivt0x8_base shr (0+16))& (0+255)
   137   00043A  6F5F               	movwf	95,b
   138   00043C                     end_of_initialization:
   139                           	callstack 0
   140   00043C                     __end_of__initialization:
   141                           	callstack 0
   142   00043C  0100               	movlb	0
   143   00043E  EF2E  F002         	goto	_main	;jump to C main() function
   144                           
   145                           	psect	bssCOMRAM
   146   00051B                     __pbssCOMRAM:
   147                           	callstack 0
   148   00051B                     _i2cBuffer:
   149                           	callstack 0
   150   00051B                     	ds	4
   151                           
   152                           	psect	cstackCOMRAM
   153   000501                     __pcstackCOMRAM:
   154                           	callstack 0
   155   000501                     setPWM@address:
   156                           	callstack 0
   157                           
   158                           ; 2 bytes @ 0x0
   159   000501                     	ds	2
   160   000503                     setPWM@duty_cycle:
   161                           	callstack 0
   162                           
   163                           ; 2 bytes @ 0x2
   164   000503                     	ds	2
   165   000505                     ??_setPWM:
   166                           
   167                           ; 1 bytes @ 0x4
   168   000505                     	ds	3
   169   000508                     setPWM@pDutyReg:
   170                           	callstack 0
   171                           
   172                           ; 2 bytes @ 0x7
   173   000508                     	ds	2
   174   00050A                     setPWM@conReg:
   175                           	callstack 0
   176                           
   177                           ; 2 bytes @ 0x9
   178   00050A                     	ds	2
   179   00050C                     setPWM@pConReg:
   180                           	callstack 0
   181                           
   182                           ; 2 bytes @ 0xB
   183   00050C                     	ds	2
   184   00050E                     setPWM@temp:
   185                           	callstack 0
   186                           
   187                           ; 2 bytes @ 0xD
   188   00050E                     	ds	2
   189   000510                     ??_i2cStart:
   190                           
   191                           ; 1 bytes @ 0xF
   192   000510                     	ds	2
   193   000512                     i2cStart@address:
   194                           	callstack 0
   195                           
   196                           ; 2 bytes @ 0x11
   197   000512                     	ds	2
   198   000514                     i2cStart@duty_cycle:
   199                           	callstack 0
   200                           
   201                           ; 2 bytes @ 0x13
   202   000514                     	ds	2
   203   000516                     i2cStart@index:
   204                           	callstack 0
   205                           
   206                           ; 2 bytes @ 0x15
   207   000516                     	ds	2
   208   000518                     i2cStart@timeout:
   209                           	callstack 0
   210                           
   211                           ; 2 bytes @ 0x17
   212   000518                     	ds	2
   213   00051A                     ??_configI2C:
   214   00051A                     
   215                           ; 1 bytes @ 0x19
   216   00051A                     	ds	1
   217   00051B                     
   218                           ; 1 bytes @ 0x1A
   219 ;;
   220 ;;Main: autosize = 0, tempsize = 0, incstack = 0, save=0
   221 ;;
   222 ;; *************** function _main *****************
   223 ;; Defined at:
   224 ;;		line 250 in file "main.c"
   225 ;; Parameters:    Size  Location     Type
   226 ;;		None
   227 ;; Auto vars:     Size  Location     Type
   228 ;;		None
   229 ;; Return value:  Size  Location     Type
   230 ;;                  1    wreg      void 
   231 ;; Registers used:
   232 ;;		wreg, status,2, cstack
   233 ;; Tracked objects:
   234 ;;		On entry : 0/0
   235 ;;		On exit  : 0/0
   236 ;;		Unchanged: 0/0
   237 ;; Data sizes:     COMRAM   BANK5   BANK6   BANK7   BANK8   BANK9  BANK10  BANK11  BANK12
   238 ;;      Params:         0       0       0       0       0       0       0       0       0
   239 ;;      Locals:         0       0       0       0       0       0       0       0       0
   240 ;;      Temps:          0       0       0       0       0       0       0       0       0
   241 ;;      Totals:         0       0       0       0       0       0       0       0       0
   242 ;;Total ram usage:        0 bytes
   243 ;; Hardware stack levels required when called: 4
   244 ;; This function calls:
   245 ;;		_PWMsetup
   246 ;;		_configI2C
   247 ;;		_loop
   248 ;; This function is called by:
   249 ;;		Startup code after reset
   250 ;; This function uses a non-reentrant model
   251 ;;
   252                           
   253                           	psect	text0
   254   00045C                     __ptext0:
   255                           	callstack 0
   256   00045C                     _main:
   257                           	callstack 123
   258   00045C                     
   259                           ;main.c: 251:     PWMsetup();
   260   00045C  EC6B  F001         	call	_PWMsetup	;wreg free
   261                           
   262                           ;main.c: 252:     configI2C();
   263   000460  ECCC  F001         	call	_configI2C	;wreg free
   264   000464                     l163:
   265                           
   266                           ;main.c: 254:         loop();
   267   000464  EC38  F002         	call	_loop	;wreg free
   268   000468  EF32  F002         	goto	l163
   269   00046C  EF5D  F000         	goto	start
   270   000470                     __end_of_main:
   271                           	callstack 0
   272                           
   273 ;; *************** function _loop *****************
   274 ;; Defined at:
   275 ;;		line 245 in file "main.c"
   276 ;; Parameters:    Size  Location     Type
   277 ;;		None
   278 ;; Auto vars:     Size  Location     Type
   279 ;;		None
   280 ;; Return value:  Size  Location     Type
   281 ;;                  1    wreg      void 
   282 ;; Registers used:
   283 ;;		wreg, status,2
   284 ;; Tracked objects:
   285 ;;		On entry : 0/0
   286 ;;		On exit  : 0/0
   287 ;;		Unchanged: 0/0
   288 ;; Data sizes:     COMRAM   BANK5   BANK6   BANK7   BANK8   BANK9  BANK10  BANK11  BANK12
   289 ;;      Params:         0       0       0       0       0       0       0       0       0
   290 ;;      Locals:         0       0       0       0       0       0       0       0       0
   291 ;;      Temps:          0       0       0       0       0       0       0       0       0
   292 ;;      Totals:         0       0       0       0       0       0       0       0       0
   293 ;;Total ram usage:        0 bytes
   294 ;; Hardware stack levels used: 1
   295 ;; Hardware stack levels required when called: 3
   296 ;; This function calls:
   297 ;;		Nothing
   298 ;; This function is called by:
   299 ;;		_main
   300 ;; This function uses a non-reentrant model
   301 ;;
   302                           
   303                           	psect	text1
   304   000470                     __ptext1:
   305                           	callstack 0
   306   000470                     _loop:
   307                           	callstack 123
   308   000470  0004               	clrwdt		;# 
   309   000472                     
   310                           ;main.c: 247:     I2C1CNTL = 0x04;
   311   000472  0E04               	movlw	4
   312   000474  0102               	movlb	2	; () banked
   313   000476  6F8C               	movwf	140,b	;volatile
   314   000478                     
   315                           ; BSR set to: 2
   316   000478  0012               	return		;funcret
   317   00047A                     __end_of_loop:
   318                           	callstack 0
   319                           
   320 ;; *************** function _configI2C *****************
   321 ;; Defined at:
   322 ;;		line 45 in file "main.c"
   323 ;; Parameters:    Size  Location     Type
   324 ;;		None
   325 ;; Auto vars:     Size  Location     Type
   326 ;;		None
   327 ;; Return value:  Size  Location     Type
   328 ;;                  1    wreg      void 
   329 ;; Registers used:
   330 ;;		wreg, status,2
   331 ;; Tracked objects:
   332 ;;		On entry : 0/0
   333 ;;		On exit  : 0/0
   334 ;;		Unchanged: 0/0
   335 ;; Data sizes:     COMRAM   BANK5   BANK6   BANK7   BANK8   BANK9  BANK10  BANK11  BANK12
   336 ;;      Params:         0       0       0       0       0       0       0       0       0
   337 ;;      Locals:         0       0       0       0       0       0       0       0       0
   338 ;;      Temps:          1       0       0       0       0       0       0       0       0
   339 ;;      Totals:         1       0       0       0       0       0       0       0       0
   340 ;;Total ram usage:        1 bytes
   341 ;; Hardware stack levels used: 1
   342 ;; Hardware stack levels required when called: 3
   343 ;; This function calls:
   344 ;;		Nothing
   345 ;; This function is called by:
   346 ;;		_main
   347 ;; This function uses a non-reentrant model
   348 ;;
   349                           
   350                           	psect	text2
   351   000398                     __ptext2:
   352                           	callstack 0
   353   000398                     _configI2C:
   354                           	callstack 123
   355   000398                     
   356                           ;main.c: 46:     I2C1CON0bits.EN = 0;
   357   000398  0102               	movlb	2	; () banked
   358   00039A  9F94               	bcf	148,7,b	;volatile
   359                           
   360                           ;main.c: 52:     TRISCbits.TRISC0 = 0;
   361   00039C  90C8               	bcf	200,0,c	;volatile
   362                           
   363                           ;main.c: 53:     TRISCbits.TRISC1 = 0;
   364   00039E  92C8               	bcf	200,1,c	;volatile
   365                           
   366                           ;main.c: 56:     ANSELCbits.ANSELC0 = 0;
   367   0003A0  0104               	movlb	4	; () banked
   368   0003A2  9110               	bcf	16,0,b	;volatile
   369                           
   370                           ;main.c: 57:     ANSELCbits.ANSELC1 = 0;
   371   0003A4  9310               	bcf	16,1,b	;volatile
   372                           
   373                           ;main.c: 60:     ODCONCbits.ODCC0 = 1;
   374   0003A6  8112               	bsf	18,0,b	;volatile
   375                           
   376                           ;main.c: 61:     ODCONCbits.ODCC1 = 1;
   377   0003A8  8312               	bsf	18,1,b	;volatile
   378   0003AA                     
   379                           ; BSR set to: 4
   380                           ;main.c: 64:     RC0PPS = 0x22;
   381   0003AA  0E22               	movlw	34
   382   0003AC  0102               	movlb	2	; () banked
   383   0003AE  6F11               	movwf	17,b	;volatile
   384                           
   385                           ;main.c: 65:     RC1PPS = 0x21;
   386   0003B0  0E21               	movlw	33
   387   0003B2  6F12               	movwf	18,b	;volatile
   388                           
   389                           ;main.c: 68:     I2C1SDAPPS = 0b010000;
   390   0003B4  0E10               	movlw	16
   391   0003B6  6F70               	movwf	112,b	;volatile
   392                           
   393                           ;main.c: 69:     I2C1SCLPPS = 0b010001;
   394   0003B8  0E11               	movlw	17
   395   0003BA  6F71               	movwf	113,b	;volatile
   396                           
   397                           ;main.c: 72:     I2C1CON0bits.MODE = 0b000;
   398   0003BC  0EF8               	movlw	-8
   399   0003BE  1794               	andwf	148,f,b	;volatile
   400   0003C0                     
   401                           ; BSR set to: 2
   402                           ;main.c: 73:     I2C1CON0bits.CSTR = 0;
   403   0003C0  9994               	bcf	148,4,b	;volatile
   404   0003C2                     
   405                           ; BSR set to: 2
   406                           ;main.c: 75:     I2C1CON1bits.CSD = 0;
   407   0003C2  9195               	bcf	149,0,b	;volatile
   408   0003C4                     
   409                           ; BSR set to: 2
   410                           ;main.c: 77:     I2C1CON2bits.ACNT = 0;
   411   0003C4  9F96               	bcf	150,7,b	;volatile
   412   0003C6                     
   413                           ; BSR set to: 2
   414                           ;main.c: 78:     I2C1CON2bits.GCEN = 1;
   415   0003C6  8D96               	bsf	150,6,b	;volatile
   416   0003C8                     
   417                           ; BSR set to: 2
   418                           ;main.c: 79:     I2C1CON2bits.ABD = 0;
   419   0003C8  9996               	bcf	150,4,b	;volatile
   420                           
   421                           ;main.c: 80:     I2C1CON2bits.SDAHT = 0b00;
   422   0003CA  0EF3               	movlw	-13
   423   0003CC  1796               	andwf	150,f,b	;volatile
   424   0003CE                     
   425                           ; BSR set to: 2
   426                           ;main.c: 82:     I2C1PIEbits.CNT1IE = 0;
   427   0003CE  9F9B               	bcf	155,7,b	;volatile
   428   0003D0                     
   429                           ; BSR set to: 2
   430                           ;main.c: 83:     I2C1PIEbits.ACKTIE = 0;
   431   0003D0  9D9B               	bcf	155,6,b	;volatile
   432   0003D2                     
   433                           ; BSR set to: 2
   434                           ;main.c: 84:     I2C1PIEbits.WRIE = 0;
   435   0003D2  999B               	bcf	155,4,b	;volatile
   436   0003D4                     
   437                           ; BSR set to: 2
   438                           ;main.c: 85:     I2C1PIEbits.ADRIE = 1;
   439   0003D4  879B               	bsf	155,3,b	;volatile
   440   0003D6                     
   441                           ; BSR set to: 2
   442                           ;main.c: 86:     I2C1PIEbits.PCIE = 0;
   443   0003D6  959B               	bcf	155,2,b	;volatile
   444   0003D8                     
   445                           ; BSR set to: 2
   446                           ;main.c: 87:     I2C1PIEbits.RSCIE = 0;
   447   0003D8  939B               	bcf	155,1,b	;volatile
   448   0003DA                     
   449                           ; BSR set to: 2
   450                           ;main.c: 88:     I2C1PIEbits.SCIE = 1;
   451   0003DA  819B               	bsf	155,0,b	;volatile
   452   0003DC                     
   453                           ; BSR set to: 2
   454                           ;main.c: 91:     I2C1PIRbits.PCIF = 0;
   455   0003DC  959A               	bcf	154,2,b	;volatile
   456   0003DE                     
   457                           ; BSR set to: 2
   458                           ;main.c: 92:     I2C1PIRbits.SCIF = 0;
   459   0003DE  919A               	bcf	154,0,b	;volatile
   460   0003E0                     
   461                           ; BSR set to: 2
   462                           ;main.c: 93:     I2C1PIRbits.RSCIF = 0;
   463   0003E0  939A               	bcf	154,1,b	;volatile
   464                           
   465                           ;main.c: 95:     I2C1BTOC = 0x03;
   466   0003E2  0E03               	movlw	3
   467   0003E4  6F9F               	movwf	159,b	;volatile
   468   0003E6                     
   469                           ; BSR set to: 2
   470                           ;main.c: 96:     I2C1BTObits.TOREC = 1;
   471   0003E6  8F9C               	bsf	156,7,b	;volatile
   472   0003E8                     
   473                           ; BSR set to: 2
   474                           ;main.c: 97:     I2C1BTObits.TOBY32 = 0;
   475   0003E8  9D9C               	bcf	156,6,b	;volatile
   476                           
   477                           ;main.c: 98:     I2C1BTObits.TOTIME = 0x23;
   478   0003EA  519C               	movf	156,w,b	;volatile
   479   0003EC  0BC0               	andlw	-64
   480   0003EE  0923               	iorlw	35
   481   0003F0  6F9C               	movwf	156,b	;volatile
   482   0003F2                     
   483                           ; BSR set to: 2
   484                           ;main.c: 100:     I2C1ADR0 = 0xFF;
   485   0003F2  6990               	setf	144,b	;volatile
   486                           
   487                           ;main.c: 102:     I2C1CLK = 0b0011;
   488   0003F4  0E03               	movlw	3
   489   0003F6  6F9E               	movwf	158,b	;volatile
   490                           
   491                           ;main.c: 103:     I2C1BAUD = 0x04;
   492   0003F8  0E04               	movlw	4
   493   0003FA  6F9D               	movwf	157,b	;volatile
   494   0003FC                     
   495                           ; BSR set to: 2
   496                           ;main.c: 106:     INTCON0bits.GIE = 1;
   497   0003FC  8ED6               	bsf	214,7,c	;volatile
   498   0003FE                     
   499                           ; BSR set to: 2
   500                           ;main.c: 107:     INTCON0bits.IPEN = 1;
   501   0003FE  8AD6               	bsf	214,5,c	;volatile
   502   000400                     
   503                           ; BSR set to: 2
   504                           ;main.c: 110:     IPR7bits.I2C1IP = 1;
   505   000400  0103               	movlb	3	; () banked
   506   000402  856E               	bsf	110,2,b	;volatile
   507   000404                     
   508                           ; BSR set to: 3
   509                           ;main.c: 111:     PIR7bits.I2C1IF = 0;
   510   000404  94BA               	bcf	186,2,c	;volatile
   511   000406                     
   512                           ; BSR set to: 3
   513                           ;main.c: 112:     PIE7bits.I2C1IE = 1;
   514   000406  84AF               	bsf	175,2,c	;volatile
   515   000408                     
   516                           ; BSR set to: 3
   517                           ;main.c: 114:     I2C1PIRbits.PCIF = 0;
   518   000408  0102               	movlb	2	; () banked
   519   00040A  959A               	bcf	154,2,b	;volatile
   520   00040C                     
   521                           ; BSR set to: 2
   522                           ;main.c: 116:     I2C1CON0bits.EN = 1;
   523   00040C  8F94               	bsf	148,7,b	;volatile
   524   00040E                     
   525                           ; BSR set to: 2
   526                           ;main.c: 118:     _delay((unsigned long)((10)*(4000000/4000.0)));
   527   00040E  0E0D               	movlw	13
   528   000410  6E1A               	movwf	??_configI2C^(0+1280),c
   529   000412  0EFC               	movlw	252
   530   000414                     u257:
   531   000414  2EE8               	decfsz	wreg,f,c
   532   000416  D7FE               	bra	u257
   533   000418  2E1A               	decfsz	??_configI2C^(0+1280),f,c
   534   00041A  D7FC               	bra	u257
   535   00041C                     
   536                           ;main.c: 120:     I2C1PIEbits.PCIE = 0;
   537   00041C  0102               	movlb	2	; () banked
   538   00041E  959B               	bcf	155,2,b	;volatile
   539   000420                     
   540                           ; BSR set to: 2
   541                           ;main.c: 121:     I2C1PIEbits.RSCIE = 1;
   542   000420  839B               	bsf	155,1,b	;volatile
   543   000422                     
   544                           ; BSR set to: 2
   545                           ;main.c: 122:     I2C1PIEbits.SCIE = 1;
   546   000422  819B               	bsf	155,0,b	;volatile
   547   000424                     
   548                           ; BSR set to: 2
   549   000424  0012               	return		;funcret
   550   000426                     __end_of_configI2C:
   551                           	callstack 0
   552                           
   553 ;; *************** function _PWMsetup *****************
   554 ;; Defined at:
   555 ;;		line 166 in file "main.c"
   556 ;; Parameters:    Size  Location     Type
   557 ;;		None
   558 ;; Auto vars:     Size  Location     Type
   559 ;;		None
   560 ;; Return value:  Size  Location     Type
   561 ;;                  1    wreg      void 
   562 ;; Registers used:
   563 ;;		wreg, status,2
   564 ;; Tracked objects:
   565 ;;		On entry : 0/0
   566 ;;		On exit  : 0/0
   567 ;;		Unchanged: 0/0
   568 ;; Data sizes:     COMRAM   BANK5   BANK6   BANK7   BANK8   BANK9  BANK10  BANK11  BANK12
   569 ;;      Params:         0       0       0       0       0       0       0       0       0
   570 ;;      Locals:         0       0       0       0       0       0       0       0       0
   571 ;;      Temps:          0       0       0       0       0       0       0       0       0
   572 ;;      Totals:         0       0       0       0       0       0       0       0       0
   573 ;;Total ram usage:        0 bytes
   574 ;; Hardware stack levels used: 1
   575 ;; Hardware stack levels required when called: 3
   576 ;; This function calls:
   577 ;;		Nothing
   578 ;; This function is called by:
   579 ;;		_main
   580 ;; This function uses a non-reentrant model
   581 ;;
   582                           
   583                           	psect	text3
   584   0002D6                     __ptext3:
   585                           	callstack 0
   586   0002D6                     _PWMsetup:
   587                           	callstack 123
   588   0002D6                     
   589                           ;main.c: 168:     TRISCbits.TRISC3 = 0;
   590   0002D6  96C8               	bcf	200,3,c	;volatile
   591                           
   592                           ;main.c: 169:     TRISCbits.TRISC4 = 0;
   593   0002D8  98C8               	bcf	200,4,c	;volatile
   594                           
   595                           ;main.c: 170:     TRISCbits.TRISC6 = 0;
   596   0002DA  9CC8               	bcf	200,6,c	;volatile
   597                           
   598                           ;main.c: 171:     TRISCbits.TRISC7 = 0;
   599   0002DC  9EC8               	bcf	200,7,c	;volatile
   600                           
   601                           ;main.c: 172:     TRISBbits.TRISB7 = 0;
   602   0002DE  9EC7               	bcf	199,7,c	;volatile
   603   0002E0                     
   604                           ;main.c: 175:     RC4PPS = 0x0E;
   605   0002E0  0E0E               	movlw	14
   606   0002E2  0102               	movlb	2	; () banked
   607   0002E4  6F15               	movwf	21,b	;volatile
   608                           
   609                           ;main.c: 176:     RC3PPS = 0x0F;
   610   0002E6  0E0F               	movlw	15
   611   0002E8  6F14               	movwf	20,b	;volatile
   612                           
   613                           ;main.c: 179:     RC6PPS = 0x0A;
   614   0002EA  0E0A               	movlw	10
   615   0002EC  6F17               	movwf	23,b	;volatile
   616                           
   617                           ;main.c: 180:     RC7PPS = 0x0B;
   618   0002EE  0E0B               	movlw	11
   619   0002F0  6F18               	movwf	24,b	;volatile
   620                           
   621                           ;main.c: 181:     RB7PPS = 0x0C;
   622   0002F2  0E0C               	movlw	12
   623   0002F4  6F10               	movwf	16,b	;volatile
   624                           
   625                           ;main.c: 184:     PWM1ERS = 0b0000;
   626   0002F6  0E00               	movlw	0
   627   0002F8  6E60               	movwf	96,c	;volatile
   628                           
   629                           ;main.c: 185:     PWM1CLK = 0b0010;
   630   0002FA  0E02               	movlw	2
   631   0002FC  6E61               	movwf	97,c	;volatile
   632                           
   633                           ;main.c: 187:     PWM1PR = 0x00C7;
   634   0002FE  0E00               	movlw	0
   635   000300  6E64               	movwf	100,c	;volatile
   636   000302  0EC7               	movlw	199
   637   000304  6E63               	movwf	99,c	;volatile
   638                           
   639                           ;main.c: 188:     PWM1CPRE = 0x00;
   640   000306  0E00               	movlw	0
   641   000308  6E65               	movwf	101,c	;volatile
   642                           
   643                           ;main.c: 189:     PWM1GIE = 0x00;
   644   00030A  0E00               	movlw	0
   645   00030C  6E68               	movwf	104,c	;volatile
   646   00030E                     
   647                           ; BSR set to: 2
   648                           ;main.c: 190:     PWM1CONbits.LD = 1;
   649   00030E  8469               	bsf	105,2,c	;volatile
   650   000310                     
   651                           ; BSR set to: 2
   652                           ;main.c: 193:     PWM1S1CFGbits.POL1 = 0;
   653   000310  9C6A               	bcf	106,6,c	;volatile
   654   000312                     
   655                           ; BSR set to: 2
   656                           ;main.c: 194:     PWM1S1CFGbits.POL2 = 0;
   657   000312  9E6A               	bcf	106,7,c	;volatile
   658   000314                     
   659                           ; BSR set to: 2
   660                           ;main.c: 196:     PWM1S1CFGbits.PPEN = 0;
   661   000314  966A               	bcf	106,3,c	;volatile
   662                           
   663                           ;main.c: 197:     PWM1S1CFGbits.MODE = 0b001;
   664   000316  506A               	movf	106,w,c	;volatile
   665   000318  0BF8               	andlw	-8
   666   00031A  0901               	iorlw	1
   667   00031C  6E6A               	movwf	106,c	;volatile
   668                           
   669                           ;main.c: 199:     PWM1S1P1 = 0x0000;
   670   00031E  0E00               	movlw	0
   671   000320  6E6C               	movwf	108,c	;volatile
   672   000322  0E00               	movlw	0
   673   000324  6E6B               	movwf	107,c	;volatile
   674                           
   675                           ;main.c: 200:     PWM1S1P2 = 0x0000;
   676   000326  0E00               	movlw	0
   677   000328  6E6E               	movwf	110,c	;volatile
   678   00032A  0E00               	movlw	0
   679   00032C  6E6D               	movwf	109,c	;volatile
   680                           
   681                           ;main.c: 203:     PWM2ERS = 0b0000;
   682   00032E  0E00               	movlw	0
   683   000330  6E6F               	movwf	111,c	;volatile
   684                           
   685                           ;main.c: 204:     PWM2CLK = 0b0010;
   686   000332  0E02               	movlw	2
   687   000334  6E70               	movwf	112,c	;volatile
   688   000336                     
   689                           ; BSR set to: 2
   690                           ;main.c: 206:     PWM2PR = 0xFFFF;
   691   000336  6872               	setf	114,c	;volatile
   692   000338  6873               	setf	115,c	;volatile
   693                           
   694                           ;main.c: 208:     PWM2CPRE = 0x00;
   695   00033A  0E00               	movlw	0
   696   00033C  6E74               	movwf	116,c	;volatile
   697                           
   698                           ;main.c: 209:     PWM2GIE = 0x00;
   699   00033E  0E00               	movlw	0
   700   000340  6E77               	movwf	119,c	;volatile
   701   000342                     
   702                           ; BSR set to: 2
   703                           ;main.c: 210:     PWM2CONbits.LD = 1;
   704   000342  8478               	bsf	120,2,c	;volatile
   705   000344                     
   706                           ; BSR set to: 2
   707                           ;main.c: 213:     PWM2S1CFGbits.POL1 = 0;
   708   000344  9C79               	bcf	121,6,c	;volatile
   709   000346                     
   710                           ; BSR set to: 2
   711                           ;main.c: 215:     PWM1S1CFGbits.PPEN = 0;
   712   000346  966A               	bcf	106,3,c	;volatile
   713                           
   714                           ;main.c: 216:     PWM1S1CFGbits.MODE = 0b001;
   715   000348  506A               	movf	106,w,c	;volatile
   716   00034A  0BF8               	andlw	-8
   717   00034C  0901               	iorlw	1
   718   00034E  6E6A               	movwf	106,c	;volatile
   719                           
   720                           ;main.c: 218:     PWM2S1P1 = 0x0000;
   721   000350  0E00               	movlw	0
   722   000352  6E7B               	movwf	123,c	;volatile
   723   000354  0E00               	movlw	0
   724   000356  6E7A               	movwf	122,c	;volatile
   725                           
   726                           ;main.c: 221:     PWM3ERS = 0b0000;
   727   000358  0E00               	movlw	0
   728   00035A  6E7E               	movwf	126,c	;volatile
   729                           
   730                           ;main.c: 222:     PWM3CLK = 0b0010;
   731   00035C  0E02               	movlw	2
   732   00035E  6E7F               	movwf	127,c	;volatile
   733                           
   734                           ;main.c: 224:     PWM3PR = 0x00C7;
   735   000360  0E00               	movlw	0
   736   000362  6E82               	movwf	130,c	;volatile
   737   000364  0EC7               	movlw	199
   738   000366  6E81               	movwf	129,c	;volatile
   739                           
   740                           ;main.c: 225:     PWM3CPRE = 0x00;
   741   000368  0E00               	movlw	0
   742   00036A  6E83               	movwf	131,c	;volatile
   743                           
   744                           ;main.c: 226:     PWM3GIE = 0x00;
   745   00036C  0E00               	movlw	0
   746   00036E  6E86               	movwf	134,c	;volatile
   747   000370                     
   748                           ; BSR set to: 2
   749                           ;main.c: 227:     PWM3CONbits.LD = 1;
   750   000370  8487               	bsf	135,2,c	;volatile
   751   000372                     
   752                           ; BSR set to: 2
   753                           ;main.c: 230:     PWM3S1CFGbits.POL1 = 0;
   754   000372  9C88               	bcf	136,6,c	;volatile
   755   000374                     
   756                           ; BSR set to: 2
   757                           ;main.c: 231:     PWM3S1CFGbits.POL2 = 0;
   758   000374  9E88               	bcf	136,7,c	;volatile
   759   000376                     
   760                           ; BSR set to: 2
   761                           ;main.c: 233:     PWM3S1CFGbits.PPEN = 0;
   762   000376  9688               	bcf	136,3,c	;volatile
   763                           
   764                           ;main.c: 234:     PWM3S1CFGbits.MODE = 0b001;
   765   000378  5088               	movf	136,w,c	;volatile
   766   00037A  0BF8               	andlw	-8
   767   00037C  0901               	iorlw	1
   768   00037E  6E88               	movwf	136,c	;volatile
   769                           
   770                           ;main.c: 236:     PWM3S1P1 = 0x0000;
   771   000380  0E00               	movlw	0
   772   000382  6E8A               	movwf	138,c	;volatile
   773   000384  0E00               	movlw	0
   774   000386  6E89               	movwf	137,c	;volatile
   775                           
   776                           ;main.c: 237:     PWM3S1P2 = 0x0000;
   777   000388  0E00               	movlw	0
   778   00038A  6E8C               	movwf	140,c	;volatile
   779   00038C  0E00               	movlw	0
   780   00038E  6E8B               	movwf	139,c	;volatile
   781   000390                     
   782                           ; BSR set to: 2
   783                           ;main.c: 240:     PWM1CONbits.EN = 1;
   784   000390  8E69               	bsf	105,7,c	;volatile
   785   000392                     
   786                           ; BSR set to: 2
   787                           ;main.c: 241:     PWM2CONbits.EN = 1;
   788   000392  8E78               	bsf	120,7,c	;volatile
   789   000394                     
   790                           ; BSR set to: 2
   791                           ;main.c: 242:     PWM3CONbits.EN = 1;
   792   000394  8E87               	bsf	135,7,c	;volatile
   793   000396                     
   794                           ; BSR set to: 2
   795   000396  0012               	return		;funcret
   796   000398                     __end_of_PWMsetup:
   797                           	callstack 0
   798                           
   799 ;; *************** function _ISR *****************
   800 ;; Defined at:
   801 ;;		line 155 in file "main.c"
   802 ;; Parameters:    Size  Location     Type
   803 ;;		None
   804 ;; Auto vars:     Size  Location     Type
   805 ;;		None
   806 ;; Return value:  Size  Location     Type
   807 ;;                  1    wreg      void 
   808 ;; Registers used:
   809 ;;		wreg, fsr2l, fsr2h, status,2, status,0, cstack
   810 ;; Tracked objects:
   811 ;;		On entry : 0/0
   812 ;;		On exit  : 0/0
   813 ;;		Unchanged: 0/0
   814 ;; Data sizes:     COMRAM   BANK5   BANK6   BANK7   BANK8   BANK9  BANK10  BANK11  BANK12
   815 ;;      Params:         0       0       0       0       0       0       0       0       0
   816 ;;      Locals:         0       0       0       0       0       0       0       0       0
   817 ;;      Temps:          0       0       0       0       0       0       0       0       0
   818 ;;      Totals:         0       0       0       0       0       0       0       0       0
   819 ;;Total ram usage:        0 bytes
   820 ;; Hardware stack levels used: 1
   821 ;; Hardware stack levels required when called: 2
   822 ;; This function calls:
   823 ;;		_i2cStart
   824 ;; This function is called by:
   825 ;;		Interrupt level 2
   826 ;; This function uses a non-reentrant model
   827 ;;
   828                           
   829                           	psect	text4
   830   000444                     __ptext4:
   831                           	callstack 0
   832   000444                     _ISR:
   833                           	callstack 123
   834   000444                     
   835                           ;main.c: 161:     if(I2C1PIRbits.SCIF == 1){
   836   000444  0102               	movlb	2	; () banked
   837   000446  A19A               	btfss	154,0,b	;volatile
   838   000448  EF28  F002         	goto	i2u24_41
   839   00044C  EF2A  F002         	goto	i2u24_40
   840   000450                     i2u24_41:
   841   000450  EF2D  F002         	goto	i2l152
   842   000454                     i2u24_40:
   843   000454                     
   844                           ; BSR set to: 2
   845                           ;main.c: 162:         I2C1PIRbits.SCIF = 0;
   846   000454  919A               	bcf	154,0,b	;volatile
   847   000456                     
   848                           ; BSR set to: 2
   849                           ;main.c: 163:         i2cStart();
   850   000456  EC5F  F000         	call	_i2cStart	;wreg free
   851   00045A                     i2l152:
   852   00045A  0011               	retfie		f
   853   00045C                     __end_of_ISR:
   854                           	callstack 0
   855                           
   856 ;; *************** function _i2cStart *****************
   857 ;; Defined at:
   858 ;;		line 125 in file "main.c"
   859 ;; Parameters:    Size  Location     Type
   860 ;;		None
   861 ;; Auto vars:     Size  Location     Type
   862 ;;  index           2   21[COMRAM] int 
   863 ;;  duty_cycle      2   19[COMRAM] unsigned short 
   864 ;;  address         2   17[COMRAM] unsigned short 
   865 ;;  timeout         2   23[COMRAM] int 
   866 ;; Return value:  Size  Location     Type
   867 ;;                  1    wreg      void 
   868 ;; Registers used:
   869 ;;		wreg, fsr2l, fsr2h, status,2, status,0, cstack
   870 ;; Tracked objects:
   871 ;;		On entry : 0/0
   872 ;;		On exit  : 0/0
   873 ;;		Unchanged: 0/0
   874 ;; Data sizes:     COMRAM   BANK5   BANK6   BANK7   BANK8   BANK9  BANK10  BANK11  BANK12
   875 ;;      Params:         0       0       0       0       0       0       0       0       0
   876 ;;      Locals:         8       0       0       0       0       0       0       0       0
   877 ;;      Temps:          2       0       0       0       0       0       0       0       0
   878 ;;      Totals:        10       0       0       0       0       0       0       0       0
   879 ;;Total ram usage:       10 bytes
   880 ;; Hardware stack levels used: 1
   881 ;; Hardware stack levels required when called: 1
   882 ;; This function calls:
   883 ;;		_setPWM
   884 ;; This function is called by:
   885 ;;		_ISR
   886 ;; This function uses a non-reentrant model
   887 ;;
   888                           
   889                           	psect	text5
   890   0000BE                     __ptext5:
   891                           	callstack 0
   892   0000BE                     _i2cStart:
   893                           	callstack 123
   894   0000BE                     
   895                           ;main.c: 127:     int timeout = 0;
   896   0000BE  0E00               	movlw	0
   897   0000C0  6E19               	movwf	(i2cStart@timeout+1)^(0+1280),c
   898   0000C2  0E00               	movlw	0
   899   0000C4  6E18               	movwf	i2cStart@timeout^(0+1280),c
   900                           
   901                           ;main.c: 131:     while(I2C1STAT0bits.SMA == 0 && timeout < 10){timeout++;};
   902   0000C6  EF67  F000         	goto	i2l1026
   903   0000CA                     i2l1024:
   904                           
   905                           ; BSR set to: 2
   906   0000CA  4A18               	infsnz	i2cStart@timeout^(0+1280),f,c
   907   0000CC  2A19               	incf	(i2cStart@timeout+1)^(0+1280),f,c
   908   0000CE                     i2l1026:
   909   0000CE  0102               	movlb	2	; () banked
   910   0000D0  BD98               	btfsc	152,6,b	;volatile
   911   0000D2  EF6D  F000         	goto	i2u17_41
   912   0000D6  EF6F  F000         	goto	i2u17_40
   913   0000DA                     i2u17_41:
   914   0000DA  EF7D  F000         	goto	i2l1030
   915   0000DE                     i2u17_40:
   916   0000DE                     
   917                           ; BSR set to: 2
   918   0000DE  BE19               	btfsc	(i2cStart@timeout+1)^(0+1280),7,c
   919   0000E0  EF7B  F000         	goto	i2u18_41
   920   0000E4  5019               	movf	(i2cStart@timeout+1)^(0+1280),w,c
   921   0000E6  E109               	bnz	i2u18_40
   922   0000E8  0E0A               	movlw	10
   923   0000EA  5C18               	subwf	i2cStart@timeout^(0+1280),w,c
   924   0000EC  A0D8               	btfss	status,0,c
   925   0000EE  EF7B  F000         	goto	i2u18_41
   926   0000F2  EF7D  F000         	goto	i2u18_40
   927   0000F6                     i2u18_41:
   928   0000F6  EF65  F000         	goto	i2l1024
   929   0000FA                     i2u18_40:
   930   0000FA                     i2l1030:
   931                           
   932                           ; BSR set to: 2
   933                           ;main.c: 132:     timeout = 0;
   934   0000FA  0E00               	movlw	0
   935   0000FC  6E19               	movwf	(i2cStart@timeout+1)^(0+1280),c
   936   0000FE  0E00               	movlw	0
   937   000100  6E18               	movwf	i2cStart@timeout^(0+1280),c
   938   000102                     
   939                           ; BSR set to: 2
   940                           ;main.c: 133:     if(I2C1STAT0bits.SMA == 1 && I2C1STAT0bits.R == 0){
   941   000102  AD98               	btfss	152,6,b	;volatile
   942   000104  EF86  F000         	goto	i2u19_41
   943   000108  EF88  F000         	goto	i2u19_40
   944   00010C                     i2u19_41:
   945   00010C  EFE2  F000         	goto	i2l1056
   946   000110                     i2u19_40:
   947   000110                     
   948                           ; BSR set to: 2
   949   000110  B998               	btfsc	152,4,b	;volatile
   950   000112  EF8D  F000         	goto	i2u20_41
   951   000116  EF8F  F000         	goto	i2u20_40
   952   00011A                     i2u20_41:
   953   00011A  EFE2  F000         	goto	i2l1056
   954   00011E                     i2u20_40:
   955   00011E                     
   956                           ; BSR set to: 2
   957                           ;main.c: 134:         int index = 0;
   958   00011E  0E00               	movlw	0
   959   000120  6E17               	movwf	(i2cStart@index+1)^(0+1280),c
   960   000122  0E00               	movlw	0
   961   000124  6E16               	movwf	i2cStart@index^(0+1280),c
   962                           
   963                           ;main.c: 135:         while(I2C1CNTL > 0){
   964   000126  EFBA  F000         	goto	i2l1050
   965   00012A                     i2l139:
   966                           
   967                           ; BSR set to: 2
   968                           ;main.c: 136:             I2C1CON0bits.CSTR = 0;
   969   00012A  9994               	bcf	148,4,b	;volatile
   970                           
   971                           ;main.c: 138:             while(I2C1STAT1bits.RXBF == 0 && timeout < 100){timeout++;};
   972   00012C  EF9A  F000         	goto	i2l1040
   973   000130                     i2l1038:
   974                           
   975                           ; BSR set to: 2
   976   000130  4A18               	infsnz	i2cStart@timeout^(0+1280),f,c
   977   000132  2A19               	incf	(i2cStart@timeout+1)^(0+1280),f,c
   978   000134                     i2l1040:
   979                           
   980                           ; BSR set to: 2
   981   000134  B199               	btfsc	153,0,b	;volatile
   982   000136  EF9F  F000         	goto	i2u21_41
   983   00013A  EFA1  F000         	goto	i2u21_40
   984   00013E                     i2u21_41:
   985   00013E  EFAF  F000         	goto	i2l1044
   986   000142                     i2u21_40:
   987   000142                     
   988                           ; BSR set to: 2
   989   000142  BE19               	btfsc	(i2cStart@timeout+1)^(0+1280),7,c
   990   000144  EFAD  F000         	goto	i2u22_41
   991   000148  5019               	movf	(i2cStart@timeout+1)^(0+1280),w,c
   992   00014A  E109               	bnz	i2u22_40
   993   00014C  0E64               	movlw	100
   994   00014E  5C18               	subwf	i2cStart@timeout^(0+1280),w,c
   995   000150  A0D8               	btfss	status,0,c
   996   000152  EFAD  F000         	goto	i2u22_41
   997   000156  EFAF  F000         	goto	i2u22_40
   998   00015A                     i2u22_41:
   999   00015A  EF98  F000         	goto	i2l1038
  1000   00015E                     i2u22_40:
  1001   00015E                     i2l1044:
  1002                           
  1003                           ; BSR set to: 2
  1004                           ;main.c: 139:             i2cBuffer[index] = I2C1RXB;
  1005   00015E  0E1B               	movlw	low _i2cBuffer
  1006   000160  2416               	addwf	i2cStart@index^(0+1280),w,c
  1007   000162  6ED9               	movwf	fsr2l,c
  1008   000164  0E05               	movlw	high _i2cBuffer
  1009   000166  2017               	addwfc	(i2cStart@index+1)^(0+1280),w,c
  1010   000168  6EDA               	movwf	fsr2h,c
  1011   00016A  C28A F4DF          	movff	650,indf2	;volatile
  1012   00016E                     
  1013                           ; BSR set to: 2
  1014                           ;main.c: 140:             I2C1CON1bits.ACKDT = 0;
  1015   00016E  9D95               	bcf	149,6,b	;volatile
  1016   000170                     
  1017                           ; BSR set to: 2
  1018                           ;main.c: 141:             index++;
  1019   000170  4A16               	infsnz	i2cStart@index^(0+1280),f,c
  1020   000172  2A17               	incf	(i2cStart@index+1)^(0+1280),f,c
  1021   000174                     i2l1050:
  1022                           
  1023                           ; BSR set to: 2
  1024                           ;main.c: 135:         while(I2C1CNTL > 0){
  1025   000174  518C               	movf	140,w,b	;volatile
  1026   000176  A4D8               	btfss	status,2,c
  1027   000178  EFC0  F000         	goto	i2u23_41
  1028   00017C  EFC2  F000         	goto	i2u23_40
  1029   000180                     i2u23_41:
  1030   000180  EF95  F000         	goto	i2l139
  1031   000184                     i2u23_40:
  1032   000184                     
  1033                           ; BSR set to: 2
  1034                           ;main.c: 144:         uint16_t address = i2cBuffer[0] << 8 | i2cBuffer[1];
  1035   000184  501C               	movf	(_i2cBuffer+1)^(0+1280),w,c
  1036   000186  C51B  F510         	movff	_i2cBuffer,??_i2cStart
  1037   00018A  6A11               	clrf	(??_i2cStart+1)^(0+1280),c
  1038   00018C  C510  F511         	movff	??_i2cStart,??_i2cStart+1
  1039   000190  6A10               	clrf	??_i2cStart^(0+1280),c
  1040   000192  1010               	iorwf	??_i2cStart^(0+1280),w,c
  1041   000194  6E12               	movwf	i2cStart@address^(0+1280),c
  1042   000196  5011               	movf	(??_i2cStart+1)^(0+1280),w,c
  1043   000198  6E13               	movwf	(i2cStart@address+1)^(0+1280),c
  1044                           
  1045                           ;main.c: 145:         uint16_t duty_cycle = i2cBuffer[2] << 8 | i2cBuffer[3];
  1046   00019A  501E               	movf	(_i2cBuffer+3)^(0+1280),w,c
  1047   00019C  C51D  F510         	movff	_i2cBuffer+2,??_i2cStart
  1048   0001A0  6A11               	clrf	(??_i2cStart+1)^(0+1280),c
  1049   0001A2  C510  F511         	movff	??_i2cStart,??_i2cStart+1
  1050   0001A6  6A10               	clrf	??_i2cStart^(0+1280),c
  1051   0001A8  1010               	iorwf	??_i2cStart^(0+1280),w,c
  1052   0001AA  6E14               	movwf	i2cStart@duty_cycle^(0+1280),c
  1053   0001AC  5011               	movf	(??_i2cStart+1)^(0+1280),w,c
  1054   0001AE  6E15               	movwf	(i2cStart@duty_cycle+1)^(0+1280),c
  1055   0001B0                     
  1056                           ; BSR set to: 2
  1057                           ;main.c: 146:         setPWM(address, duty_cycle);
  1058   0001B0  C512  F501         	movff	i2cStart@address,setPWM@address
  1059   0001B4  C513  F502         	movff	i2cStart@address+1,setPWM@address+1
  1060   0001B8  C514  F503         	movff	i2cStart@duty_cycle,setPWM@duty_cycle
  1061   0001BC  C515  F504         	movff	i2cStart@duty_cycle+1,setPWM@duty_cycle+1
  1062   0001C0  ECE8  F000         	call	_setPWM	;wreg free
  1063   0001C4                     i2l1056:
  1064                           
  1065                           ;main.c: 150:     I2C1CON0bits.EN = 0;
  1066   0001C4  0102               	movlb	2	; () banked
  1067   0001C6  9F94               	bcf	148,7,b	;volatile
  1068   0001C8                     
  1069                           ; BSR set to: 2
  1070                           ;main.c: 151:     I2C1PIR = 0x00;
  1071   0001C8  0E00               	movlw	0
  1072   0001CA  6F9A               	movwf	154,b	;volatile
  1073   0001CC                     
  1074                           ; BSR set to: 2
  1075                           ;main.c: 152:     I2C1CON0bits.EN = 1;
  1076   0001CC  8F94               	bsf	148,7,b	;volatile
  1077   0001CE                     
  1078                           ; BSR set to: 2
  1079   0001CE  0012               	return		;funcret
  1080   0001D0                     __end_of_i2cStart:
  1081                           	callstack 0
  1082                           
  1083 ;; *************** function _setPWM *****************
  1084 ;; Defined at:
  1085 ;;		line 13 in file "main.c"
  1086 ;; Parameters:    Size  Location     Type
  1087 ;;  address         2    0[COMRAM] unsigned short 
  1088 ;;  duty_cycle      2    2[COMRAM] unsigned short 
  1089 ;; Auto vars:     Size  Location     Type
  1090 ;;  temp            2   13[COMRAM] int 
  1091 ;;  pConReg         2   11[COMRAM] const PTR volatile int 
  1092 ;;		 -> RAM(3327), 
  1093 ;;  conReg          2    9[COMRAM] int 
  1094 ;;  pDutyReg        2    7[COMRAM] const PTR volatile int 
  1095 ;;		 -> RAM(3327), 
  1096 ;; Return value:  Size  Location     Type
  1097 ;;                  1    wreg      void 
  1098 ;; Registers used:
  1099 ;;		wreg, fsr2l, fsr2h, status,2, status,0
  1100 ;; Tracked objects:
  1101 ;;		On entry : 0/0
  1102 ;;		On exit  : 0/0
  1103 ;;		Unchanged: 0/0
  1104 ;; Data sizes:     COMRAM   BANK5   BANK6   BANK7   BANK8   BANK9  BANK10  BANK11  BANK12
  1105 ;;      Params:         4       0       0       0       0       0       0       0       0
  1106 ;;      Locals:         8       0       0       0       0       0       0       0       0
  1107 ;;      Temps:          3       0       0       0       0       0       0       0       0
  1108 ;;      Totals:        15       0       0       0       0       0       0       0       0
  1109 ;;Total ram usage:       15 bytes
  1110 ;; Hardware stack levels used: 1
  1111 ;; This function calls:
  1112 ;;		Nothing
  1113 ;; This function is called by:
  1114 ;;		_i2cStart
  1115 ;; This function uses a non-reentrant model
  1116 ;;
  1117                           
  1118                           	psect	text6
  1119   0001D0                     __ptext6:
  1120                           	callstack 0
  1121   0001D0                     _setPWM:
  1122                           	callstack 123
  1123   0001D0                     
  1124                           ;main.c: 19:     int temp = address >> 4;
  1125   0001D0  C501  F505         	movff	setPWM@address,??_setPWM
  1126   0001D4  C502  F506         	movff	setPWM@address+1,??_setPWM+1
  1127   0001D8  0E04               	movlw	4
  1128   0001DA  6E07               	movwf	(??_setPWM+2)^(0+1280),c
  1129   0001DC                     i2u13_45:
  1130   0001DC  90D8               	bcf	status,0,c
  1131   0001DE  3206               	rrcf	(??_setPWM+1)^(0+1280),f,c
  1132   0001E0  3205               	rrcf	??_setPWM^(0+1280),f,c
  1133   0001E2  2E07               	decfsz	(??_setPWM+2)^(0+1280),f,c
  1134   0001E4  EFEE  F000         	goto	i2u13_45
  1135   0001E8  C505  F50E         	movff	??_setPWM,setPWM@temp
  1136   0001EC  C506  F50F         	movff	??_setPWM+1,setPWM@temp+1
  1137                           
  1138                           ;main.c: 20:     int conReg;;main.c: 25:     if(temp == 0x046){
  1139   0001F0  0E46               	movlw	70
  1140   0001F2  180E               	xorwf	setPWM@temp^(0+1280),w,c
  1141   0001F4  100F               	iorwf	(setPWM@temp+1)^(0+1280),w,c
  1142   0001F6  A4D8               	btfss	status,2,c
  1143   0001F8  EF00  F001         	goto	i2u14_41
  1144   0001FC  EF02  F001         	goto	i2u14_40
  1145   000200                     i2u14_41:
  1146   000200  EF14  F001         	goto	i2l123
  1147   000204                     i2u14_40:
  1148   000204                     
  1149                           ;main.c: 26:         conReg = temp << 4 | 0x0009;
  1150   000204  C50E  F505         	movff	setPWM@temp,??_setPWM
  1151   000208  C50F  F506         	movff	setPWM@temp+1,??_setPWM+1
  1152   00020C  3A05               	swapf	??_setPWM^(0+1280),f,c
  1153   00020E  3A06               	swapf	(??_setPWM+1)^(0+1280),f,c
  1154   000210  0EF0               	movlw	240
  1155   000212  1606               	andwf	(??_setPWM+1)^(0+1280),f,c
  1156   000214  5005               	movf	??_setPWM^(0+1280),w,c
  1157   000216  0B0F               	andlw	15
  1158   000218  1206               	iorwf	(??_setPWM+1)^(0+1280),f,c
  1159   00021A  0EF0               	movlw	240
  1160   00021C  1605               	andwf	??_setPWM^(0+1280),f,c
  1161   00021E  0E09               	movlw	9
  1162   000220  1005               	iorwf	??_setPWM^(0+1280),w,c
  1163   000222  6E0A               	movwf	setPWM@conReg^(0+1280),c
  1164   000224  5006               	movf	(??_setPWM+1)^(0+1280),w,c
  1165   000226  6E0B               	movwf	(setPWM@conReg+1)^(0+1280),c
  1166   000228                     i2l123:
  1167                           
  1168                           ;main.c: 28:     if(temp == 0x047){
  1169   000228  0E47               	movlw	71
  1170   00022A  180E               	xorwf	setPWM@temp^(0+1280),w,c
  1171   00022C  100F               	iorwf	(setPWM@temp+1)^(0+1280),w,c
  1172   00022E  A4D8               	btfss	status,2,c
  1173   000230  EF1C  F001         	goto	i2u15_41
  1174   000234  EF1E  F001         	goto	i2u15_40
  1175   000238                     i2u15_41:
  1176   000238  EF30  F001         	goto	i2l124
  1177   00023C                     i2u15_40:
  1178   00023C                     
  1179                           ;main.c: 29:         conReg = temp << 4 | 0x0008;
  1180   00023C  C50E  F505         	movff	setPWM@temp,??_setPWM
  1181   000240  C50F  F506         	movff	setPWM@temp+1,??_setPWM+1
  1182   000244  3A05               	swapf	??_setPWM^(0+1280),f,c
  1183   000246  3A06               	swapf	(??_setPWM+1)^(0+1280),f,c
  1184   000248  0EF0               	movlw	240
  1185   00024A  1606               	andwf	(??_setPWM+1)^(0+1280),f,c
  1186   00024C  5005               	movf	??_setPWM^(0+1280),w,c
  1187   00024E  0B0F               	andlw	15
  1188   000250  1206               	iorwf	(??_setPWM+1)^(0+1280),f,c
  1189   000252  0EF0               	movlw	240
  1190   000254  1605               	andwf	??_setPWM^(0+1280),f,c
  1191   000256  0E08               	movlw	8
  1192   000258  1005               	iorwf	??_setPWM^(0+1280),w,c
  1193   00025A  6E0A               	movwf	setPWM@conReg^(0+1280),c
  1194   00025C  5006               	movf	(??_setPWM+1)^(0+1280),w,c
  1195   00025E  6E0B               	movwf	(setPWM@conReg+1)^(0+1280),c
  1196   000260                     i2l124:
  1197                           
  1198                           ;main.c: 31:     if(temp == 0x048){
  1199   000260  0E48               	movlw	72
  1200   000262  180E               	xorwf	setPWM@temp^(0+1280),w,c
  1201   000264  100F               	iorwf	(setPWM@temp+1)^(0+1280),w,c
  1202   000266  A4D8               	btfss	status,2,c
  1203   000268  EF38  F001         	goto	i2u16_41
  1204   00026C  EF3A  F001         	goto	i2u16_40
  1205   000270                     i2u16_41:
  1206   000270  EF4C  F001         	goto	i2l125
  1207   000274                     i2u16_40:
  1208   000274                     
  1209                           ;main.c: 32:         conReg = temp << 4 | 0x0007;
  1210   000274  C50E  F505         	movff	setPWM@temp,??_setPWM
  1211   000278  C50F  F506         	movff	setPWM@temp+1,??_setPWM+1
  1212   00027C  3A05               	swapf	??_setPWM^(0+1280),f,c
  1213   00027E  3A06               	swapf	(??_setPWM+1)^(0+1280),f,c
  1214   000280  0EF0               	movlw	240
  1215   000282  1606               	andwf	(??_setPWM+1)^(0+1280),f,c
  1216   000284  5005               	movf	??_setPWM^(0+1280),w,c
  1217   000286  0B0F               	andlw	15
  1218   000288  1206               	iorwf	(??_setPWM+1)^(0+1280),f,c
  1219   00028A  0EF0               	movlw	240
  1220   00028C  1605               	andwf	??_setPWM^(0+1280),f,c
  1221   00028E  0E07               	movlw	7
  1222   000290  1005               	iorwf	??_setPWM^(0+1280),w,c
  1223   000292  6E0A               	movwf	setPWM@conReg^(0+1280),c
  1224   000294  5006               	movf	(??_setPWM+1)^(0+1280),w,c
  1225   000296  6E0B               	movwf	(setPWM@conReg+1)^(0+1280),c
  1226   000298                     i2l125:
  1227                           
  1228                           ;main.c: 36:     int volatile * const pConReg = (int *) conReg;
  1229   000298  C50A  F50C         	movff	setPWM@conReg,setPWM@pConReg
  1230   00029C  C50B  F50D         	movff	setPWM@conReg+1,setPWM@pConReg+1
  1231   0002A0                     
  1232                           ;main.c: 37:     *pConReg &= ~(0b10000000);
  1233   0002A0  C50C  F4D9         	movff	setPWM@pConReg,fsr2l
  1234   0002A4  C50D  F4DA         	movff	setPWM@pConReg+1,fsr2h
  1235   0002A8  0E7F               	movlw	127
  1236   0002AA  16DE               	andwf	postinc2,f,c
  1237   0002AC  0EFF               	movlw	255
  1238   0002AE  16DD               	andwf	postdec2,f,c
  1239   0002B0                     
  1240                           ;main.c: 40:     int volatile * const pDutyReg = (int *) address;
  1241   0002B0  C501  F508         	movff	setPWM@address,setPWM@pDutyReg
  1242   0002B4  C502  F509         	movff	setPWM@address+1,setPWM@pDutyReg+1
  1243   0002B8                     
  1244                           ;main.c: 41:     *pDutyReg = duty_cycle;
  1245   0002B8  C508  F4D9         	movff	setPWM@pDutyReg,fsr2l
  1246   0002BC  C509  F4DA         	movff	setPWM@pDutyReg+1,fsr2h
  1247   0002C0  C503  F4DE         	movff	setPWM@duty_cycle,postinc2
  1248   0002C4  C504  F4DD         	movff	setPWM@duty_cycle+1,postdec2
  1249   0002C8                     
  1250                           ;main.c: 42:     *pConReg |= 0b10000000;
  1251   0002C8  C50C  F4D9         	movff	setPWM@pConReg,fsr2l
  1252   0002CC  C50D  F4DA         	movff	setPWM@pConReg+1,fsr2h
  1253   0002D0  0E00               	movlw	0
  1254   0002D2  8EDB               	bsf	plusw2,7,c
  1255   0002D4  0012               	return		;funcret
  1256   0002D6                     __end_of_setPWM:
  1257                           	callstack 0
  1258                           
  1259                           ;
  1260                           ; Interrupt Vector Table @ 0x8
  1261                           ;
  1262                           
  1263                           	psect	ivt0x8
  1264   000008                     __pivt0x8:
  1265                           	callstack 0
  1266   000008                     ivt0x8_base:
  1267                           	callstack 0
  1268                           
  1269                           ; Vector 0 : SWINT
  1270   000008  002E               	dw	ivt0x8_undefint shr (0+2)
  1271                           
  1272                           ; Vector 1 : HLVD
  1273   00000A  002E               	dw	ivt0x8_undefint shr (0+2)
  1274                           
  1275                           ; Vector 2 : OSF
  1276   00000C  002E               	dw	ivt0x8_undefint shr (0+2)
  1277                           
  1278                           ; Vector 3 : CSW
  1279   00000E  002E               	dw	ivt0x8_undefint shr (0+2)
  1280                           
  1281                           ; Vector 4 : NVMIP
  1282   000010  002E               	dw	ivt0x8_undefint shr (0+2)
  1283                           
  1284                           ; Vector 5 : CLC1
  1285   000012  002E               	dw	ivt0x8_undefint shr (0+2)
  1286                           
  1287                           ; Vector 6 : CRC
  1288   000014  002E               	dw	ivt0x8_undefint shr (0+2)
  1289                           
  1290                           ; Vector 7 : IOC
  1291   000016  002E               	dw	ivt0x8_undefint shr (0+2)
  1292                           
  1293                           ; Vector 8 : INT0
  1294   000018  002E               	dw	ivt0x8_undefint shr (0+2)
  1295                           
  1296                           ; Vector 9 : ZCD
  1297   00001A  002E               	dw	ivt0x8_undefint shr (0+2)
  1298                           
  1299                           ; Vector 10 : AD
  1300   00001C  002E               	dw	ivt0x8_undefint shr (0+2)
  1301                           
  1302                           ; Vector 11 : ACT
  1303   00001E  002E               	dw	ivt0x8_undefint shr (0+2)
  1304                           
  1305                           ; Vector 12 : CMP1
  1306   000020  002E               	dw	ivt0x8_undefint shr (0+2)
  1307                           
  1308                           ; Vector 13 : SMT1
  1309   000022  002E               	dw	ivt0x8_undefint shr (0+2)
  1310                           
  1311                           ; Vector 14 : SMT1PRA
  1312   000024  002E               	dw	ivt0x8_undefint shr (0+2)
  1313                           
  1314                           ; Vector 15 : SMT1PWA
  1315   000026  002E               	dw	ivt0x8_undefint shr (0+2)
  1316                           
  1317                           ; Vector 16 : ADT
  1318   000028  002E               	dw	ivt0x8_undefint shr (0+2)
  1319                           
  1320                           ; Vector 17 : Undefined
  1321   00002A  002E               	dw	ivt0x8_undefint shr (0+2)
  1322                           
  1323                           ; Vector 18 : Undefined
  1324   00002C  002E               	dw	ivt0x8_undefint shr (0+2)
  1325                           
  1326                           ; Vector 19 : Undefined
  1327   00002E  002E               	dw	ivt0x8_undefint shr (0+2)
  1328                           
  1329                           ; Vector 20 : DMA1SCNT
  1330   000030  002E               	dw	ivt0x8_undefint shr (0+2)
  1331                           
  1332                           ; Vector 21 : DMA1DCNT
  1333   000032  002E               	dw	ivt0x8_undefint shr (0+2)
  1334                           
  1335                           ; Vector 22 : DMA1OR
  1336   000034  002E               	dw	ivt0x8_undefint shr (0+2)
  1337                           
  1338                           ; Vector 23 : DMA1A
  1339   000036  002E               	dw	ivt0x8_undefint shr (0+2)
  1340                           
  1341                           ; Vector 24 : SPI1RX
  1342   000038  002E               	dw	ivt0x8_undefint shr (0+2)
  1343                           
  1344                           ; Vector 25 : SPI1TX
  1345   00003A  002E               	dw	ivt0x8_undefint shr (0+2)
  1346                           
  1347                           ; Vector 26 : SPI1
  1348   00003C  002E               	dw	ivt0x8_undefint shr (0+2)
  1349                           
  1350                           ; Vector 27 : TMR2
  1351   00003E  002E               	dw	ivt0x8_undefint shr (0+2)
  1352                           
  1353                           ; Vector 28 : TMR1
  1354   000040  002E               	dw	ivt0x8_undefint shr (0+2)
  1355                           
  1356                           ; Vector 29 : TMR1G
  1357   000042  002E               	dw	ivt0x8_undefint shr (0+2)
  1358                           
  1359                           ; Vector 30 : CCP1
  1360   000044  002E               	dw	ivt0x8_undefint shr (0+2)
  1361                           
  1362                           ; Vector 31 : TMR0
  1363   000046  002E               	dw	ivt0x8_undefint shr (0+2)
  1364                           
  1365                           ; Vector 32 : U1RX
  1366   000048  002E               	dw	ivt0x8_undefint shr (0+2)
  1367                           
  1368                           ; Vector 33 : U1TX
  1369   00004A  002E               	dw	ivt0x8_undefint shr (0+2)
  1370                           
  1371                           ; Vector 34 : U1E
  1372   00004C  002E               	dw	ivt0x8_undefint shr (0+2)
  1373                           
  1374                           ; Vector 35 : U1
  1375   00004E  002E               	dw	ivt0x8_undefint shr (0+2)
  1376                           
  1377                           ; Vector 36 : TMR3
  1378   000050  002E               	dw	ivt0x8_undefint shr (0+2)
  1379                           
  1380                           ; Vector 37 : TMR3G
  1381   000052  002E               	dw	ivt0x8_undefint shr (0+2)
  1382                           
  1383                           ; Vector 38 : PWM1PR
  1384   000054  002E               	dw	ivt0x8_undefint shr (0+2)
  1385                           
  1386                           ; Vector 39 : PWM1
  1387   000056  002E               	dw	ivt0x8_undefint shr (0+2)
  1388                           
  1389                           ; Vector 40 : SPI2RX
  1390   000058  002E               	dw	ivt0x8_undefint shr (0+2)
  1391                           
  1392                           ; Vector 41 : SPI2TX
  1393   00005A  002E               	dw	ivt0x8_undefint shr (0+2)
  1394                           
  1395                           ; Vector 42 : SPI2
  1396   00005C  002E               	dw	ivt0x8_undefint shr (0+2)
  1397                           
  1398                           ; Vector 43 : Undefined
  1399   00005E  002E               	dw	ivt0x8_undefint shr (0+2)
  1400                           
  1401                           ; Vector 44 : CMP2
  1402   000060  002E               	dw	ivt0x8_undefint shr (0+2)
  1403                           
  1404                           ; Vector 45 : CLC2
  1405   000062  002E               	dw	ivt0x8_undefint shr (0+2)
  1406                           
  1407                           ; Vector 46 : PWM2PR
  1408   000064  002E               	dw	ivt0x8_undefint shr (0+2)
  1409                           
  1410                           ; Vector 47 : PWM2
  1411   000066  002E               	dw	ivt0x8_undefint shr (0+2)
  1412                           
  1413                           ; Vector 48 : INT1
  1414   000068  002E               	dw	ivt0x8_undefint shr (0+2)
  1415                           
  1416                           ; Vector 49 : CWG1
  1417   00006A  002E               	dw	ivt0x8_undefint shr (0+2)
  1418                           
  1419                           ; Vector 50 : NCO1
  1420   00006C  002E               	dw	ivt0x8_undefint shr (0+2)
  1421                           
  1422                           ; Vector 51 : DMA2SCNT
  1423   00006E  002E               	dw	ivt0x8_undefint shr (0+2)
  1424                           
  1425                           ; Vector 52 : DMA2DCNT
  1426   000070  002E               	dw	ivt0x8_undefint shr (0+2)
  1427                           
  1428                           ; Vector 53 : DMA2OR
  1429   000072  002E               	dw	ivt0x8_undefint shr (0+2)
  1430                           
  1431                           ; Vector 54 : DMA2A
  1432   000074  002E               	dw	ivt0x8_undefint shr (0+2)
  1433                           
  1434                           ; Vector 55 : Undefined
  1435   000076  002E               	dw	ivt0x8_undefint shr (0+2)
  1436                           
  1437                           ; Vector 56 : I2C1RX
  1438   000078  002E               	dw	ivt0x8_undefint shr (0+2)
  1439                           
  1440                           ; Vector 57 : I2C1TX
  1441   00007A  002E               	dw	ivt0x8_undefint shr (0+2)
  1442                           
  1443                           ; Vector 58 : I2C1
  1444   00007C  0111               	dw	_ISR shr (0+2)
  1445                           
  1446                           ; Vector 59 : I2C1E
  1447   00007E  002E               	dw	ivt0x8_undefint shr (0+2)
  1448                           
  1449                           ; Vector 60 : Undefined
  1450   000080  002E               	dw	ivt0x8_undefint shr (0+2)
  1451                           
  1452                           ; Vector 61 : CLC3
  1453   000082  002E               	dw	ivt0x8_undefint shr (0+2)
  1454                           
  1455                           ; Vector 62 : PWM3PR
  1456   000084  002E               	dw	ivt0x8_undefint shr (0+2)
  1457                           
  1458                           ; Vector 63 : PWM3
  1459   000086  002E               	dw	ivt0x8_undefint shr (0+2)
  1460                           
  1461                           ; Vector 64 : U2RX
  1462   000088  002E               	dw	ivt0x8_undefint shr (0+2)
  1463                           
  1464                           ; Vector 65 : U2TX
  1465   00008A  002E               	dw	ivt0x8_undefint shr (0+2)
  1466                           
  1467                           ; Vector 66 : U2E
  1468   00008C  002E               	dw	ivt0x8_undefint shr (0+2)
  1469                           
  1470                           ; Vector 67 : U2
  1471   00008E  002E               	dw	ivt0x8_undefint shr (0+2)
  1472                           
  1473                           ; Vector 68 : Undefined
  1474   000090  002E               	dw	ivt0x8_undefint shr (0+2)
  1475                           
  1476                           ; Vector 69 : CLC4
  1477   000092  002E               	dw	ivt0x8_undefint shr (0+2)
  1478                           
  1479                           ; Vector 70 : Undefined
  1480   000094  002E               	dw	ivt0x8_undefint shr (0+2)
  1481                           
  1482                           ; Vector 71 : SCAN
  1483   000096  002E               	dw	ivt0x8_undefint shr (0+2)
  1484                           
  1485                           ; Vector 72 : U3RX
  1486   000098  002E               	dw	ivt0x8_undefint shr (0+2)
  1487                           
  1488                           ; Vector 73 : U3TX
  1489   00009A  002E               	dw	ivt0x8_undefint shr (0+2)
  1490                           
  1491                           ; Vector 74 : U3E
  1492   00009C  002E               	dw	ivt0x8_undefint shr (0+2)
  1493                           
  1494                           ; Vector 75 : U3
  1495   00009E  002E               	dw	ivt0x8_undefint shr (0+2)
  1496                           
  1497                           ; Vector 76 : DMA3SCNT
  1498   0000A0  002E               	dw	ivt0x8_undefint shr (0+2)
  1499                           
  1500                           ; Vector 77 : DMA3DCNT
  1501   0000A2  002E               	dw	ivt0x8_undefint shr (0+2)
  1502                           
  1503                           ; Vector 78 : DMA3OR
  1504   0000A4  002E               	dw	ivt0x8_undefint shr (0+2)
  1505                           
  1506                           ; Vector 79 : DMA3A
  1507   0000A6  002E               	dw	ivt0x8_undefint shr (0+2)
  1508                           
  1509                           ; Vector 80 : INT2
  1510   0000A8  002E               	dw	ivt0x8_undefint shr (0+2)
  1511                           
  1512                           ; Vector 81 : Undefined
  1513   0000AA  002E               	dw	ivt0x8_undefint shr (0+2)
  1514                           
  1515                           ; Vector 82 : Undefined
  1516   0000AC  002E               	dw	ivt0x8_undefint shr (0+2)
  1517                           
  1518                           ; Vector 83 : TMR4
  1519   0000AE  002E               	dw	ivt0x8_undefint shr (0+2)
  1520                           
  1521                           ; Vector 84 : DMA4SCNT
  1522   0000B0  002E               	dw	ivt0x8_undefint shr (0+2)
  1523                           
  1524                           ; Vector 85 : DMA4DCNT
  1525   0000B2  002E               	dw	ivt0x8_undefint shr (0+2)
  1526                           
  1527                           ; Vector 86 : DMA4OR
  1528   0000B4  002E               	dw	ivt0x8_undefint shr (0+2)
  1529                           
  1530                           ; Vector 87 : DMA4A
  1531   0000B6  002E               	dw	ivt0x8_undefint shr (0+2)
  1532   0000B8                     ivt0x8_undefint:
  1533                           	callstack 0
  1534   0000B8  00FF               	reset	
  1535   000000                     
  1536                           	psect	rparam
  1537   000000                     tosu	equ	0x4FF
  1538                           tosh	equ	0x4FE
  1539                           tosl	equ	0x4FD
  1540                           stkptr	equ	0x4FC
  1541                           pclatu	equ	0x4FB
  1542                           pclath	equ	0x4FA
  1543                           pcl	equ	0x4F9
  1544                           tblptru	equ	0x4F8
  1545                           tblptrh	equ	0x4F7
  1546                           tblptrl	equ	0x4F6
  1547                           tablat	equ	0x4F5
  1548                           prodh	equ	0x4F4
  1549                           prodl	equ	0x4F3
  1550                           indf0	equ	0x4EF
  1551                           postinc0	equ	0x4EE
  1552                           postdec0	equ	0x4ED
  1553                           preinc0	equ	0x4EC
  1554                           plusw0	equ	0x4EB
  1555                           fsr0h	equ	0x4EA
  1556                           fsr0l	equ	0x4E9
  1557                           wreg	equ	0x4E8
  1558                           indf1	equ	0x4E7
  1559                           postinc1	equ	0x4E6
  1560                           postdec1	equ	0x4E5
  1561                           preinc1	equ	0x4E4
  1562                           plusw1	equ	0x4E3
  1563                           fsr1h	equ	0x4E2
  1564                           fsr1l	equ	0x4E1
  1565                           bsr	equ	0x4E0
  1566                           indf2	equ	0x4DF
  1567                           postinc2	equ	0x4DE
  1568                           postdec2	equ	0x4DD
  1569                           preinc2	equ	0x4DC
  1570                           plusw2	equ	0x4DB
  1571                           fsr2h	equ	0x4DA
  1572                           fsr2l	equ	0x4D9
  1573                           status	equ	0x4D8

Data Sizes:
    Strings     0
    Constant    0
    Data        0
    BSS         4
    Persistent  0
    Stack       0

Auto Spaces:
    Space          Size  Autos    Used
    COMRAM           95     26      30
    BANK5           160      0       0
    BANK6           256      0       0
    BANK7           256      0       0
    BANK8           256      0       0
    BANK9           256      0       0
    BANK10          256      0       0
    BANK11          256      0       0
    BANK12          256      0       0

Pointer List with Targets:

    setPWM@pDutyReg	const PTR volatile int  size(2) Largest target is 3327
		 -> RAM(DATA[3327]), 

    setPWM@pConReg	const PTR volatile int  size(2) Largest target is 3327
		 -> RAM(DATA[3327]), 


Critical Paths under _main in COMRAM

    _main->_configI2C

Critical Paths under _ISR in COMRAM

    _ISR->_i2cStart
    _i2cStart->_setPWM

Critical Paths under _main in BANK5

    None.

Critical Paths under _ISR in BANK5

    None.

Critical Paths under _main in BANK6

    None.

Critical Paths under _ISR in BANK6

    None.

Critical Paths under _main in BANK7

    None.

Critical Paths under _ISR in BANK7

    None.

Critical Paths under _main in BANK8

    None.

Critical Paths under _ISR in BANK8

    None.

Critical Paths under _main in BANK9

    None.

Critical Paths under _ISR in BANK9

    None.

Critical Paths under _main in BANK10

    None.

Critical Paths under _ISR in BANK10

    None.

Critical Paths under _main in BANK11

    None.

Critical Paths under _ISR in BANK11

    None.

Critical Paths under _main in BANK12

    None.

Critical Paths under _ISR in BANK12

    None.

Call Graph Tables:

 ---------------------------------------------------------------------------------
 (Depth) Function   	        Calls       Base Space   Used Autos Params    Refs
 ---------------------------------------------------------------------------------
 (0) _main                                                 0     0      0       0
                           _PWMsetup
                          _configI2C
                               _loop
 ---------------------------------------------------------------------------------
 (1) _loop                                                 0     0      0       0
 ---------------------------------------------------------------------------------
 (1) _configI2C                                            1     1      0       0
                                             25 COMRAM     1     1      0
 ---------------------------------------------------------------------------------
 (1) _PWMsetup                                             0     0      0       0
 ---------------------------------------------------------------------------------
 Estimated maximum stack depth 1
 ---------------------------------------------------------------------------------
 (Depth) Function   	        Calls       Base Space   Used Autos Params    Refs
 ---------------------------------------------------------------------------------
 (2) _ISR                                                  0     0      0     562
                           _i2cStart
 ---------------------------------------------------------------------------------
 (3) _i2cStart                                            10    10      0     562
                                             15 COMRAM    10    10      0
                             _setPWM
 ---------------------------------------------------------------------------------
 (4) _setPWM                                              15    11      4     444
                                              0 COMRAM    15    11      4
 ---------------------------------------------------------------------------------
 Estimated maximum stack depth 4
 ---------------------------------------------------------------------------------

 Call Graph Graphs:

 _main (ROOT)
   _PWMsetup
   _configI2C
   _loop

 _ISR (ROOT)
   _i2cStart
     _setPWM

 Address spaces:
Name               Size   Autos  Total    Cost      Usage
BIGRAM             7FF      0       0      21        0.0%
BITBIGSFRll        210      0       0      46        0.0%
EEDATA             200      0       0       0        0.0%
BITBIGSFR_1        100      0       0      20        0.0%
BITBANK12          100      0       0      18        0.0%
BANK12             100      0       0      19        0.0%
BITBANK11          100      0       0      16        0.0%
BANK11             100      0       0      17        0.0%
BITBANK10          100      0       0      14        0.0%
BANK10             100      0       0      15        0.0%
BITBANK9           100      0       0      12        0.0%
BANK9              100      0       0      13        0.0%
BITBANK8           100      0       0      10        0.0%
BANK8              100      0       0      11        0.0%
BITBANK7           100      0       0       8        0.0%
BANK7              100      0       0       9        0.0%
BITBANK6           100      0       0       6        0.0%
BANK6              100      0       0       7        0.0%
BITBIGSFRhllhhl     CE      0       0      37        0.0%
BITBIGSFRhllhhh     A1      0       0      36        0.0%
BITBANK5            A0      0       0       4        0.0%
BANK5               A0      0       0       5        0.0%
BITCOMRAM           5F      0       0       0        0.0%
COMRAM              5F     1A      1E       1       31.6%
BITBIGSFRlhlhh      57      0       0      43        0.0%
BITBIGSFRhlhhll     4D      0       0      34        0.0%
BITBIGSFRhhh        29      0       0      22        0.0%
BITBIGSFRhlhhll     22      0       0      26        0.0%
BITBIGSFRlhhll      18      0       0      42        0.0%
BITBIGSFRhhl         D      0       0      23        0.0%
BITBIGSFRhlhhh       C      0       0      24        0.0%
BITBIGSFRhlhhlh      A      0       0      25        0.0%
BITBIGSFRlhhlhh      3      0       0      40        0.0%
BITBIGSFRlhhh        3      0       0      39        0.0%
BITBIGSFRhlhhll      2      0       0      27        0.0%
BITBIGSFRhlhhll      2      0       0      29        0.0%
BITBIGSFRhlhhll      2      0       0      30        0.0%
BITBIGSFRhlhhll      2      0       0      32        0.0%
BITBIGSFRhlhhll      1      0       0      28        0.0%
BITBIGSFRhlhhll      1      0       0      31        0.0%
BITBIGSFRhlhhll      1      0       0      33        0.0%
BITBIGSFRlhlhl       1      0       0      44        0.0%
BITBIGSFRlhhlhl      1      0       0      41        0.0%
BITBIGSFRlhll        1      0       0      45        0.0%
BITBIGSFRhlhl        1      0       0      35        0.0%
BITBIGSFRhllll       1      0       0      38        0.0%
BIGSFR_1             0      0       0     200        0.0%
BIGSFR               0      0       0     200        0.0%
BITSFR_6             0      0       0     200        0.0%
SFR_6                0      0       0     200        0.0%
BITSFR_5             0      0       0     200        0.0%
SFR_5                0      0       0     200        0.0%
BITSFR_4             0      0       0     200        0.0%
SFR_4                0      0       0     200        0.0%
BITSFR_3             0      0       0     200        0.0%
SFR_3                0      0       0     200        0.0%
BITSFR_2             0      0       0     200        0.0%
SFR_2                0      0       0     200        0.0%
BITSFR_1             0      0       0     200        0.0%
SFR_1                0      0       0     200        0.0%
BITSFR               0      0       0     200        0.0%
SFR                  0      0       0     200        0.0%
STACK                0      0       0       2        0.0%
NULL                 0      0       0       0        0.0%
ABS                  0      0      1E      47        0.0%
DATA                 0      0      1E       3        0.0%
CODE                 0      0       0       0        0.0%


Microchip Technology PIC18 Macro Assembler V2.41 build 20230208172133 
Symbol Table                                                                                   Thu Aug 17 12:05:30 2023

                    l129 0424                      l155 0396                      l163 0464  
                    l158 0478                      l900 03FE                      l910 040C  
                    l902 0400                      l912 040E                      l904 0404  
                    l914 041C                      l906 0406                      l916 0420  
                    l908 0408                      l860 03AA                      l918 0422  
                    l870 03C8                      l862 03C0                      l960 02D6  
                    l880 03D6                      l872 03CE                      l864 03C2  
                    l970 0314                      l962 02E0                      l890 03E0  
                    l882 03D8                      l874 03D0                      l866 03C4  
                    l858 0398                      l980 0370                      l972 0336  
                    l964 030E                      l892 03E6                      l884 03DA  
                    l876 03D2                      l868 03C6                      l990 0392  
                    l982 0372                      l974 0342                      l966 0310  
                    l894 03E8                      l886 03DC                      l878 03D4  
                    l992 0394                      l984 0374                      l976 0344  
                    l968 0312                      l896 03F2                      l888 03DE  
                    l986 0376                      l978 0346                      l898 03FC  
                    l994 0470                      l988 0390                      l996 0472  
                    u257 0414                      _ISR 0444                      wreg 04E8  
                   ?_ISR 0501                     l1004 045C                     _main 045C  
                   _loop 0470                     fsr2h 04DA                     indf2 04DF  
                   fsr2l 04D9                     start 00BA             ___param_bank 0000  
                  ??_ISR 051A                    ?_main 0501                    ?_loop 0501  
                  i2l123 0228                    i2l124 0260                    i2l125 0298  
                  i2l126 02D4                    i2l152 045A                    i2l146 01CE  
                  i2l139 012A            setPWM@pConReg 050C            setPWM@address 0501  
                  plusw2 04DB                    status 04D8         __end_of_PWMsetup 0398  
        __initialization 0426             __end_of_main 0470             __end_of_loop 047A  
       __end_of_i2cStart 01D0                   ??_main 051B                   ??_loop 051A  
          __activetblptr 0000                   _RC0PPS 0211                   _RC1PPS 0212  
                 _RC3PPS 0214                   _RC4PPS 0215                   _RB7PPS 0210  
                 _RC6PPS 0217                   i2l1010 023C                   _RC7PPS 0218  
                 i2l1020 02C8                   i2l1012 0274                   i2l1014 02A0  
                 i2l1006 01D0                   i2l1030 00FA                   i2l1022 00BE  
                 i2l1016 02B0                   i2l1008 0204                   i2l1040 0134  
                 i2l1032 0102                   i2l1024 00CA                   i2l1018 02B8  
                 i2l1042 0142                   i2l1050 0174                   i2l1034 0110  
                 i2l1026 00CE                   i2l1060 01CC                   i2l1052 0184  
                 i2l1044 015E                   i2l1036 011E                   i2l1028 00DE  
                 i2l1054 01B0                   i2l1046 016E                   i2l1038 0130  
                 i2l1062 0444                   i2l1048 0170                   i2l1056 01C4  
                 i2l1064 0454                   i2l1058 01C8                   i2l1066 0456  
                 _PWM1PR 0463                   _PWM2PR 0472                   _PWM3PR 0481  
          i2cStart@index 0516           setPWM@pDutyReg 0508                   _setPWM 01D0  
                 isa$std 0001               __accesstop 0560  __end_of__initialization 043C  
          ___rparam_used 0001           __pcstackCOMRAM 0501           ivt0x8_undefint 00B8  
              ?_PWMsetup 0501                ?_i2cStart 0501                  IVTBASEH 045E  
                IVTBASEL 045D                  IVTBASEU 045F                  _I2C1CLK 029E  
                _I2C1PIR 029A                  _I2C1RXB 028A                  ?_setPWM 0501  
             ??_PWMsetup 051A                  i2u20_40 011E                  i2u20_41 011A  
                i2u21_40 0142                  i2u21_41 013E                  i2u13_45 01DC  
                i2u14_40 0204                  i2u22_40 015E                  i2u14_41 0200  
                i2u22_41 015A                  i2u15_40 023C                  i2u23_40 0184  
                i2u15_41 0238                  i2u23_41 0180                  i2u16_40 0274  
                i2u24_40 0454                  i2u16_41 0270                  i2u24_41 0450  
                i2u17_40 00DE                  i2u17_41 00DA                  i2u18_40 00FA  
                i2u18_41 00F6                  i2u19_40 0110                  i2u19_41 010C  
                _PWM1CLK 0461                  _PWM1GIE 0468                  _PWM2CLK 0470  
                _PWM2GIE 0477                  _PWM3CLK 047F                  _PWM3GIE 0486  
                _PWM1ERS 0460                  _PWM2ERS 046F                  _PWM3ERS 047E  
             ??_i2cStart 0510                  __Hparam 0000                  __Lparam 0000  
      __end_of_configI2C 0426                  __pcinit 0426                  __ramtop 0E00  
                __ptext0 045C                  __ptext1 0470                  __ptext2 0398  
                __ptext3 02D6                  __ptext4 0444                  __ptext5 00BE  
                __ptext6 01D0              _I2C1BTObits 029C              _I2C1PIEbits 029B  
            _I2C1PIRbits 029A     end_of_initialization 043C                  postdec2 04DD  
                postinc2 04DE                _TRISBbits 04C7                _TRISCbits 04C8  
              _i2cBuffer 051B             setPWM@conReg 050A            _PWM1S1CFGbits 046A  
         __end_of_setPWM 02D6            _PWM2S1CFGbits 0479      start_initialization 0426  
            __end_of_ISR 045C            _PWM3S1CFGbits 0488               ivt0x8_base 0008  
               ??_setPWM 0505              __pbssCOMRAM 051B               setPWM@temp 050E  
     i2cStart@duty_cycle 0514                 _I2C1ADR0 0290                 _I2C1BAUD 029D  
               _I2C1BTOC 029F                 _I2C1CNTL 028C                _configI2C 0398  
             _I2C1SDAPPS 0270               _I2C1SCLPPS 0271                 _IPR7bits 036E  
               _PIE7bits 04AF            _I2C1STAT0bits 0298            _I2C1STAT1bits 0299  
               _PIR7bits 04BA                 _PWM1S1P1 046B                 _PWM1S1P2 046D  
               _PWM2S1P1 047A                 _PWM1CPRE 0465                 _PWM3S1P1 0489  
               _PWM3S1P2 048B                 _PWM2CPRE 0474                 _PWM3CPRE 0483  
             ?_configI2C 0501                 _PWMsetup 02D6              _INTCON0bits 04D6  
               _i2cStart 00BE                 __Hrparam 0000                 __Lrparam 0000  
        i2cStart@address 0512               _ANSELCbits 0410             _I2C1CON0bits 0294  
           _I2C1CON1bits 0295             _I2C1CON2bits 0296                 __pivt0x8 0008  
        i2cStart@timeout 0518                 isa$xinst 0000               _ODCONCbits 0412  
            ??_configI2C 051A              _PWM1CONbits 0469              _PWM2CONbits 0478  
            _PWM3CONbits 0487                 intlevel2 0000         setPWM@duty_cycle 0503  
