

Microchip MPLAB XC8 Assembler V2.41 build 20230208172133 
                                                                                               Thu Jun 22 10:28:12 2023

Microchip MPLAB XC8 C Compiler v2.41 (Free license) build 20230208172133 Og1 
     1                           	processor	18F15Q40
     2                           	fnconf	rparam,??,?,0
     3                           	pagewidth 120
     4                           	opt	flic
     5                           	psect	cinit,global,reloc=2,class=CODE,delta=1
     6                           	psect	cstackCOMRAM,global,class=COMRAM,space=1,delta=1,lowdata,noexec
     7                           	psect	text0,global,reloc=2,class=CODE,delta=1
     8                           	psect	text1,global,reloc=4,class=CODE,delta=1
     9                           	psect	text2,global,reloc=2,class=CODE,delta=1
    10                           	psect	ivt0x8,global,reloc=2,class=CODE,delta=1,noexec,keep,optim=
    11                           	psect	intsave_regs,global,class=BIGRAM,space=1,delta=1,noexec
    12                           	psect	rparam,global,class=COMRAM,space=1,delta=1,noexec
    13   000000                     
    14                           ; Generated 23/03/2023 GMT
    15                           ; 
    16                           ; Copyright © 2023, Microchip Technology Inc. and its subsidiaries ("Microchip")
    17                           ; All rights reserved.
    18                           ; 
    19                           ; This software is developed by Microchip Technology Inc. and its subsidiaries ("Microch
      +                          ip").
    20                           ; 
    21                           ; Redistribution and use in source and binary forms, with or without modification, are
    22                           ; permitted provided that the following conditions are met:
    23                           ; 
    24                           ;     1. Redistributions of source code must retain the above copyright notice, this lis
      +                          t of
    25                           ;        conditions and the following disclaimer.
    26                           ; 
    27                           ;     2. Redistributions in binary form must reproduce the above copyright notice, this 
      +                          list
    28                           ;        of conditions and the following disclaimer in the documentation and/or other
    29                           ;        materials provided with the distribution. Publication is not required when
    30                           ;        this file is used in an embedded application.
    31                           ; 
    32                           ;     3. Microchip's name may not be used to endorse or promote products derived from th
      +                          is
    33                           ;        software without specific prior written permission.
    34                           ; 
    35                           ; THIS SOFTWARE IS PROVIDED BY MICROCHIP "AS IS" AND ANY EXPRESS OR IMPLIED WARRANTIES,
    36                           ; INCLUDING, BUT NOT LIMITED TO, THE IMPLIED WARRANTIES OF MERCHANTABILITY AND FITNESS F
      +                          OR
    37                           ; PURPOSE ARE DISCLAIMED.  IN NO EVENT SHALL MICROCHIP BE LIABLE FOR ANY DIRECT, INDIREC
      +                          T,
    38                           ; INCIDENTAL, SPECIAL, EXEMPLARY, OR CONSEQUENTIAL DAMAGES (INCLUDING BUT NOT LIMITED TO
    39                           ; PROCUREMENT OF SUBSTITUTE GOODS OR SERVICES; LOSS OF USE, DATA OR PROFITS; OR BUSINESS
    40                           ; INTERRUPTION) HOWSOEVER CAUSED AND ON ANY THEORY OF LIABILITY, WHETHER IN CONTRACT, ST
      +                          RICT
    41                           ; LIABILITY, OR TORT (INCLUDING NEGLIGENCE OR OTHERWISE) ARISING IN ANY WAY OUT OF THE U
      +                          SE OF
    42                           ; THIS SOFTWARE, EVEN IF ADVISED OF THE POSSIBILITY OF SUCH DAMAGE.
    43                           ; 
    44                           ; 
    45                           ; Code-generator required, PIC18F15Q40 Definitions
    46                           ; 
    47                           ; SFR Addresses
    48   000000                     _I2C1STAT1bits	set	665
    49   000000                     _I2C1CON1bits	set	661
    50   000000                     _I2C1CON2bits	set	662
    51   000000                     _RC0PPS	set	529
    52   000000                     _ODCONCbits	set	1042
    53   000000                     _TRISCbits	set	1224
    54   000000                     _INTCON0bits	set	1238
    55   000000                     _PIE7bits	set	1199
    56   000000                     _PIR7bits	set	1210
    57   000000                     _I2C1RXB	set	650
    58   000000                     _I2C1TXB	set	651
    59   000000                     _I2C1ADB0	set	654
    60   000000                     _I2C1ADR0	set	656
    61   000000                     _I2C1CON0bits	set	660
    62   000000                     _RC1PPS	set	530
    63   000000                     _I2C1STAT0bits	set	664
    64   000000                     _I2C1PIRbits	set	666
    65   000000                     _I2C1PIEbits	set	667
    66   000000                     _I2C1BTObits	set	668
    67   000000                     _I2C1BTOC	set	671
    68   000000                     _IPR7bits	set	878
    69                           
    70                           ; #config settings
    71                           
    72                           	psect	cinit
    73   000214                     __pcinit:
    74                           	callstack 0
    75   000214                     start_initialization:
    76                           	callstack 0
    77   000214                     __initialization:
    78                           	callstack 0
    79                           
    80                           ;
    81                           ; Setup IVTBASE
    82                           ;
    83   000214  0104               	movlb	4
    84   000216  0E08               	movlw	(ivt0x8_base shr 0)& (0+255)
    85   000218  6F5D               	movwf	93,b
    86   00021A  0E00               	movlw	(ivt0x8_base shr (0+8))& (0+255)
    87   00021C  6F5E               	movwf	94,b
    88   00021E  0E00               	movlw	(ivt0x8_base shr (0+16))& (0+255)
    89   000220  6F5F               	movwf	95,b
    90   000222                     end_of_initialization:
    91                           	callstack 0
    92   000222                     __end_of__initialization:
    93                           	callstack 0
    94   000222  0100               	movlb	0
    95   000224  EF14  F001         	goto	_main	;jump to C main() function
    96                           
    97                           	psect	cstackCOMRAM
    98   000501                     __pcstackCOMRAM:
    99                           	callstack 0
   100   000501                     i2cStart@i:
   101                           	callstack 0
   102                           
   103                           ; 2 bytes @ 0x0
   104   000501                     	ds	2
   105   000503                     
   106                           ; 1 bytes @ 0x2
   107 ;;
   108 ;;Main: autosize = 0, tempsize = 0, incstack = 0, save=0
   109 ;;
   110 ;; *************** function _main *****************
   111 ;; Defined at:
   112 ;;		line 153 in file "main.c"
   113 ;; Parameters:    Size  Location     Type
   114 ;;		None
   115 ;; Auto vars:     Size  Location     Type
   116 ;;		None
   117 ;; Return value:  Size  Location     Type
   118 ;;                  1    wreg      void 
   119 ;; Registers used:
   120 ;;		None
   121 ;; Tracked objects:
   122 ;;		On entry : 0/0
   123 ;;		On exit  : 0/0
   124 ;;		Unchanged: 0/0
   125 ;; Data sizes:     COMRAM   BANK5   BANK6   BANK7   BANK8   BANK9  BANK10  BANK11  BANK12
   126 ;;      Params:         0       0       0       0       0       0       0       0       0
   127 ;;      Locals:         0       0       0       0       0       0       0       0       0
   128 ;;      Temps:          0       0       0       0       0       0       0       0       0
   129 ;;      Totals:         0       0       0       0       0       0       0       0       0
   130 ;;Total ram usage:        0 bytes
   131 ;; Hardware stack levels required when called: 2
   132 ;; This function calls:
   133 ;;		Nothing
   134 ;; This function is called by:
   135 ;;		Startup code after reset
   136 ;; This function uses a non-reentrant model
   137 ;;
   138                           
   139                           	psect	text0
   140   000228                     __ptext0:
   141                           	callstack 0
   142   000228                     _main:
   143                           	callstack 125
   144   000228  EF5D  F000         	goto	start
   145   00022C                     __end_of_main:
   146                           	callstack 0
   147                           
   148 ;; *************** function _ISR *****************
   149 ;; Defined at:
   150 ;;		line 146 in file "main.c"
   151 ;; Parameters:    Size  Location     Type
   152 ;;		None
   153 ;; Auto vars:     Size  Location     Type
   154 ;;		None
   155 ;; Return value:  Size  Location     Type
   156 ;;                  1    wreg      void 
   157 ;; Registers used:
   158 ;;		wreg, status,2, status,0, cstack
   159 ;; Tracked objects:
   160 ;;		On entry : 0/0
   161 ;;		On exit  : 0/0
   162 ;;		Unchanged: 0/0
   163 ;; Data sizes:     COMRAM   BANK5   BANK6   BANK7   BANK8   BANK9  BANK10  BANK11  BANK12
   164 ;;      Params:         0       0       0       0       0       0       0       0       0
   165 ;;      Locals:         0       0       0       0       0       0       0       0       0
   166 ;;      Temps:          0       0       0       0       0       0       0       0       0
   167 ;;      Totals:         0       0       0       0       0       0       0       0       0
   168 ;;Total ram usage:        0 bytes
   169 ;; Hardware stack levels used: 1
   170 ;; Hardware stack levels required when called: 1
   171 ;; This function calls:
   172 ;;		_i2cStart
   173 ;; This function is called by:
   174 ;;		Interrupt level 2
   175 ;; This function uses a non-reentrant model
   176 ;;
   177                           
   178                           	psect	text1
   179   0001F0                     __ptext1:
   180                           	callstack 0
   181   0001F0                     _ISR:
   182                           	callstack 125
   183   0001F0                     
   184                           ;main.c: 147:     if(I2C1PIEbits.SCIE && I2C1PIRbits.SCIF){
   185   0001F0  0102               	movlb	2	; () banked
   186   0001F2  A19B               	btfss	155,0,b	;volatile
   187   0001F4  EFFE  F000         	goto	i2u17_41
   188   0001F8  EF00  F001         	goto	i2u17_40
   189   0001FC                     i2u17_41:
   190   0001FC  EF09  F001         	goto	i2l83
   191   000200                     i2u17_40:
   192   000200                     
   193                           ; BSR set to: 2
   194   000200  A19A               	btfss	154,0,b	;volatile
   195   000202  EF05  F001         	goto	i2u18_41
   196   000206  EF07  F001         	goto	i2u18_40
   197   00020A                     i2u18_41:
   198   00020A  EF09  F001         	goto	i2l83
   199   00020E                     i2u18_40:
   200   00020E                     
   201                           ; BSR set to: 2
   202                           ;main.c: 148:         i2cStart();
   203   00020E  EC5F  F000         	call	_i2cStart	;wreg free
   204   000212                     i2l83:
   205   000212  0011               	retfie		f
   206   000214                     __end_of_ISR:
   207                           	callstack 0
   208                           
   209 ;; *************** function _i2cStart *****************
   210 ;; Defined at:
   211 ;;		line 62 in file "main.c"
   212 ;; Parameters:    Size  Location     Type
   213 ;;		None
   214 ;; Auto vars:     Size  Location     Type
   215 ;;  i               2    0[COMRAM] int 
   216 ;;  duty_cycle      1    0        unsigned char 
   217 ;;  addrL           1    0        unsigned char 
   218 ;;  addrH           1    0        unsigned char 
   219 ;; Return value:  Size  Location     Type
   220 ;;                  1    wreg      void 
   221 ;; Registers used:
   222 ;;		wreg, status,2, status,0
   223 ;; Tracked objects:
   224 ;;		On entry : 0/0
   225 ;;		On exit  : 0/0
   226 ;;		Unchanged: 0/0
   227 ;; Data sizes:     COMRAM   BANK5   BANK6   BANK7   BANK8   BANK9  BANK10  BANK11  BANK12
   228 ;;      Params:         0       0       0       0       0       0       0       0       0
   229 ;;      Locals:         2       0       0       0       0       0       0       0       0
   230 ;;      Temps:          0       0       0       0       0       0       0       0       0
   231 ;;      Totals:         2       0       0       0       0       0       0       0       0
   232 ;;Total ram usage:        2 bytes
   233 ;; Hardware stack levels used: 1
   234 ;; This function calls:
   235 ;;		Nothing
   236 ;; This function is called by:
   237 ;;		_ISR
   238 ;; This function uses a non-reentrant model
   239 ;;
   240                           
   241                           	psect	text2
   242   0000BE                     __ptext2:
   243                           	callstack 0
   244   0000BE                     _i2cStart:
   245                           	callstack 125
   246   0000BE                     
   247                           ;main.c: 70:     while(I2C1PIEbits.PCIE == 1 && I2C1PIRbits.PCIF == 0){
   248   0000BE  EFE7  F000         	goto	i2l48
   249   0000C2                     i2l766:
   250                           
   251                           ; BSR set to: 2
   252                           ;main.c: 71:         if(I2C1ADB0 == I2C1ADR0){
   253   0000C2  5190               	movf	144,w,b	;volatile
   254   0000C4  198E               	xorwf	142,w,b	;volatile
   255   0000C6  A4D8               	btfss	status,2,c
   256   0000C8  EF68  F000         	goto	i2u1_41
   257   0000CC  EF6A  F000         	goto	i2u1_40
   258   0000D0                     i2u1_41:
   259   0000D0  EF6C  F000         	goto	i2l50
   260   0000D4                     i2u1_40:
   261   0000D4                     
   262                           ; BSR set to: 2
   263                           ;main.c: 72:         I2C1CON1bits.ACKDT = 0;
   264   0000D4  9D95               	bcf	149,6,b	;volatile
   265                           
   266                           ;main.c: 74:         I2C1CON0bits.CSTR = 0;
   267   0000D6  9994               	bcf	148,4,b	;volatile
   268   0000D8                     i2l50:
   269                           
   270                           ; BSR set to: 2
   271                           ;main.c: 84:         if(I2C1PIRbits.ACKTIF == 1 && I2C1CON0bits.CSTR == 1){
   272   0000D8  AD9A               	btfss	154,6,b	;volatile
   273   0000DA  EF71  F000         	goto	i2u2_41
   274   0000DE  EF73  F000         	goto	i2u2_40
   275   0000E2                     i2u2_41:
   276   0000E2  EF7C  F000         	goto	i2l51
   277   0000E6                     i2u2_40:
   278   0000E6                     
   279                           ; BSR set to: 2
   280   0000E6  A994               	btfss	148,4,b	;volatile
   281   0000E8  EF78  F000         	goto	i2u3_41
   282   0000EC  EF7A  F000         	goto	i2u3_40
   283   0000F0                     i2u3_41:
   284   0000F0  EF7C  F000         	goto	i2l51
   285   0000F4                     i2u3_40:
   286   0000F4                     
   287                           ; BSR set to: 2
   288                           ;main.c: 85:             I2C1PIRbits.ACKTIF = 0;
   289   0000F4  9D9A               	bcf	154,6,b	;volatile
   290                           
   291                           ;main.c: 86:             I2C1CON0bits.CSTR = 0;
   292   0000F6  9994               	bcf	148,4,b	;volatile
   293   0000F8                     i2l51:
   294                           
   295                           ; BSR set to: 2
   296                           ;main.c: 96:         if(I2C1CON0bits.CSTR == 1){
   297   0000F8  A994               	btfss	148,4,b	;volatile
   298   0000FA  EF81  F000         	goto	i2u4_41
   299   0000FE  EF83  F000         	goto	i2u4_40
   300   000102                     i2u4_41:
   301   000102  EF85  F000         	goto	i2l52
   302   000106                     i2u4_40:
   303   000106                     
   304                           ; BSR set to: 2
   305                           ;main.c: 97:             I2C1CON1bits.ACKDT = 0;
   306   000106  9D95               	bcf	149,6,b	;volatile
   307                           
   308                           ;main.c: 98:             I2C1CON0bits.CSTR = 0;
   309   000108  9994               	bcf	148,4,b	;volatile
   310   00010A                     i2l52:
   311                           
   312                           ; BSR set to: 2
   313                           ;main.c: 102:         if(I2C1STAT0bits.R == 1){
   314   00010A  A998               	btfss	152,4,b	;volatile
   315   00010C  EF8A  F000         	goto	i2u5_41
   316   000110  EF8C  F000         	goto	i2u5_40
   317   000114                     i2u5_41:
   318   000114  EFBA  F000         	goto	i2l53
   319   000118                     i2u5_40:
   320   000118                     
   321                           ; BSR set to: 2
   322                           ;main.c: 103:             if(I2C1STAT1bits.TXBE == 0){
   323   000118  BB99               	btfsc	153,5,b	;volatile
   324   00011A  EF91  F000         	goto	i2u6_41
   325   00011E  EF93  F000         	goto	i2u6_40
   326   000122                     i2u6_41:
   327   000122  EF94  F000         	goto	i2l780
   328   000126                     i2u6_40:
   329   000126                     
   330                           ; BSR set to: 2
   331                           ;main.c: 104:                 I2C1STAT1bits.CLRBF = 1;
   332   000126  8599               	bsf	153,2,b	;volatile
   333   000128                     i2l780:
   334                           
   335                           ; BSR set to: 2
   336                           ;main.c: 107:             for(int i = 0; i < 12; i++){
   337   000128  0E00               	movlw	0
   338   00012A  6E02               	movwf	(i2cStart@i+1)^(0+1280),c
   339   00012C  0E00               	movlw	0
   340   00012E  6E01               	movwf	i2cStart@i^(0+1280),c
   341   000130                     i2l57:
   342                           
   343                           ; BSR set to: 2
   344   000130  AB99               	btfss	153,5,b	;volatile
   345   000132  EF9D  F000         	goto	i2u7_41
   346   000136  EF9F  F000         	goto	i2u7_40
   347   00013A                     i2u7_41:
   348   00013A  EF98  F000         	goto	i2l57
   349   00013E                     i2u7_40:
   350   00013E                     
   351                           ; BSR set to: 2
   352                           ;main.c: 109:                 I2C1TXB = 0x00;
   353   00013E  0E00               	movlw	0
   354   000140  6F8B               	movwf	139,b	;volatile
   355   000142                     i2l60:
   356                           
   357                           ; BSR set to: 2
   358   000142  AB99               	btfss	153,5,b	;volatile
   359   000144  EFA6  F000         	goto	i2u8_41
   360   000148  EFA8  F000         	goto	i2u8_40
   361   00014C                     i2u8_41:
   362   00014C  EFA1  F000         	goto	i2l60
   363   000150                     i2u8_40:
   364   000150                     
   365                           ; BSR set to: 2
   366                           ;main.c: 113:                 I2C1TXB = 0x00;
   367   000150  0E00               	movlw	0
   368   000152  6F8B               	movwf	139,b	;volatile
   369   000154                     
   370                           ; BSR set to: 2
   371                           ;main.c: 115:             }
   372   000154  4A01               	infsnz	i2cStart@i^(0+1280),f,c
   373   000156  2A02               	incf	(i2cStart@i+1)^(0+1280),f,c
   374   000158                     
   375                           ; BSR set to: 2
   376   000158  BE02               	btfsc	(i2cStart@i+1)^(0+1280),7,c
   377   00015A  EFB8  F000         	goto	i2u9_41
   378   00015E  5002               	movf	(i2cStart@i+1)^(0+1280),w,c
   379   000160  E109               	bnz	i2u9_40
   380   000162  0E0C               	movlw	12
   381   000164  5C01               	subwf	i2cStart@i^(0+1280),w,c
   382   000166  A0D8               	btfss	status,0,c
   383   000168  EFB8  F000         	goto	i2u9_41
   384   00016C  EFBA  F000         	goto	i2u9_40
   385   000170                     i2u9_41:
   386   000170  EF98  F000         	goto	i2l57
   387   000174                     i2u9_40:
   388   000174                     i2l53:
   389                           
   390                           ; BSR set to: 2
   391                           ;main.c: 119:         if(I2C1STAT0bits.R == 0){
   392   000174  B998               	btfsc	152,4,b	;volatile
   393   000176  EFBF  F000         	goto	i2u10_41
   394   00017A  EFC1  F000         	goto	i2u10_40
   395   00017E                     i2u10_41:
   396   00017E  EFDF  F000         	goto	i2l63
   397   000182                     i2u10_40:
   398   000182                     i2l64:
   399                           
   400                           ; BSR set to: 2
   401   000182  A199               	btfss	153,0,b	;volatile
   402   000184  EFC6  F000         	goto	i2u11_41
   403   000188  EFC8  F000         	goto	i2u11_40
   404   00018C                     i2u11_41:
   405   00018C  EFC1  F000         	goto	i2l64
   406   000190                     i2u11_40:
   407   000190                     
   408                           ; BSR set to: 2
   409                           ;main.c: 121:             I2C1CON1bits.ACKDT = 1;
   410   000190  8D95               	bsf	149,6,b	;volatile
   411   000192  518A               	movf	138,w,b	;volatile
   412                           
   413                           ;main.c: 123:             I2C1STAT1bits.CLRBF = 1;
   414   000194  8599               	bsf	153,2,b	;volatile
   415   000196                     i2l67:
   416                           
   417                           ; BSR set to: 2
   418   000196  A199               	btfss	153,0,b	;volatile
   419   000198  EFD0  F000         	goto	i2u12_41
   420   00019C  EFD2  F000         	goto	i2u12_40
   421   0001A0                     i2u12_41:
   422   0001A0  EFCB  F000         	goto	i2l67
   423   0001A4                     i2u12_40:
   424   0001A4                     
   425                           ; BSR set to: 2
   426                           ;main.c: 126:             I2C1CON1bits.ACKDT = 1;
   427   0001A4  8D95               	bsf	149,6,b	;volatile
   428   0001A6  518A               	movf	138,w,b	;volatile
   429                           
   430                           ;main.c: 128:             I2C1STAT1bits.CLRBF = 1;
   431   0001A8  8599               	bsf	153,2,b	;volatile
   432   0001AA                     i2l70:
   433                           
   434                           ; BSR set to: 2
   435   0001AA  A199               	btfss	153,0,b	;volatile
   436   0001AC  EFDA  F000         	goto	i2u13_41
   437   0001B0  EFDC  F000         	goto	i2u13_40
   438   0001B4                     i2u13_41:
   439   0001B4  EFD5  F000         	goto	i2l70
   440   0001B8                     i2u13_40:
   441   0001B8                     
   442                           ; BSR set to: 2
   443                           ;main.c: 131:             I2C1CON1bits.ACKDT = 1;
   444   0001B8  8D95               	bsf	149,6,b	;volatile
   445   0001BA  518A               	movf	138,w,b	;volatile
   446                           
   447                           ;main.c: 133:             I2C1STAT1bits.CLRBF = 1;
   448   0001BC  8599               	bsf	153,2,b	;volatile
   449   0001BE                     i2l63:
   450                           
   451                           ; BSR set to: 2
   452                           ;main.c: 139:         if(I2C1PIRbits.CNTIF == 1){
   453   0001BE  AF9A               	btfss	154,7,b	;volatile
   454   0001C0  EFE4  F000         	goto	i2u14_41
   455   0001C4  EFE6  F000         	goto	i2u14_40
   456   0001C8                     i2u14_41:
   457   0001C8  EFE7  F000         	goto	i2l48
   458   0001CC                     i2u14_40:
   459   0001CC                     
   460                           ; BSR set to: 2
   461                           ;main.c: 141:             I2C1CON1bits.ACKCNT = 1;
   462   0001CC  8F95               	bsf	149,7,b	;volatile
   463   0001CE                     i2l48:
   464                           
   465                           ;main.c: 70:     while(I2C1PIEbits.PCIE == 1 && I2C1PIRbits.PCIF == 0){
   466   0001CE  0102               	movlb	2	; () banked
   467   0001D0  A59B               	btfss	155,2,b	;volatile
   468   0001D2  EFED  F000         	goto	i2u15_41
   469   0001D6  EFEF  F000         	goto	i2u15_40
   470   0001DA                     i2u15_41:
   471   0001DA  EFF6  F000         	goto	i2l77
   472   0001DE                     i2u15_40:
   473   0001DE                     
   474                           ; BSR set to: 2
   475   0001DE  A59A               	btfss	154,2,b	;volatile
   476   0001E0  EFF4  F000         	goto	i2u16_41
   477   0001E4  EFF6  F000         	goto	i2u16_40
   478   0001E8                     i2u16_41:
   479   0001E8  EF61  F000         	goto	i2l766
   480   0001EC                     i2u16_40:
   481   0001EC                     i2l77:
   482                           
   483                           ; BSR set to: 2
   484   0001EC  0012               	return		;funcret
   485   0001EE                     __end_of_i2cStart:
   486                           	callstack 0
   487                           
   488                           ;
   489                           ; Interrupt Vector Table @ 0x8
   490                           ;
   491                           
   492                           	psect	ivt0x8
   493   000008                     __pivt0x8:
   494                           	callstack 0
   495   000008                     ivt0x8_base:
   496                           	callstack 0
   497                           
   498                           ; Vector 0 : SWINT
   499   000008  002E               	dw	ivt0x8_undefint shr (0+2)
   500                           
   501                           ; Vector 1 : HLVD
   502   00000A  002E               	dw	ivt0x8_undefint shr (0+2)
   503                           
   504                           ; Vector 2 : OSF
   505   00000C  002E               	dw	ivt0x8_undefint shr (0+2)
   506                           
   507                           ; Vector 3 : CSW
   508   00000E  002E               	dw	ivt0x8_undefint shr (0+2)
   509                           
   510                           ; Vector 4 : NVMIP
   511   000010  002E               	dw	ivt0x8_undefint shr (0+2)
   512                           
   513                           ; Vector 5 : CLC1
   514   000012  002E               	dw	ivt0x8_undefint shr (0+2)
   515                           
   516                           ; Vector 6 : CRC
   517   000014  002E               	dw	ivt0x8_undefint shr (0+2)
   518                           
   519                           ; Vector 7 : IOC
   520   000016  002E               	dw	ivt0x8_undefint shr (0+2)
   521                           
   522                           ; Vector 8 : INT0
   523   000018  002E               	dw	ivt0x8_undefint shr (0+2)
   524                           
   525                           ; Vector 9 : ZCD
   526   00001A  002E               	dw	ivt0x8_undefint shr (0+2)
   527                           
   528                           ; Vector 10 : AD
   529   00001C  002E               	dw	ivt0x8_undefint shr (0+2)
   530                           
   531                           ; Vector 11 : ACT
   532   00001E  002E               	dw	ivt0x8_undefint shr (0+2)
   533                           
   534                           ; Vector 12 : CMP1
   535   000020  002E               	dw	ivt0x8_undefint shr (0+2)
   536                           
   537                           ; Vector 13 : SMT1
   538   000022  002E               	dw	ivt0x8_undefint shr (0+2)
   539                           
   540                           ; Vector 14 : SMT1PRA
   541   000024  002E               	dw	ivt0x8_undefint shr (0+2)
   542                           
   543                           ; Vector 15 : SMT1PWA
   544   000026  002E               	dw	ivt0x8_undefint shr (0+2)
   545                           
   546                           ; Vector 16 : ADT
   547   000028  002E               	dw	ivt0x8_undefint shr (0+2)
   548                           
   549                           ; Vector 17 : Undefined
   550   00002A  002E               	dw	ivt0x8_undefint shr (0+2)
   551                           
   552                           ; Vector 18 : Undefined
   553   00002C  002E               	dw	ivt0x8_undefint shr (0+2)
   554                           
   555                           ; Vector 19 : Undefined
   556   00002E  002E               	dw	ivt0x8_undefint shr (0+2)
   557                           
   558                           ; Vector 20 : DMA1SCNT
   559   000030  002E               	dw	ivt0x8_undefint shr (0+2)
   560                           
   561                           ; Vector 21 : DMA1DCNT
   562   000032  002E               	dw	ivt0x8_undefint shr (0+2)
   563                           
   564                           ; Vector 22 : DMA1OR
   565   000034  002E               	dw	ivt0x8_undefint shr (0+2)
   566                           
   567                           ; Vector 23 : DMA1A
   568   000036  002E               	dw	ivt0x8_undefint shr (0+2)
   569                           
   570                           ; Vector 24 : SPI1RX
   571   000038  002E               	dw	ivt0x8_undefint shr (0+2)
   572                           
   573                           ; Vector 25 : SPI1TX
   574   00003A  002E               	dw	ivt0x8_undefint shr (0+2)
   575                           
   576                           ; Vector 26 : SPI1
   577   00003C  002E               	dw	ivt0x8_undefint shr (0+2)
   578                           
   579                           ; Vector 27 : TMR2
   580   00003E  002E               	dw	ivt0x8_undefint shr (0+2)
   581                           
   582                           ; Vector 28 : TMR1
   583   000040  002E               	dw	ivt0x8_undefint shr (0+2)
   584                           
   585                           ; Vector 29 : TMR1G
   586   000042  002E               	dw	ivt0x8_undefint shr (0+2)
   587                           
   588                           ; Vector 30 : CCP1
   589   000044  002E               	dw	ivt0x8_undefint shr (0+2)
   590                           
   591                           ; Vector 31 : TMR0
   592   000046  002E               	dw	ivt0x8_undefint shr (0+2)
   593                           
   594                           ; Vector 32 : U1RX
   595   000048  002E               	dw	ivt0x8_undefint shr (0+2)
   596                           
   597                           ; Vector 33 : U1TX
   598   00004A  002E               	dw	ivt0x8_undefint shr (0+2)
   599                           
   600                           ; Vector 34 : U1E
   601   00004C  002E               	dw	ivt0x8_undefint shr (0+2)
   602                           
   603                           ; Vector 35 : U1
   604   00004E  002E               	dw	ivt0x8_undefint shr (0+2)
   605                           
   606                           ; Vector 36 : TMR3
   607   000050  002E               	dw	ivt0x8_undefint shr (0+2)
   608                           
   609                           ; Vector 37 : TMR3G
   610   000052  002E               	dw	ivt0x8_undefint shr (0+2)
   611                           
   612                           ; Vector 38 : PWM1PR
   613   000054  002E               	dw	ivt0x8_undefint shr (0+2)
   614                           
   615                           ; Vector 39 : PWM1
   616   000056  002E               	dw	ivt0x8_undefint shr (0+2)
   617                           
   618                           ; Vector 40 : SPI2RX
   619   000058  002E               	dw	ivt0x8_undefint shr (0+2)
   620                           
   621                           ; Vector 41 : SPI2TX
   622   00005A  002E               	dw	ivt0x8_undefint shr (0+2)
   623                           
   624                           ; Vector 42 : SPI2
   625   00005C  002E               	dw	ivt0x8_undefint shr (0+2)
   626                           
   627                           ; Vector 43 : Undefined
   628   00005E  002E               	dw	ivt0x8_undefint shr (0+2)
   629                           
   630                           ; Vector 44 : CMP2
   631   000060  002E               	dw	ivt0x8_undefint shr (0+2)
   632                           
   633                           ; Vector 45 : CLC2
   634   000062  002E               	dw	ivt0x8_undefint shr (0+2)
   635                           
   636                           ; Vector 46 : PWM2PR
   637   000064  002E               	dw	ivt0x8_undefint shr (0+2)
   638                           
   639                           ; Vector 47 : PWM2
   640   000066  002E               	dw	ivt0x8_undefint shr (0+2)
   641                           
   642                           ; Vector 48 : INT1
   643   000068  002E               	dw	ivt0x8_undefint shr (0+2)
   644                           
   645                           ; Vector 49 : CWG1
   646   00006A  002E               	dw	ivt0x8_undefint shr (0+2)
   647                           
   648                           ; Vector 50 : NCO1
   649   00006C  002E               	dw	ivt0x8_undefint shr (0+2)
   650                           
   651                           ; Vector 51 : DMA2SCNT
   652   00006E  002E               	dw	ivt0x8_undefint shr (0+2)
   653                           
   654                           ; Vector 52 : DMA2DCNT
   655   000070  002E               	dw	ivt0x8_undefint shr (0+2)
   656                           
   657                           ; Vector 53 : DMA2OR
   658   000072  002E               	dw	ivt0x8_undefint shr (0+2)
   659                           
   660                           ; Vector 54 : DMA2A
   661   000074  002E               	dw	ivt0x8_undefint shr (0+2)
   662                           
   663                           ; Vector 55 : Undefined
   664   000076  002E               	dw	ivt0x8_undefint shr (0+2)
   665                           
   666                           ; Vector 56 : I2C1RX
   667   000078  002E               	dw	ivt0x8_undefint shr (0+2)
   668                           
   669                           ; Vector 57 : I2C1TX
   670   00007A  002E               	dw	ivt0x8_undefint shr (0+2)
   671                           
   672                           ; Vector 58 : I2C1
   673   00007C  007C               	dw	_ISR shr (0+2)
   674                           
   675                           ; Vector 59 : I2C1E
   676   00007E  002E               	dw	ivt0x8_undefint shr (0+2)
   677                           
   678                           ; Vector 60 : Undefined
   679   000080  002E               	dw	ivt0x8_undefint shr (0+2)
   680                           
   681                           ; Vector 61 : CLC3
   682   000082  002E               	dw	ivt0x8_undefint shr (0+2)
   683                           
   684                           ; Vector 62 : PWM3PR
   685   000084  002E               	dw	ivt0x8_undefint shr (0+2)
   686                           
   687                           ; Vector 63 : PWM3
   688   000086  002E               	dw	ivt0x8_undefint shr (0+2)
   689                           
   690                           ; Vector 64 : U2RX
   691   000088  002E               	dw	ivt0x8_undefint shr (0+2)
   692                           
   693                           ; Vector 65 : U2TX
   694   00008A  002E               	dw	ivt0x8_undefint shr (0+2)
   695                           
   696                           ; Vector 66 : U2E
   697   00008C  002E               	dw	ivt0x8_undefint shr (0+2)
   698                           
   699                           ; Vector 67 : U2
   700   00008E  002E               	dw	ivt0x8_undefint shr (0+2)
   701                           
   702                           ; Vector 68 : Undefined
   703   000090  002E               	dw	ivt0x8_undefint shr (0+2)
   704                           
   705                           ; Vector 69 : CLC4
   706   000092  002E               	dw	ivt0x8_undefint shr (0+2)
   707                           
   708                           ; Vector 70 : Undefined
   709   000094  002E               	dw	ivt0x8_undefint shr (0+2)
   710                           
   711                           ; Vector 71 : SCAN
   712   000096  002E               	dw	ivt0x8_undefint shr (0+2)
   713                           
   714                           ; Vector 72 : U3RX
   715   000098  002E               	dw	ivt0x8_undefint shr (0+2)
   716                           
   717                           ; Vector 73 : U3TX
   718   00009A  002E               	dw	ivt0x8_undefint shr (0+2)
   719                           
   720                           ; Vector 74 : U3E
   721   00009C  002E               	dw	ivt0x8_undefint shr (0+2)
   722                           
   723                           ; Vector 75 : U3
   724   00009E  002E               	dw	ivt0x8_undefint shr (0+2)
   725                           
   726                           ; Vector 76 : DMA3SCNT
   727   0000A0  002E               	dw	ivt0x8_undefint shr (0+2)
   728                           
   729                           ; Vector 77 : DMA3DCNT
   730   0000A2  002E               	dw	ivt0x8_undefint shr (0+2)
   731                           
   732                           ; Vector 78 : DMA3OR
   733   0000A4  002E               	dw	ivt0x8_undefint shr (0+2)
   734                           
   735                           ; Vector 79 : DMA3A
   736   0000A6  002E               	dw	ivt0x8_undefint shr (0+2)
   737                           
   738                           ; Vector 80 : INT2
   739   0000A8  002E               	dw	ivt0x8_undefint shr (0+2)
   740                           
   741                           ; Vector 81 : Undefined
   742   0000AA  002E               	dw	ivt0x8_undefint shr (0+2)
   743                           
   744                           ; Vector 82 : Undefined
   745   0000AC  002E               	dw	ivt0x8_undefint shr (0+2)
   746                           
   747                           ; Vector 83 : TMR4
   748   0000AE  002E               	dw	ivt0x8_undefint shr (0+2)
   749                           
   750                           ; Vector 84 : DMA4SCNT
   751   0000B0  002E               	dw	ivt0x8_undefint shr (0+2)
   752                           
   753                           ; Vector 85 : DMA4DCNT
   754   0000B2  002E               	dw	ivt0x8_undefint shr (0+2)
   755                           
   756                           ; Vector 86 : DMA4OR
   757   0000B4  002E               	dw	ivt0x8_undefint shr (0+2)
   758                           
   759                           ; Vector 87 : DMA4A
   760   0000B6  002E               	dw	ivt0x8_undefint shr (0+2)
   761   0000B8                     ivt0x8_undefint:
   762                           	callstack 0
   763   0000B8  00FF               	reset	
   764   000000                     
   765                           	psect	rparam
   766   000000                     tosu	equ	0x4FF
   767                           tosh	equ	0x4FE
   768                           tosl	equ	0x4FD
   769                           stkptr	equ	0x4FC
   770                           pclatu	equ	0x4FB
   771                           pclath	equ	0x4FA
   772                           pcl	equ	0x4F9
   773                           tblptru	equ	0x4F8
   774                           tblptrh	equ	0x4F7
   775                           tblptrl	equ	0x4F6
   776                           tablat	equ	0x4F5
   777                           prodh	equ	0x4F4
   778                           prodl	equ	0x4F3
   779                           indf0	equ	0x4EF
   780                           postinc0	equ	0x4EE
   781                           postdec0	equ	0x4ED
   782                           preinc0	equ	0x4EC
   783                           plusw0	equ	0x4EB
   784                           fsr0h	equ	0x4EA
   785                           fsr0l	equ	0x4E9
   786                           wreg	equ	0x4E8
   787                           indf1	equ	0x4E7
   788                           postinc1	equ	0x4E6
   789                           postdec1	equ	0x4E5
   790                           preinc1	equ	0x4E4
   791                           plusw1	equ	0x4E3
   792                           fsr1h	equ	0x4E2
   793                           fsr1l	equ	0x4E1
   794                           bsr	equ	0x4E0
   795                           indf2	equ	0x4DF
   796                           postinc2	equ	0x4DE
   797                           postdec2	equ	0x4DD
   798                           preinc2	equ	0x4DC
   799                           plusw2	equ	0x4DB
   800                           fsr2h	equ	0x4DA
   801                           fsr2l	equ	0x4D9
   802                           status	equ	0x4D8

Data Sizes:
    Strings     0
    Constant    0
    Data        0
    BSS         0
    Persistent  0
    Stack       0

Auto Spaces:
    Space          Size  Autos    Used
    COMRAM           95      2       2
    BANK5           160      0       0
    BANK6           256      0       0
    BANK7           256      0       0
    BANK8           256      0       0
    BANK9           256      0       0
    BANK10          256      0       0
    BANK11          256      0       0
    BANK12          256      0       0

Pointer List with Targets:

    None.

Critical Paths under _main in COMRAM

    None.

Critical Paths under _ISR in COMRAM

    _ISR->_i2cStart

Critical Paths under _main in BANK5

    None.

Critical Paths under _ISR in BANK5

    None.

Critical Paths under _main in BANK6

    None.

Critical Paths under _ISR in BANK6

    None.

Critical Paths under _main in BANK7

    None.

Critical Paths under _ISR in BANK7

    None.

Critical Paths under _main in BANK8

    None.

Critical Paths under _ISR in BANK8

    None.

Critical Paths under _main in BANK9

    None.

Critical Paths under _ISR in BANK9

    None.

Critical Paths under _main in BANK10

    None.

Critical Paths under _ISR in BANK10

    None.

Critical Paths under _main in BANK11

    None.

Critical Paths under _ISR in BANK11

    None.

Critical Paths under _main in BANK12

    None.

Critical Paths under _ISR in BANK12

    None.

Call Graph Tables:

 ---------------------------------------------------------------------------------
 (Depth) Function   	        Calls       Base Space   Used Autos Params    Refs
 ---------------------------------------------------------------------------------
 (0) _main                                                 0     0      0       0
 ---------------------------------------------------------------------------------
 Estimated maximum stack depth 0
 ---------------------------------------------------------------------------------
 (Depth) Function   	        Calls       Base Space   Used Autos Params    Refs
 ---------------------------------------------------------------------------------
 (1) _ISR                                                  0     0      0      30
                           _i2cStart
 ---------------------------------------------------------------------------------
 (2) _i2cStart                                             5     5      0      30
                                              0 COMRAM     2     2      0
 ---------------------------------------------------------------------------------
 Estimated maximum stack depth 2
 ---------------------------------------------------------------------------------

 Call Graph Graphs:

 _main (ROOT)

 _ISR (ROOT)
   _i2cStart

 Address spaces:
Name               Size   Autos  Total    Cost      Usage
BITCOMRAM           5F      0       0       0        0.0%
EEDATA             200      0       0       0        0.0%
NULL                 0      0       0       0        0.0%
CODE                 0      0       0       0        0.0%
COMRAM              5F      2       2       1        2.1%
STACK                0      0       0       2        0.0%
DATA                 0      0       0       3        0.0%
BITBANK5            A0      0       0       4        0.0%
BANK5               A0      0       0       5        0.0%
BITBANK6           100      0       0       6        0.0%
BANK6              100      0       0       7        0.0%
BITBANK7           100      0       0       8        0.0%
BANK7              100      0       0       9        0.0%
BITBANK8           100      0       0      10        0.0%
BANK8              100      0       0      11        0.0%
BITBANK9           100      0       0      12        0.0%
BANK9              100      0       0      13        0.0%
BITBANK10          100      0       0      14        0.0%
BANK10             100      0       0      15        0.0%
BITBANK11          100      0       0      16        0.0%
BANK11             100      0       0      17        0.0%
BITBANK12          100      0       0      18        0.0%
BANK12             100      0       0      19        0.0%
BITBIGSFR_1        100      0       0      20        0.0%
BIGRAM             7FF      0       0      21        0.0%
BITBIGSFRhh         29      0       0      22        0.0%
BITBIGSFRhl          D      0       0      23        0.0%
BITBIGSFRlhh         D      0       0      24        0.0%
BITBIGSFRlhlh        A      0       0      25        0.0%
BITBIGSFRlhll       9C      0       0      26        0.0%
BITBIGSFRllhhhh     A3      0       0      27        0.0%
BITBIGSFRllhhhh     CE      0       0      28        0.0%
BITBIGSFRllhhhh      2      0       0      29        0.0%
BITBIGSFRllhhhl      1      0       0      30        0.0%
BITBIGSFRllhlh       3      0       0      31        0.0%
BITBIGSFRllhllh      1      0       0      32        0.0%
BITBIGSFRllhlll      2      0       0      33        0.0%
BITBIGSFRllhlll     77      0       0      34        0.0%
BITBIGSFRlll       211      0       0      35        0.0%
ABS                  0      0       0      36        0.0%
BIGSFR_1             0      0       0     200        0.0%
BIGSFR               0      0       0     200        0.0%
BITSFR_6             0      0       0     200        0.0%
SFR_6                0      0       0     200        0.0%
BITSFR_5             0      0       0     200        0.0%
SFR_5                0      0       0     200        0.0%
BITSFR_4             0      0       0     200        0.0%
SFR_4                0      0       0     200        0.0%
BITSFR_3             0      0       0     200        0.0%
SFR_3                0      0       0     200        0.0%
BITSFR_2             0      0       0     200        0.0%
SFR_2                0      0       0     200        0.0%
BITSFR_1             0      0       0     200        0.0%
SFR_1                0      0       0     200        0.0%
BITSFR               0      0       0     200        0.0%
SFR                  0      0       0     200        0.0%


Microchip Technology PIC18 Macro Assembler V2.41 build 20230208172133 
Symbol Table                                                                                   Thu Jun 22 10:28:12 2023

                     l88 0228                      l848 0228                      _ISR 01F0  
                   ?_ISR 0501                     i2l50 00D8                     i2l51 00F8  
                   i2l60 0142                     i2l52 010A                     i2l53 0174  
                   i2l70 01AA                     i2l63 01BE                     i2l72 01B8  
                   i2l64 0182                     i2l48 01CE                     i2l57 0130  
                   i2l66 0190                     i2l67 0196                     i2l83 0212  
                   i2l77 01EC                     i2l69 01A4                     _main 0228  
                   start 00BA             ___param_bank 0000                    ??_ISR 0503  
                  ?_main 0501                    i2l840 01F0                    i2l770 00E6  
                  i2l842 0200                    i2l780 0128                    i2l772 00F4  
                  i2l764 00BE                    i2l844 020E                    i2l790 0154  
                  i2l774 0106                    i2l766 00C2                    i2l792 0158  
                  i2l776 0118                    i2l768 00D4                    i2l786 013E  
                  i2l778 0126                    i2l796 01CC                    i2l788 0150  
                  i2l798 01DE                    status 04D8          __initialization 0214  
           __end_of_main 022C         __end_of_i2cStart 01EE                   ??_main 0503  
          __activetblptr 0000                   _RC0PPS 0211                   _RC1PPS 0212  
                 i2u1_40 00D4                   i2u1_41 00D0                   i2u2_40 00E6  
                 i2u2_41 00E2                   i2u3_40 00F4                   i2u3_41 00F0  
                 i2u4_40 0106                   i2u4_41 0102                   i2u5_40 0118  
                 i2u5_41 0114                   i2u6_40 0126                   i2u6_41 0122  
                 i2u7_40 013E                   i2u7_41 013A                   i2u8_40 0150  
                 i2u8_41 014C                   i2u9_40 0174                   i2u9_41 0170  
                 isa$std 0001               __accesstop 0560  __end_of__initialization 0222  
          ___rparam_used 0001           __pcstackCOMRAM 0501           ivt0x8_undefint 00B8  
              ?_i2cStart 0501                  IVTBASEH 045E                  IVTBASEL 045D  
                IVTBASEU 045F                  _I2C1RXB 028A                  _I2C1TXB 028B  
                i2u10_40 0182                  i2u10_41 017E                  i2u11_40 0190  
                i2u11_41 018C                  i2u12_40 01A4                  i2u12_41 01A0  
                i2u13_40 01B8                  i2u13_41 01B4                  i2u14_40 01CC  
                i2u14_41 01C8                  i2u15_40 01DE                  i2u15_41 01DA  
                i2u16_40 01EC                  i2u16_41 01E8                  i2u17_40 0200  
                i2u17_41 01FC                  i2u18_40 020E                  i2u18_41 020A  
             ??_i2cStart 0501                  __Hparam 0000                  __Lparam 0000  
                __pcinit 0214                  __ramtop 0E00                  __ptext0 0228  
                __ptext1 01F0                  __ptext2 00BE              _I2C1BTObits 029C  
            _I2C1PIEbits 029B              _I2C1PIRbits 029A     end_of_initialization 0222  
              _TRISCbits 04C8                i2cStart@i 0501      start_initialization 0214  
            __end_of_ISR 0214               ivt0x8_base 0008                 _I2C1ADB0 028E  
               _I2C1ADR0 0290                 _I2C1BTOC 029F                 _IPR7bits 036E  
               _PIE7bits 04AF            _I2C1STAT0bits 0298            _I2C1STAT1bits 0299  
               _PIR7bits 04BA              _INTCON0bits 04D6                 _i2cStart 00BE  
               __Hrparam 0000                 __Lrparam 0000             _I2C1CON0bits 0294  
           _I2C1CON1bits 0295             _I2C1CON2bits 0296                 __pivt0x8 0008  
               isa$xinst 0000               _ODCONCbits 0412                 intlevel2 0000  
